/home/mjmck34/Local_Github_Repo/turtle_ws/install/lab3/lib/python3.10/site-packages/lab3/find_object.py
/home/mjmck34/Local_Github_Repo/turtle_ws/install/lab3/lib/python3.10/site-packages/lab3/get_object_range.py
/home/mjmck34/Local_Github_Repo/turtle_ws/install/lab3/lib/python3.10/site-packages/lab3/chase_object.py
/home/mjmck34/Local_Github_Repo/turtle_ws/install/lab3/lib/python3.10/site-packages/lab3/__init__.py
/home/mjmck34/Local_Github_Repo/turtle_ws/install/lab3/lib/python3.10/site-packages/lab3/camera_debugger.py
/home/mjmck34/Local_Github_Repo/turtle_ws/install/lab3/lib/python3.10/site-packages/lab3/__pycache__/find_object.cpython-310.pyc
/home/mjmck34/Local_Github_Repo/turtle_ws/install/lab3/lib/python3.10/site-packages/lab3/__pycache__/get_object_range.cpython-310.pyc
/home/mjmck34/Local_Github_Repo/turtle_ws/install/lab3/lib/python3.10/site-packages/lab3/__pycache__/chase_object.cpython-310.pyc
/home/mjmck34/Local_Github_Repo/turtle_ws/install/lab3/lib/python3.10/site-packages/lab3/__pycache__/__init__.cpython-310.pyc
/home/mjmck34/Local_Github_Repo/turtle_ws/install/lab3/lib/python3.10/site-packages/lab3/__pycache__/camera_debugger.cpython-310.pyc
/home/mjmck34/Local_Github_Repo/turtle_ws/install/lab3/share/ament_index/resource_index/packages/lab3
/home/mjmck34/Local_Github_Repo/turtle_ws/install/lab3/share/lab3/package.xml
/home/mjmck34/Local_Github_Repo/turtle_ws/install/lab3/lib/python3.10/site-packages/lab3-0.0.0-py3.10.egg-info/SOURCES.txt
/home/mjmck34/Local_Github_Repo/turtle_ws/install/lab3/lib/python3.10/site-packages/lab3-0.0.0-py3.10.egg-info/top_level.txt
/home/mjmck34/Local_Github_Repo/turtle_ws/install/lab3/lib/python3.10/site-packages/lab3-0.0.0-py3.10.egg-info/requires.txt
/home/mjmck34/Local_Github_Repo/turtle_ws/install/lab3/lib/python3.10/site-packages/lab3-0.0.0-py3.10.egg-info/dependency_links.txt
/home/mjmck34/Local_Github_Repo/turtle_ws/install/lab3/lib/python3.10/site-packages/lab3-0.0.0-py3.10.egg-info/zip-safe
/home/mjmck34/Local_Github_Repo/turtle_ws/install/lab3/lib/python3.10/site-packages/lab3-0.0.0-py3.10.egg-info/PKG-INFO
/home/mjmck34/Local_Github_Repo/turtle_ws/install/lab3/lib/python3.10/site-packages/lab3-0.0.0-py3.10.egg-info/entry_points.txt
/home/mjmck34/Local_Github_Repo/turtle_ws/install/lab3/lib/lab3/camera_debugger
/home/mjmck34/Local_Github_Repo/turtle_ws/install/lab3/lib/lab3/chase_object
/home/mjmck34/Local_Github_Repo/turtle_ws/install/lab3/lib/lab3/find_object
/home/mjmck34/Local_Github_Repo/turtle_ws/install/lab3/lib/lab3/get_object_range
