[4.000s] Invoking command in '/home/mjmck34/Local_Github_Repo/turtle_ws/src/lab3': PYTHONPATH=/home/mjmck34/Local_Github_Repo/turtle_ws/build/lab3/prefix_override:/home/mjmck34/Local_Github_Repo/turtle_ws/install/lab3/lib/python3.10/site-packages:${PYTHONPATH} /usr/bin/python3 setup.py egg_info --egg-base ../../build/lab3 build --build-base /home/mjmck34/Local_Github_Repo/turtle_ws/build/lab3/build install --record /home/mjmck34/Local_Github_Repo/turtle_ws/build/lab3/install.log --single-version-externally-managed
[4.782s] running egg_info
[4.807s] writing ../../build/lab3/lab3.egg-info/PKG-INFO
[4.811s] writing dependency_links to ../../build/lab3/lab3.egg-info/dependency_links.txt
[4.811s] writing entry points to ../../build/lab3/lab3.egg-info/entry_points.txt
[4.811s] writing requirements to ../../build/lab3/lab3.egg-info/requires.txt
[4.811s] writing top-level names to ../../build/lab3/lab3.egg-info/top_level.txt
[4.834s] reading manifest file '../../build/lab3/lab3.egg-info/SOURCES.txt'
[4.835s] writing manifest file '../../build/lab3/lab3.egg-info/SOURCES.txt'
[4.835s] running build
[4.835s] running build_py
[4.836s] running install
[4.836s] /usr/lib/python3/dist-packages/setuptools/command/install.py:34: SetuptoolsDeprecationWarning: setup.py install is deprecated. Use build and pip and other standards-based tools.
[4.836s]   warnings.warn(
[4.837s] running install_lib
[4.839s] running install_data
[4.840s] running install_egg_info
[4.844s] removing '/home/mjmck34/Local_Github_Repo/turtle_ws/install/lab3/lib/python3.10/site-packages/lab3-0.0.0-py3.10.egg-info' (and everything under it)
[4.844s] Copying ../../build/lab3/lab3.egg-info to /home/mjmck34/Local_Github_Repo/turtle_ws/install/lab3/lib/python3.10/site-packages/lab3-0.0.0-py3.10.egg-info
[4.849s] running install_scripts
[4.876s] Installing camera_debugger script to /home/mjmck34/Local_Github_Repo/turtle_ws/install/lab3/lib/lab3
[4.909s] Installing chase_object script to /home/mjmck34/Local_Github_Repo/turtle_ws/install/lab3/lib/lab3
[4.912s] Installing find_object script to /home/mjmck34/Local_Github_Repo/turtle_ws/install/lab3/lib/lab3
[4.913s] Installing get_object_range script to /home/mjmck34/Local_Github_Repo/turtle_ws/install/lab3/lib/lab3
[4.913s] writing list of installed files to '/home/mjmck34/Local_Github_Repo/turtle_ws/build/lab3/install.log'
[5.207s] Invoked command in '/home/mjmck34/Local_Github_Repo/turtle_ws/src/lab3' returned '0': PYTHONPATH=/home/mjmck34/Local_Github_Repo/turtle_ws/build/lab3/prefix_override:/home/mjmck34/Local_Github_Repo/turtle_ws/install/lab3/lib/python3.10/site-packages:${PYTHONPATH} /usr/bin/python3 setup.py egg_info --egg-base ../../build/lab3 build --build-base /home/mjmck34/Local_Github_Repo/turtle_ws/build/lab3/build install --record /home/mjmck34/Local_Github_Repo/turtle_ws/build/lab3/install.log --single-version-externally-managed
