[0.639s] Invoking command in '/home/jwcho/Desktop/Turtlebot_Labs/turtle_ws/src/lab2': PYTHONPATH=/home/jwcho/Desktop/Turtlebot_Labs/turtle_ws/build/lab2/prefix_override:/home/jwcho/Desktop/Turtlebot_Labs/turtle_ws/install/lab2/lib/python3.10/site-packages:${PYTHONPATH} /usr/bin/python3 setup.py egg_info --egg-base ../../build/lab2 build --build-base /home/jwcho/Desktop/Turtlebot_Labs/turtle_ws/build/lab2/build install --record /home/jwcho/Desktop/Turtlebot_Labs/turtle_ws/build/lab2/install.log --single-version-externally-managed
[0.814s] running egg_info
[0.814s] writing ../../build/lab2/lab2.egg-info/PKG-INFO
[0.815s] writing dependency_links to ../../build/lab2/lab2.egg-info/dependency_links.txt
[0.815s] writing entry points to ../../build/lab2/lab2.egg-info/entry_points.txt
[0.815s] writing requirements to ../../build/lab2/lab2.egg-info/requires.txt
[0.815s] writing top-level names to ../../build/lab2/lab2.egg-info/top_level.txt
[0.816s] reading manifest file '../../build/lab2/lab2.egg-info/SOURCES.txt'
[0.817s] writing manifest file '../../build/lab2/lab2.egg-info/SOURCES.txt'
[0.817s] running build
[0.817s] running build_py
[0.817s] copying lab2/camera_debugger.py -> /home/jwcho/Desktop/Turtlebot_Labs/turtle_ws/build/lab2/build/lib/lab2
[0.817s] running install
[0.818s] /usr/lib/python3/dist-packages/setuptools/command/install.py:34: SetuptoolsDeprecationWarning: setup.py install is deprecated. Use build and pip and other standards-based tools.
[0.818s]   warnings.warn(
[0.818s] running install_lib
[0.818s] copying /home/jwcho/Desktop/Turtlebot_Labs/turtle_ws/build/lab2/build/lib/lab2/camera_debugger.py -> /home/jwcho/Desktop/Turtlebot_Labs/turtle_ws/install/lab2/lib/python3.10/site-packages/lab2
[0.819s] byte-compiling /home/jwcho/Desktop/Turtlebot_Labs/turtle_ws/install/lab2/lib/python3.10/site-packages/lab2/camera_debugger.py to camera_debugger.cpython-310.pyc
[0.819s] running install_data
[0.820s] running install_egg_info
[0.821s] removing '/home/jwcho/Desktop/Turtlebot_Labs/turtle_ws/install/lab2/lib/python3.10/site-packages/lab2-0.0.0-py3.10.egg-info' (and everything under it)
[0.821s] Copying ../../build/lab2/lab2.egg-info to /home/jwcho/Desktop/Turtlebot_Labs/turtle_ws/install/lab2/lib/python3.10/site-packages/lab2-0.0.0-py3.10.egg-info
[0.822s] running install_scripts
[0.837s] Installing camera_debugger script to /home/jwcho/Desktop/Turtlebot_Labs/turtle_ws/install/lab2/lib/lab2
[0.837s] writing list of installed files to '/home/jwcho/Desktop/Turtlebot_Labs/turtle_ws/build/lab2/install.log'
[0.856s] Invoked command in '/home/jwcho/Desktop/Turtlebot_Labs/turtle_ws/src/lab2' returned '0': PYTHONPATH=/home/jwcho/Desktop/Turtlebot_Labs/turtle_ws/build/lab2/prefix_override:/home/jwcho/Desktop/Turtlebot_Labs/turtle_ws/install/lab2/lib/python3.10/site-packages:${PYTHONPATH} /usr/bin/python3 setup.py egg_info --egg-base ../../build/lab2 build --build-base /home/jwcho/Desktop/Turtlebot_Labs/turtle_ws/build/lab2/build install --record /home/jwcho/Desktop/Turtlebot_Labs/turtle_ws/build/lab2/install.log --single-version-externally-managed
