running egg_info
creating ../build/lab_final/lab_final.egg-info
writing ../build/lab_final/lab_final.egg-info/PKG-INFO
writing dependency_links to ../build/lab_final/lab_final.egg-info/dependency_links.txt
writing entry points to ../build/lab_final/lab_final.egg-info/entry_points.txt
writing requirements to ../build/lab_final/lab_final.egg-info/requires.txt
writing top-level names to ../build/lab_final/lab_final.egg-info/top_level.txt
writing manifest file '../build/lab_final/lab_final.egg-info/SOURCES.txt'
reading manifest file '../build/lab_final/lab_final.egg-info/SOURCES.txt'
writing manifest file '../build/lab_final/lab_final.egg-info/SOURCES.txt'
running build
running build_py
creating /home/mjmck34/Local_Github_Repo/turtle_ws/src/build/lab_final/build
creating /home/mjmck34/Local_Github_Repo/turtle_ws/src/build/lab_final/build/lib
creating /home/mjmck34/Local_Github_Repo/turtle_ws/src/build/lab_final/build/lib/lab_final
copying lab_final/__init__.py -> /home/mjmck34/Local_Github_Repo/turtle_ws/src/build/lab_final/build/lib/lab_final
running install
/usr/lib/python3/dist-packages/setuptools/command/install.py:34: SetuptoolsDeprecationWarning: setup.py install is deprecated. Use build and pip and other standards-based tools.
  warnings.warn(
running install_lib
creating /home/mjmck34/Local_Github_Repo/turtle_ws/src/install/lab_final/lib/python3.10/site-packages/lab_final
copying /home/mjmck34/Local_Github_Repo/turtle_ws/src/build/lab_final/build/lib/lab_final/__init__.py -> /home/mjmck34/Local_Github_Repo/turtle_ws/src/install/lab_final/lib/python3.10/site-packages/lab_final
byte-compiling /home/mjmck34/Local_Github_Repo/turtle_ws/src/install/lab_final/lib/python3.10/site-packages/lab_final/__init__.py to __init__.cpython-310.pyc
running install_data
creating /home/mjmck34/Local_Github_Repo/turtle_ws/src/install/lab_final/share/ament_index
creating /home/mjmck34/Local_Github_Repo/turtle_ws/src/install/lab_final/share/ament_index/resource_index
creating /home/mjmck34/Local_Github_Repo/turtle_ws/src/install/lab_final/share/ament_index/resource_index/packages
copying resource/lab_final -> /home/mjmck34/Local_Github_Repo/turtle_ws/src/install/lab_final/share/ament_index/resource_index/packages
copying package.xml -> /home/mjmck34/Local_Github_Repo/turtle_ws/src/install/lab_final/share/lab_final
running install_egg_info
Copying ../build/lab_final/lab_final.egg-info to /home/mjmck34/Local_Github_Repo/turtle_ws/src/install/lab_final/lib/python3.10/site-packages/lab_final-0.0.0-py3.10.egg-info
running install_scripts
writing list of installed files to '/home/mjmck34/Local_Github_Repo/turtle_ws/src/build/lab_final/install.log'
