[1.708s] Invoking command in '/home/mjmck34/Local_Github_Repo/turtle_ws/src/lab_final': CONDA_PROMPT_MODIFIER=(base) PYTHONPATH=/home/mjmck34/Local_Github_Repo/turtle_ws/src/build/lab_final/prefix_override:/home/mjmck34/Local_Github_Repo/turtle_ws/src/install/lab_final/lib/python3.10/site-packages:${PYTHONPATH} /usr/bin/python3 setup.py egg_info --egg-base ../build/lab_final build --build-base /home/mjmck34/Local_Github_Repo/turtle_ws/src/build/lab_final/build install --record /home/mjmck34/Local_Github_Repo/turtle_ws/src/build/lab_final/install.log --single-version-externally-managed
[2.021s] running egg_info
[2.023s] creating ../build/lab_final/lab_final.egg-info
[2.023s] writing ../build/lab_final/lab_final.egg-info/PKG-INFO
[2.023s] writing dependency_links to ../build/lab_final/lab_final.egg-info/dependency_links.txt
[2.023s] writing entry points to ../build/lab_final/lab_final.egg-info/entry_points.txt
[2.023s] writing requirements to ../build/lab_final/lab_final.egg-info/requires.txt
[2.024s] writing top-level names to ../build/lab_final/lab_final.egg-info/top_level.txt
[2.024s] writing manifest file '../build/lab_final/lab_final.egg-info/SOURCES.txt'
[2.026s] reading manifest file '../build/lab_final/lab_final.egg-info/SOURCES.txt'
[2.027s] writing manifest file '../build/lab_final/lab_final.egg-info/SOURCES.txt'
[2.028s] running build
[2.028s] running build_py
[2.028s] creating /home/mjmck34/Local_Github_Repo/turtle_ws/src/build/lab_final/build
[2.028s] creating /home/mjmck34/Local_Github_Repo/turtle_ws/src/build/lab_final/build/lib
[2.028s] creating /home/mjmck34/Local_Github_Repo/turtle_ws/src/build/lab_final/build/lib/lab_final
[2.028s] copying lab_final/__init__.py -> /home/mjmck34/Local_Github_Repo/turtle_ws/src/build/lab_final/build/lib/lab_final
[2.028s] running install
[2.029s] /usr/lib/python3/dist-packages/setuptools/command/install.py:34: SetuptoolsDeprecationWarning: setup.py install is deprecated. Use build and pip and other standards-based tools.
[2.029s]   warnings.warn(
[2.029s] running install_lib
[2.030s] creating /home/mjmck34/Local_Github_Repo/turtle_ws/src/install/lab_final/lib/python3.10/site-packages/lab_final
[2.030s] copying /home/mjmck34/Local_Github_Repo/turtle_ws/src/build/lab_final/build/lib/lab_final/__init__.py -> /home/mjmck34/Local_Github_Repo/turtle_ws/src/install/lab_final/lib/python3.10/site-packages/lab_final
[2.032s] byte-compiling /home/mjmck34/Local_Github_Repo/turtle_ws/src/install/lab_final/lib/python3.10/site-packages/lab_final/__init__.py to __init__.cpython-310.pyc
[2.032s] running install_data
[2.033s] creating /home/mjmck34/Local_Github_Repo/turtle_ws/src/install/lab_final/share/ament_index
[2.033s] creating /home/mjmck34/Local_Github_Repo/turtle_ws/src/install/lab_final/share/ament_index/resource_index
[2.033s] creating /home/mjmck34/Local_Github_Repo/turtle_ws/src/install/lab_final/share/ament_index/resource_index/packages
[2.033s] copying resource/lab_final -> /home/mjmck34/Local_Github_Repo/turtle_ws/src/install/lab_final/share/ament_index/resource_index/packages
[2.033s] copying package.xml -> /home/mjmck34/Local_Github_Repo/turtle_ws/src/install/lab_final/share/lab_final
[2.033s] running install_egg_info
[2.035s] Copying ../build/lab_final/lab_final.egg-info to /home/mjmck34/Local_Github_Repo/turtle_ws/src/install/lab_final/lib/python3.10/site-packages/lab_final-0.0.0-py3.10.egg-info
[2.036s] running install_scripts
[2.058s] writing list of installed files to '/home/mjmck34/Local_Github_Repo/turtle_ws/src/build/lab_final/install.log'
[2.083s] Invoked command in '/home/mjmck34/Local_Github_Repo/turtle_ws/src/lab_final' returned '0': CONDA_PROMPT_MODIFIER=(base) PYTHONPATH=/home/mjmck34/Local_Github_Repo/turtle_ws/src/build/lab_final/prefix_override:/home/mjmck34/Local_Github_Repo/turtle_ws/src/install/lab_final/lib/python3.10/site-packages:${PYTHONPATH} /usr/bin/python3 setup.py egg_info --egg-base ../build/lab_final build --build-base /home/mjmck34/Local_Github_Repo/turtle_ws/src/build/lab_final/build install --record /home/mjmck34/Local_Github_Repo/turtle_ws/src/build/lab_final/install.log --single-version-externally-managed
