[1.282s] DEBUG:colcon:Command line arguments: ['/usr/bin/colcon', 'build']
[1.282s] DEBUG:colcon:Parsed command line arguments: Namespace(log_base=None, log_level=None, verb_name='build', build_base='build', install_base='install', merge_install=False, symlink_install=False, test_result_base=None, continue_on_error=False, executor='parallel', parallel_workers=5, event_handlers=None, ignore_user_meta=False, metas=['./colcon.meta'], base_paths=['.'], packages_ignore=None, packages_ignore_regex=None, paths=None, packages_up_to=None, packages_up_to_regex=None, packages_above=None, packages_above_and_dependencies=None, packages_above_depth=None, packages_select_by_dep=None, packages_skip_by_dep=None, packages_skip_up_to=None, packages_select_build_failed=False, packages_skip_build_finished=False, packages_select_test_failures=False, packages_skip_test_passed=False, packages_select=None, packages_skip=None, packages_select_regex=None, packages_skip_regex=None, packages_start=None, packages_end=None, allow_overriding=[], cmake_args=None, cmake_target=None, cmake_target_skip_unavailable=False, cmake_clean_cache=False, cmake_clean_first=False, cmake_force_configure=False, ament_cmake_args=None, catkin_cmake_args=None, catkin_skip_building_tests=False, verb_parser=<colcon_defaults.argument_parser.defaults.DefaultArgumentsDecorator object at 0x7fe6c75dfa90>, verb_extension=<colcon_core.verb.build.BuildVerb object at 0x7fe6c75dcb80>, main=<bound method BuildVerb.main of <colcon_core.verb.build.BuildVerb object at 0x7fe6c75dcb80>>)
[1.346s] Level 1:colcon.colcon_core.package_discovery:discover_packages(colcon_meta) check parameters
[1.346s] Level 1:colcon.colcon_core.package_discovery:discover_packages(recursive) check parameters
[1.346s] Level 1:colcon.colcon_core.package_discovery:discover_packages(ignore) check parameters
[1.347s] Level 1:colcon.colcon_core.package_discovery:discover_packages(path) check parameters
[1.347s] Level 1:colcon.colcon_core.package_discovery:discover_packages(colcon_meta) discover
[1.347s] Level 1:colcon.colcon_core.package_discovery:discover_packages(recursive) discover
[1.347s] INFO:colcon.colcon_core.package_discovery:Crawling recursively for packages in '/home/mjmck34/Local_Github_Repo/turtle_ws'
[1.347s] Level 1:colcon.colcon_core.package_identification:_identify(.) by extensions ['ignore', 'ignore_ament_install']
[1.347s] Level 1:colcon.colcon_core.package_identification:_identify(.) by extension 'ignore'
[1.347s] Level 1:colcon.colcon_core.package_identification:_identify(.) by extension 'ignore_ament_install'
[1.347s] Level 1:colcon.colcon_core.package_identification:_identify(.) by extensions ['colcon_pkg']
[1.347s] Level 1:colcon.colcon_core.package_identification:_identify(.) by extension 'colcon_pkg'
[1.347s] Level 1:colcon.colcon_core.package_identification:_identify(.) by extensions ['colcon_meta']
[1.347s] Level 1:colcon.colcon_core.package_identification:_identify(.) by extension 'colcon_meta'
[1.347s] Level 1:colcon.colcon_core.package_identification:_identify(.) by extensions ['ros']
[1.347s] Level 1:colcon.colcon_core.package_identification:_identify(.) by extension 'ros'
[1.359s] Level 1:colcon.colcon_core.package_identification:_identify(.) by extensions ['cmake', 'python']
[1.359s] Level 1:colcon.colcon_core.package_identification:_identify(.) by extension 'cmake'
[1.359s] Level 1:colcon.colcon_core.package_identification:_identify(.) by extension 'python'
[1.359s] Level 1:colcon.colcon_core.package_identification:_identify(.) by extensions ['python_setup_py']
[1.359s] Level 1:colcon.colcon_core.package_identification:_identify(.) by extension 'python_setup_py'
[1.359s] Level 1:colcon.colcon_core.package_identification:_identify(build) by extensions ['ignore', 'ignore_ament_install']
[1.359s] Level 1:colcon.colcon_core.package_identification:_identify(build) by extension 'ignore'
[1.359s] Level 1:colcon.colcon_core.package_identification:_identify(build) ignored
[1.360s] Level 1:colcon.colcon_core.package_identification:_identify(install) by extensions ['ignore', 'ignore_ament_install']
[1.360s] Level 1:colcon.colcon_core.package_identification:_identify(install) by extension 'ignore'
[1.360s] Level 1:colcon.colcon_core.package_identification:_identify(install) ignored
[1.360s] Level 1:colcon.colcon_core.package_identification:_identify(log) by extensions ['ignore', 'ignore_ament_install']
[1.361s] Level 1:colcon.colcon_core.package_identification:_identify(log) by extension 'ignore'
[1.361s] Level 1:colcon.colcon_core.package_identification:_identify(log) ignored
[1.361s] Level 1:colcon.colcon_core.package_identification:_identify(src) by extensions ['ignore', 'ignore_ament_install']
[1.361s] Level 1:colcon.colcon_core.package_identification:_identify(src) by extension 'ignore'
[1.361s] Level 1:colcon.colcon_core.package_identification:_identify(src) by extension 'ignore_ament_install'
[1.361s] Level 1:colcon.colcon_core.package_identification:_identify(src) by extensions ['colcon_pkg']
[1.361s] Level 1:colcon.colcon_core.package_identification:_identify(src) by extension 'colcon_pkg'
[1.361s] Level 1:colcon.colcon_core.package_identification:_identify(src) by extensions ['colcon_meta']
[1.361s] Level 1:colcon.colcon_core.package_identification:_identify(src) by extension 'colcon_meta'
[1.361s] Level 1:colcon.colcon_core.package_identification:_identify(src) by extensions ['ros']
[1.361s] Level 1:colcon.colcon_core.package_identification:_identify(src) by extension 'ros'
[1.361s] Level 1:colcon.colcon_core.package_identification:_identify(src) by extensions ['cmake', 'python']
[1.361s] Level 1:colcon.colcon_core.package_identification:_identify(src) by extension 'cmake'
[1.361s] Level 1:colcon.colcon_core.package_identification:_identify(src) by extension 'python'
[1.361s] Level 1:colcon.colcon_core.package_identification:_identify(src) by extensions ['python_setup_py']
[1.361s] Level 1:colcon.colcon_core.package_identification:_identify(src) by extension 'python_setup_py'
[1.362s] Level 1:colcon.colcon_core.package_identification:_identify(src/lab2) by extensions ['ignore', 'ignore_ament_install']
[1.362s] Level 1:colcon.colcon_core.package_identification:_identify(src/lab2) by extension 'ignore'
[1.362s] Level 1:colcon.colcon_core.package_identification:_identify(src/lab2) by extension 'ignore_ament_install'
[1.362s] Level 1:colcon.colcon_core.package_identification:_identify(src/lab2) by extensions ['colcon_pkg']
[1.362s] Level 1:colcon.colcon_core.package_identification:_identify(src/lab2) by extension 'colcon_pkg'
[1.362s] Level 1:colcon.colcon_core.package_identification:_identify(src/lab2) by extensions ['colcon_meta']
[1.362s] Level 1:colcon.colcon_core.package_identification:_identify(src/lab2) by extension 'colcon_meta'
[1.362s] Level 1:colcon.colcon_core.package_identification:_identify(src/lab2) by extensions ['ros']
[1.362s] Level 1:colcon.colcon_core.package_identification:_identify(src/lab2) by extension 'ros'
[1.364s] DEBUG:colcon.colcon_core.package_identification:Package 'src/lab2' with type 'ros.ament_python' and name 'lab2'
[1.364s] Level 1:colcon.colcon_core.package_identification:_identify(src/lab3) by extensions ['ignore', 'ignore_ament_install']
[1.365s] Level 1:colcon.colcon_core.package_identification:_identify(src/lab3) by extension 'ignore'
[1.365s] Level 1:colcon.colcon_core.package_identification:_identify(src/lab3) by extension 'ignore_ament_install'
[1.365s] Level 1:colcon.colcon_core.package_identification:_identify(src/lab3) by extensions ['colcon_pkg']
[1.365s] Level 1:colcon.colcon_core.package_identification:_identify(src/lab3) by extension 'colcon_pkg'
[1.365s] Level 1:colcon.colcon_core.package_identification:_identify(src/lab3) by extensions ['colcon_meta']
[1.365s] Level 1:colcon.colcon_core.package_identification:_identify(src/lab3) by extension 'colcon_meta'
[1.365s] Level 1:colcon.colcon_core.package_identification:_identify(src/lab3) by extensions ['ros']
[1.365s] Level 1:colcon.colcon_core.package_identification:_identify(src/lab3) by extension 'ros'
[1.366s] DEBUG:colcon.colcon_core.package_identification:Package 'src/lab3' with type 'ros.ament_python' and name 'lab3'
[1.366s] Level 1:colcon.colcon_core.package_discovery:discover_packages(recursive) using defaults
[1.366s] Level 1:colcon.colcon_core.package_discovery:discover_packages(ignore) discover
[1.366s] Level 1:colcon.colcon_core.package_discovery:discover_packages(ignore) using defaults
[1.366s] Level 1:colcon.colcon_core.package_discovery:discover_packages(path) discover
[1.366s] Level 1:colcon.colcon_core.package_discovery:discover_packages(path) using defaults
[1.481s] Level 1:colcon.colcon_core.package_discovery:discover_packages(prefix_path) check parameters
[1.482s] Level 1:colcon.colcon_core.package_discovery:discover_packages(prefix_path) discover
[1.521s] DEBUG:colcon.colcon_installed_package_information.package_discovery:Found 2 installed packages in /home/mjmck34/Local_Github_Repo/turtle_ws/install
[1.540s] DEBUG:colcon.colcon_installed_package_information.package_discovery:Found 3 installed packages in /home/mjmck34/ros2_ws_version2/install
[1.570s] DEBUG:colcon.colcon_installed_package_information.package_discovery:Found 29 installed packages in /home/mjmck34/ros2_ws_Lab2/install
[1.588s] DEBUG:colcon.colcon_installed_package_information.package_discovery:Found 6 installed packages in /home/mjmck34/install
[1.607s] DEBUG:colcon.colcon_installed_package_information.package_discovery:Found 15 installed packages in /home/mjmck34/turtlebot3_ws/install
[1.626s] DEBUG:colcon.colcon_installed_package_information.package_discovery:Found 389 installed packages in /opt/ros/humble
[1.629s] Level 1:colcon.colcon_core.package_discovery:discover_packages(prefix_path) using defaults
[1.746s] Level 5:colcon.colcon_core.verb:set package 'lab2' build argument 'cmake_args' from command line to 'None'
[1.747s] Level 5:colcon.colcon_core.verb:set package 'lab2' build argument 'cmake_target' from command line to 'None'
[1.747s] Level 5:colcon.colcon_core.verb:set package 'lab2' build argument 'cmake_target_skip_unavailable' from command line to 'False'
[1.747s] Level 5:colcon.colcon_core.verb:set package 'lab2' build argument 'cmake_clean_cache' from command line to 'False'
[1.747s] Level 5:colcon.colcon_core.verb:set package 'lab2' build argument 'cmake_clean_first' from command line to 'False'
[1.747s] Level 5:colcon.colcon_core.verb:set package 'lab2' build argument 'cmake_force_configure' from command line to 'False'
[1.747s] Level 5:colcon.colcon_core.verb:set package 'lab2' build argument 'ament_cmake_args' from command line to 'None'
[1.747s] Level 5:colcon.colcon_core.verb:set package 'lab2' build argument 'catkin_cmake_args' from command line to 'None'
[1.747s] Level 5:colcon.colcon_core.verb:set package 'lab2' build argument 'catkin_skip_building_tests' from command line to 'False'
[1.747s] DEBUG:colcon.colcon_core.verb:Building package 'lab2' with the following arguments: {'ament_cmake_args': None, 'build_base': '/home/mjmck34/Local_Github_Repo/turtle_ws/build/lab2', 'catkin_cmake_args': None, 'catkin_skip_building_tests': False, 'cmake_args': None, 'cmake_clean_cache': False, 'cmake_clean_first': False, 'cmake_force_configure': False, 'cmake_target': None, 'cmake_target_skip_unavailable': False, 'install_base': '/home/mjmck34/Local_Github_Repo/turtle_ws/install/lab2', 'merge_install': False, 'path': '/home/mjmck34/Local_Github_Repo/turtle_ws/src/lab2', 'symlink_install': False, 'test_result_base': None}
[1.771s] Level 5:colcon.colcon_core.verb:set package 'lab3' build argument 'cmake_args' from command line to 'None'
[1.771s] Level 5:colcon.colcon_core.verb:set package 'lab3' build argument 'cmake_target' from command line to 'None'
[1.771s] Level 5:colcon.colcon_core.verb:set package 'lab3' build argument 'cmake_target_skip_unavailable' from command line to 'False'
[1.771s] Level 5:colcon.colcon_core.verb:set package 'lab3' build argument 'cmake_clean_cache' from command line to 'False'
[1.771s] Level 5:colcon.colcon_core.verb:set package 'lab3' build argument 'cmake_clean_first' from command line to 'False'
[1.771s] Level 5:colcon.colcon_core.verb:set package 'lab3' build argument 'cmake_force_configure' from command line to 'False'
[1.771s] Level 5:colcon.colcon_core.verb:set package 'lab3' build argument 'ament_cmake_args' from command line to 'None'
[1.772s] Level 5:colcon.colcon_core.verb:set package 'lab3' build argument 'catkin_cmake_args' from command line to 'None'
[1.772s] Level 5:colcon.colcon_core.verb:set package 'lab3' build argument 'catkin_skip_building_tests' from command line to 'False'
[1.772s] DEBUG:colcon.colcon_core.verb:Building package 'lab3' with the following arguments: {'ament_cmake_args': None, 'build_base': '/home/mjmck34/Local_Github_Repo/turtle_ws/build/lab3', 'catkin_cmake_args': None, 'catkin_skip_building_tests': False, 'cmake_args': None, 'cmake_clean_cache': False, 'cmake_clean_first': False, 'cmake_force_configure': False, 'cmake_target': None, 'cmake_target_skip_unavailable': False, 'install_base': '/home/mjmck34/Local_Github_Repo/turtle_ws/install/lab3', 'merge_install': False, 'path': '/home/mjmck34/Local_Github_Repo/turtle_ws/src/lab3', 'symlink_install': False, 'test_result_base': None}
[1.789s] INFO:colcon.colcon_core.executor:Executing jobs using 'parallel' executor
[1.809s] DEBUG:colcon.colcon_parallel_executor.executor.parallel:run_until_complete
[1.809s] INFO:colcon.colcon_ros.task.ament_python.build:Building ROS package in '/home/mjmck34/Local_Github_Repo/turtle_ws/src/lab2' with build type 'ament_python'
[1.810s] Level 1:colcon.colcon_core.shell:create_environment_hook('lab2', 'ament_prefix_path')
[1.831s] INFO:colcon.colcon_core.plugin_system:Skipping extension 'colcon_core.shell.bat': Not used on non-Windows systems
[1.831s] INFO:colcon.colcon_core.shell:Creating environment hook '/home/mjmck34/Local_Github_Repo/turtle_ws/install/lab2/share/lab2/hook/ament_prefix_path.ps1'
[1.832s] INFO:colcon.colcon_core.shell:Creating environment descriptor '/home/mjmck34/Local_Github_Repo/turtle_ws/install/lab2/share/lab2/hook/ament_prefix_path.dsv'
[1.833s] INFO:colcon.colcon_core.shell:Creating environment hook '/home/mjmck34/Local_Github_Repo/turtle_ws/install/lab2/share/lab2/hook/ament_prefix_path.sh'
[1.856s] INFO:colcon.colcon_core.shell:Skip shell extension 'powershell' for command environment: Not usable outside of PowerShell
[1.856s] DEBUG:colcon.colcon_core.shell:Skip shell extension 'dsv' for command environment
[2.005s] INFO:colcon.colcon_ros.task.ament_python.build:Building ROS package in '/home/mjmck34/Local_Github_Repo/turtle_ws/src/lab3' with build type 'ament_python'
[2.006s] Level 1:colcon.colcon_core.shell:create_environment_hook('lab3', 'ament_prefix_path')
[2.031s] INFO:colcon.colcon_core.shell:Creating environment hook '/home/mjmck34/Local_Github_Repo/turtle_ws/install/lab3/share/lab3/hook/ament_prefix_path.ps1'
[2.031s] INFO:colcon.colcon_core.shell:Creating environment descriptor '/home/mjmck34/Local_Github_Repo/turtle_ws/install/lab3/share/lab3/hook/ament_prefix_path.dsv'
[2.032s] INFO:colcon.colcon_core.shell:Creating environment hook '/home/mjmck34/Local_Github_Repo/turtle_ws/install/lab3/share/lab3/hook/ament_prefix_path.sh'
[2.057s] INFO:colcon.colcon_core.shell:Skip shell extension 'powershell' for command environment: Not usable outside of PowerShell
[2.058s] DEBUG:colcon.colcon_core.shell:Skip shell extension 'dsv' for command environment
[2.538s] INFO:colcon.colcon_core.task.python.build:Building Python package in '/home/mjmck34/Local_Github_Repo/turtle_ws/src/lab2'
[2.564s] INFO:colcon.colcon_core.shell:Skip shell extension 'powershell' for command environment: Not usable outside of PowerShell
[2.565s] DEBUG:colcon.colcon_core.shell:Skip shell extension 'dsv' for command environment
[3.023s] INFO:colcon.colcon_core.task.python.build:Building Python package in '/home/mjmck34/Local_Github_Repo/turtle_ws/src/lab3'
[3.042s] INFO:colcon.colcon_core.shell:Skip shell extension 'powershell' for command environment: Not usable outside of PowerShell
[3.042s] DEBUG:colcon.colcon_core.shell:Skip shell extension 'dsv' for command environment
[3.626s] DEBUG:colcon.colcon_core.event_handler.log_command:Invoking command in '/home/mjmck34/Local_Github_Repo/turtle_ws/src/lab2': PYTHONPATH=/home/mjmck34/Local_Github_Repo/turtle_ws/build/lab2/prefix_override:/home/mjmck34/Local_Github_Repo/turtle_ws/install/lab2/lib/python3.10/site-packages:${PYTHONPATH} /usr/bin/python3 setup.py egg_info --egg-base ../../build/lab2 build --build-base /home/mjmck34/Local_Github_Repo/turtle_ws/build/lab2/build install --record /home/mjmck34/Local_Github_Repo/turtle_ws/build/lab2/install.log --single-version-externally-managed
[3.661s] DEBUG:colcon.colcon_core.event_handler.log_command:Invoking command in '/home/mjmck34/Local_Github_Repo/turtle_ws/src/lab3': PYTHONPATH=/home/mjmck34/Local_Github_Repo/turtle_ws/build/lab3/prefix_override:/home/mjmck34/Local_Github_Repo/turtle_ws/install/lab3/lib/python3.10/site-packages:${PYTHONPATH} /usr/bin/python3 setup.py egg_info --egg-base ../../build/lab3 build --build-base /home/mjmck34/Local_Github_Repo/turtle_ws/build/lab3/build install --record /home/mjmck34/Local_Github_Repo/turtle_ws/build/lab3/install.log --single-version-externally-managed
[4.004s] DEBUG:colcon.colcon_core.event_handler.log_command:Invoked command in '/home/mjmck34/Local_Github_Repo/turtle_ws/src/lab2' returned '0': PYTHONPATH=/home/mjmck34/Local_Github_Repo/turtle_ws/build/lab2/prefix_override:/home/mjmck34/Local_Github_Repo/turtle_ws/install/lab2/lib/python3.10/site-packages:${PYTHONPATH} /usr/bin/python3 setup.py egg_info --egg-base ../../build/lab2 build --build-base /home/mjmck34/Local_Github_Repo/turtle_ws/build/lab2/build install --record /home/mjmck34/Local_Github_Repo/turtle_ws/build/lab2/install.log --single-version-externally-managed
[4.026s] Level 1:colcon.colcon_core.environment:checking '/home/mjmck34/Local_Github_Repo/turtle_ws/install/lab2' for CMake module files
[4.035s] Level 1:colcon.colcon_core.environment:checking '/home/mjmck34/Local_Github_Repo/turtle_ws/install/lab2' for CMake config files
[4.039s] Level 1:colcon.colcon_core.environment:checking '/home/mjmck34/Local_Github_Repo/turtle_ws/install/lab2/lib'
[4.051s] Level 1:colcon.colcon_core.environment:checking '/home/mjmck34/Local_Github_Repo/turtle_ws/install/lab2/bin'
[4.053s] Level 1:colcon.colcon_core.environment:checking '/home/mjmck34/Local_Github_Repo/turtle_ws/install/lab2/lib/pkgconfig/lab2.pc'
[4.053s] Level 1:colcon.colcon_core.environment:checking '/home/mjmck34/Local_Github_Repo/turtle_ws/install/lab2/lib/python3.10/site-packages'
[4.053s] Level 1:colcon.colcon_core.shell:create_environment_hook('lab2', 'pythonpath')
[4.073s] INFO:colcon.colcon_core.shell:Creating environment hook '/home/mjmck34/Local_Github_Repo/turtle_ws/install/lab2/share/lab2/hook/pythonpath.ps1'
[4.074s] INFO:colcon.colcon_core.shell:Creating environment descriptor '/home/mjmck34/Local_Github_Repo/turtle_ws/install/lab2/share/lab2/hook/pythonpath.dsv'
[4.075s] INFO:colcon.colcon_core.shell:Creating environment hook '/home/mjmck34/Local_Github_Repo/turtle_ws/install/lab2/share/lab2/hook/pythonpath.sh'
[4.077s] Level 1:colcon.colcon_core.environment:checking '/home/mjmck34/Local_Github_Repo/turtle_ws/install/lab2/bin'
[4.077s] Level 1:colcon.colcon_core.environment:create_environment_scripts_only(lab2)
[4.096s] INFO:colcon.colcon_core.shell:Creating package script '/home/mjmck34/Local_Github_Repo/turtle_ws/install/lab2/share/lab2/package.ps1'
[4.097s] INFO:colcon.colcon_core.shell:Creating package descriptor '/home/mjmck34/Local_Github_Repo/turtle_ws/install/lab2/share/lab2/package.dsv'
[4.098s] INFO:colcon.colcon_core.shell:Creating package script '/home/mjmck34/Local_Github_Repo/turtle_ws/install/lab2/share/lab2/package.sh'
[4.099s] INFO:colcon.colcon_core.shell:Creating package script '/home/mjmck34/Local_Github_Repo/turtle_ws/install/lab2/share/lab2/package.bash'
[4.100s] INFO:colcon.colcon_core.shell:Creating package script '/home/mjmck34/Local_Github_Repo/turtle_ws/install/lab2/share/lab2/package.zsh'
[4.101s] Level 1:colcon.colcon_core.environment:create_file_with_runtime_dependencies(/home/mjmck34/Local_Github_Repo/turtle_ws/install/lab2/share/colcon-core/packages/lab2)
[4.104s] DEBUG:colcon.colcon_core.event_handler.log_command:Invoked command in '/home/mjmck34/Local_Github_Repo/turtle_ws/src/lab3' returned '0': PYTHONPATH=/home/mjmck34/Local_Github_Repo/turtle_ws/build/lab3/prefix_override:/home/mjmck34/Local_Github_Repo/turtle_ws/install/lab3/lib/python3.10/site-packages:${PYTHONPATH} /usr/bin/python3 setup.py egg_info --egg-base ../../build/lab3 build --build-base /home/mjmck34/Local_Github_Repo/turtle_ws/build/lab3/build install --record /home/mjmck34/Local_Github_Repo/turtle_ws/build/lab3/install.log --single-version-externally-managed
[4.133s] Level 1:colcon.colcon_core.environment:checking '/home/mjmck34/Local_Github_Repo/turtle_ws/install/lab3' for CMake module files
[4.134s] Level 1:colcon.colcon_core.environment:checking '/home/mjmck34/Local_Github_Repo/turtle_ws/install/lab3' for CMake config files
[4.134s] Level 1:colcon.colcon_core.environment:checking '/home/mjmck34/Local_Github_Repo/turtle_ws/install/lab3/lib'
[4.135s] Level 1:colcon.colcon_core.environment:checking '/home/mjmck34/Local_Github_Repo/turtle_ws/install/lab3/bin'
[4.135s] Level 1:colcon.colcon_core.environment:checking '/home/mjmck34/Local_Github_Repo/turtle_ws/install/lab3/lib/pkgconfig/lab3.pc'
[4.135s] Level 1:colcon.colcon_core.environment:checking '/home/mjmck34/Local_Github_Repo/turtle_ws/install/lab3/lib/python3.10/site-packages'
[4.135s] Level 1:colcon.colcon_core.shell:create_environment_hook('lab3', 'pythonpath')
[4.159s] INFO:colcon.colcon_core.shell:Creating environment hook '/home/mjmck34/Local_Github_Repo/turtle_ws/install/lab3/share/lab3/hook/pythonpath.ps1'
[4.159s] INFO:colcon.colcon_core.shell:Creating environment descriptor '/home/mjmck34/Local_Github_Repo/turtle_ws/install/lab3/share/lab3/hook/pythonpath.dsv'
[4.160s] INFO:colcon.colcon_core.shell:Creating environment hook '/home/mjmck34/Local_Github_Repo/turtle_ws/install/lab3/share/lab3/hook/pythonpath.sh'
[4.161s] Level 1:colcon.colcon_core.environment:checking '/home/mjmck34/Local_Github_Repo/turtle_ws/install/lab3/bin'
[4.161s] Level 1:colcon.colcon_core.environment:create_environment_scripts_only(lab3)
[4.190s] INFO:colcon.colcon_core.shell:Creating package script '/home/mjmck34/Local_Github_Repo/turtle_ws/install/lab3/share/lab3/package.ps1'
[4.191s] INFO:colcon.colcon_core.shell:Creating package descriptor '/home/mjmck34/Local_Github_Repo/turtle_ws/install/lab3/share/lab3/package.dsv'
[4.192s] INFO:colcon.colcon_core.shell:Creating package script '/home/mjmck34/Local_Github_Repo/turtle_ws/install/lab3/share/lab3/package.sh'
[4.193s] INFO:colcon.colcon_core.shell:Creating package script '/home/mjmck34/Local_Github_Repo/turtle_ws/install/lab3/share/lab3/package.bash'
[4.194s] INFO:colcon.colcon_core.shell:Creating package script '/home/mjmck34/Local_Github_Repo/turtle_ws/install/lab3/share/lab3/package.zsh'
[4.194s] Level 1:colcon.colcon_core.environment:create_file_with_runtime_dependencies(/home/mjmck34/Local_Github_Repo/turtle_ws/install/lab3/share/colcon-core/packages/lab3)
[4.196s] DEBUG:colcon.colcon_parallel_executor.executor.parallel:closing loop
[4.196s] DEBUG:colcon.colcon_parallel_executor.executor.parallel:loop closed
[4.196s] DEBUG:colcon.colcon_parallel_executor.executor.parallel:run_until_complete finished with '0'
[4.196s] DEBUG:colcon.colcon_core.event_reactor:joining thread
[4.223s] INFO:colcon.colcon_core.plugin_system:Skipping extension 'colcon_notification.desktop_notification.terminal_notifier': Not used on non-Darwin systems
[4.223s] INFO:colcon.colcon_core.plugin_system:Skipping extension 'colcon_notification.desktop_notification.win32': Not used on non-Windows systems
[4.223s] INFO:colcon.colcon_notification.desktop_notification:Sending desktop notification using 'notify2'
[4.256s] DEBUG:colcon.colcon_core.event_reactor:joined thread
[4.282s] INFO:colcon.colcon_core.shell:Creating prefix script '/home/mjmck34/Local_Github_Repo/turtle_ws/install/local_setup.ps1'
[4.286s] INFO:colcon.colcon_core.shell:Creating prefix util module '/home/mjmck34/Local_Github_Repo/turtle_ws/install/_local_setup_util_ps1.py'
[4.288s] INFO:colcon.colcon_core.shell:Creating prefix chain script '/home/mjmck34/Local_Github_Repo/turtle_ws/install/setup.ps1'
[4.310s] INFO:colcon.colcon_core.shell:Creating prefix script '/home/mjmck34/Local_Github_Repo/turtle_ws/install/local_setup.sh'
[4.311s] INFO:colcon.colcon_core.shell:Creating prefix util module '/home/mjmck34/Local_Github_Repo/turtle_ws/install/_local_setup_util_sh.py'
[4.312s] INFO:colcon.colcon_core.shell:Creating prefix chain script '/home/mjmck34/Local_Github_Repo/turtle_ws/install/setup.sh'
[4.334s] INFO:colcon.colcon_core.shell:Creating prefix script '/home/mjmck34/Local_Github_Repo/turtle_ws/install/local_setup.bash'
[4.335s] INFO:colcon.colcon_core.shell:Creating prefix chain script '/home/mjmck34/Local_Github_Repo/turtle_ws/install/setup.bash'
[4.359s] INFO:colcon.colcon_core.shell:Creating prefix script '/home/mjmck34/Local_Github_Repo/turtle_ws/install/local_setup.zsh'
[4.360s] INFO:colcon.colcon_core.shell:Creating prefix chain script '/home/mjmck34/Local_Github_Repo/turtle_ws/install/setup.zsh'
