running egg_info
creating ../../build/lab4/lab4.egg-info
writing ../../build/lab4/lab4.egg-info/PKG-INFO
writing dependency_links to ../../build/lab4/lab4.egg-info/dependency_links.txt
writing entry points to ../../build/lab4/lab4.egg-info/entry_points.txt
writing requirements to ../../build/lab4/lab4.egg-info/requires.txt
writing top-level names to ../../build/lab4/lab4.egg-info/top_level.txt
writing manifest file '../../build/lab4/lab4.egg-info/SOURCES.txt'
reading manifest file '../../build/lab4/lab4.egg-info/SOURCES.txt'
writing manifest file '../../build/lab4/lab4.egg-info/SOURCES.txt'
running build
running build_py
creating /home/mjmck34/Local_Github_Repo/turtle_ws/build/lab4/build
creating /home/mjmck34/Local_Github_Repo/turtle_ws/build/lab4/build/lib
creating /home/mjmck34/Local_Github_Repo/turtle_ws/build/lab4/build/lib/lab4
copying lab4/__init__.py -> /home/mjmck34/Local_Github_Repo/turtle_ws/build/lab4/build/lib/lab4
running install
running install_lib
creating /home/mjmck34/Local_Github_Repo/turtle_ws/install/lab4/lib/python3.10/site-packages/lab4
copying /home/mjmck34/Local_Github_Repo/turtle_ws/build/lab4/build/lib/lab4/__init__.py -> /home/mjmck34/Local_Github_Repo/turtle_ws/install/lab4/lib/python3.10/site-packages/lab4
byte-compiling /home/mjmck34/Local_Github_Repo/turtle_ws/install/lab4/lib/python3.10/site-packages/lab4/__init__.py to __init__.cpython-310.pyc
running install_data
creating /home/mjmck34/Local_Github_Repo/turtle_ws/install/lab4/share/ament_index
creating /home/mjmck34/Local_Github_Repo/turtle_ws/install/lab4/share/ament_index/resource_index
creating /home/mjmck34/Local_Github_Repo/turtle_ws/install/lab4/share/ament_index/resource_index/packages
copying resource/lab4 -> /home/mjmck34/Local_Github_Repo/turtle_ws/install/lab4/share/ament_index/resource_index/packages
copying package.xml -> /home/mjmck34/Local_Github_Repo/turtle_ws/install/lab4/share/lab4
running install_egg_info
Copying ../../build/lab4/lab4.egg-info to /home/mjmck34/Local_Github_Repo/turtle_ws/install/lab4/lib/python3.10/site-packages/lab4-0.0.0-py3.10.egg-info
running install_scripts
writing list of installed files to '/home/mjmck34/Local_Github_Repo/turtle_ws/build/lab4/install.log'
