[2.703s] Invoking command in '/home/mjmck34/Local_Github_Repo/turtle_ws/src/lab2': PYTHONPATH=/home/mjmck34/Local_Github_Repo/turtle_ws/build/lab2/prefix_override:/home/mjmck34/Local_Github_Repo/turtle_ws/install/lab2/lib/python3.10/site-packages:${PYTHONPATH} /usr/bin/python3 setup.py egg_info --egg-base ../../build/lab2 build --build-base /home/mjmck34/Local_Github_Repo/turtle_ws/build/lab2/build install --record /home/mjmck34/Local_Github_Repo/turtle_ws/build/lab2/install.log --single-version-externally-managed
[3.019s] running egg_info
[3.020s] writing ../../build/lab2/lab2.egg-info/PKG-INFO
[3.021s] writing dependency_links to ../../build/lab2/lab2.egg-info/dependency_links.txt
[3.022s] writing entry points to ../../build/lab2/lab2.egg-info/entry_points.txt
[3.024s] writing requirements to ../../build/lab2/lab2.egg-info/requires.txt
[3.024s] writing top-level names to ../../build/lab2/lab2.egg-info/top_level.txt
[3.025s] reading manifest file '../../build/lab2/lab2.egg-info/SOURCES.txt'
[3.026s] writing manifest file '../../build/lab2/lab2.egg-info/SOURCES.txt'
[3.027s] running build
[3.027s] running build_py
[3.027s] running install
[3.027s] /usr/lib/python3/dist-packages/setuptools/command/install.py:34: SetuptoolsDeprecationWarning: setup.py install is deprecated. Use build and pip and other standards-based tools.
[3.027s]   warnings.warn(
[3.027s] running install_lib
[3.029s] running install_data
[3.030s] running install_egg_info
[3.032s] removing '/home/mjmck34/Local_Github_Repo/turtle_ws/install/lab2/lib/python3.10/site-packages/lab2-0.0.0-py3.10.egg-info' (and everything under it)
[3.033s] Copying ../../build/lab2/lab2.egg-info to /home/mjmck34/Local_Github_Repo/turtle_ws/install/lab2/lib/python3.10/site-packages/lab2-0.0.0-py3.10.egg-info
[3.034s] running install_scripts
[3.059s] Installing camera_debugger script to /home/mjmck34/Local_Github_Repo/turtle_ws/install/lab2/lib/lab2
[3.059s] Installing find_object script to /home/mjmck34/Local_Github_Repo/turtle_ws/install/lab2/lib/lab2
[3.060s] Installing get_object_range script to /home/mjmck34/Local_Github_Repo/turtle_ws/install/lab2/lib/lab2
[3.061s] Installing rotate_robot script to /home/mjmck34/Local_Github_Repo/turtle_ws/install/lab2/lib/lab2
[3.061s] writing list of installed files to '/home/mjmck34/Local_Github_Repo/turtle_ws/build/lab2/install.log'
[3.102s] Invoked command in '/home/mjmck34/Local_Github_Repo/turtle_ws/src/lab2' returned '0': PYTHONPATH=/home/mjmck34/Local_Github_Repo/turtle_ws/build/lab2/prefix_override:/home/mjmck34/Local_Github_Repo/turtle_ws/install/lab2/lib/python3.10/site-packages:${PYTHONPATH} /usr/bin/python3 setup.py egg_info --egg-base ../../build/lab2 build --build-base /home/mjmck34/Local_Github_Repo/turtle_ws/build/lab2/build install --record /home/mjmck34/Local_Github_Repo/turtle_ws/build/lab2/install.log --single-version-externally-managed
