running egg_info
creating ../../build/lab3/lab3.egg-info
writing ../../build/lab3/lab3.egg-info/PKG-INFO
writing dependency_links to ../../build/lab3/lab3.egg-info/dependency_links.txt
writing entry points to ../../build/lab3/lab3.egg-info/entry_points.txt
writing requirements to ../../build/lab3/lab3.egg-info/requires.txt
writing top-level names to ../../build/lab3/lab3.egg-info/top_level.txt
writing manifest file '../../build/lab3/lab3.egg-info/SOURCES.txt'
reading manifest file '../../build/lab3/lab3.egg-info/SOURCES.txt'
writing manifest file '../../build/lab3/lab3.egg-info/SOURCES.txt'
running build
running build_py
creating /home/mjmck34/Local_Github_Repo/turtle_ws/build/lab3/build
creating /home/mjmck34/Local_Github_Repo/turtle_ws/build/lab3/build/lib
creating /home/mjmck34/Local_Github_Repo/turtle_ws/build/lab3/build/lib/lab3
copying lab3/__init__.py -> /home/mjmck34/Local_Github_Repo/turtle_ws/build/lab3/build/lib/lab3
running install
running install_lib
creating /home/mjmck34/Local_Github_Repo/turtle_ws/install/lab3/lib/python3.10/site-packages/lab3
copying /home/mjmck34/Local_Github_Repo/turtle_ws/build/lab3/build/lib/lab3/__init__.py -> /home/mjmck34/Local_Github_Repo/turtle_ws/install/lab3/lib/python3.10/site-packages/lab3
byte-compiling /home/mjmck34/Local_Github_Repo/turtle_ws/install/lab3/lib/python3.10/site-packages/lab3/__init__.py to __init__.cpython-310.pyc
running install_data
creating /home/mjmck34/Local_Github_Repo/turtle_ws/install/lab3/share/ament_index
creating /home/mjmck34/Local_Github_Repo/turtle_ws/install/lab3/share/ament_index/resource_index
creating /home/mjmck34/Local_Github_Repo/turtle_ws/install/lab3/share/ament_index/resource_index/packages
copying resource/lab3 -> /home/mjmck34/Local_Github_Repo/turtle_ws/install/lab3/share/ament_index/resource_index/packages
copying package.xml -> /home/mjmck34/Local_Github_Repo/turtle_ws/install/lab3/share/lab3
running install_egg_info
Copying ../../build/lab3/lab3.egg-info to /home/mjmck34/Local_Github_Repo/turtle_ws/install/lab3/lib/python3.10/site-packages/lab3-0.0.0-py3.10.egg-info
running install_scripts
writing list of installed files to '/home/mjmck34/Local_Github_Repo/turtle_ws/build/lab3/install.log'
