running egg_info
writing ../../build/lab4/lab4.egg-info/PKG-INFO
writing dependency_links to ../../build/lab4/lab4.egg-info/dependency_links.txt
writing entry points to ../../build/lab4/lab4.egg-info/entry_points.txt
writing requirements to ../../build/lab4/lab4.egg-info/requires.txt
writing top-level names to ../../build/lab4/lab4.egg-info/top_level.txt
reading manifest file '../../build/lab4/lab4.egg-info/SOURCES.txt'
writing manifest file '../../build/lab4/lab4.egg-info/SOURCES.txt'
running build
running build_py
copying lab4/print_fixed_odometry.py -> /home/mjmck34/Local_Github_Repo/turtle_ws/build/lab4/build/lib/lab4
copying lab4/go_to_goal.py -> /home/mjmck34/Local_Github_Repo/turtle_ws/build/lab4/build/lib/lab4
copying lab4/go_to_goal copy.py -> /home/mjmck34/Local_Github_Repo/turtle_ws/build/lab4/build/lib/lab4
copying lab4/get_object_range.py -> /home/mjmck34/Local_Github_Repo/turtle_ws/build/lab4/build/lib/lab4
running install
running install_lib
copying /home/mjmck34/Local_Github_Repo/turtle_ws/build/lab4/build/lib/lab4/print_fixed_odometry.py -> /home/mjmck34/Local_Github_Repo/turtle_ws/install/lab4/lib/python3.10/site-packages/lab4
copying /home/mjmck34/Local_Github_Repo/turtle_ws/build/lab4/build/lib/lab4/go_to_goal.py -> /home/mjmck34/Local_Github_Repo/turtle_ws/install/lab4/lib/python3.10/site-packages/lab4
copying /home/mjmck34/Local_Github_Repo/turtle_ws/build/lab4/build/lib/lab4/go_to_goal copy.py -> /home/mjmck34/Local_Github_Repo/turtle_ws/install/lab4/lib/python3.10/site-packages/lab4
copying /home/mjmck34/Local_Github_Repo/turtle_ws/build/lab4/build/lib/lab4/get_object_range.py -> /home/mjmck34/Local_Github_Repo/turtle_ws/install/lab4/lib/python3.10/site-packages/lab4
byte-compiling /home/mjmck34/Local_Github_Repo/turtle_ws/install/lab4/lib/python3.10/site-packages/lab4/print_fixed_odometry.py to print_fixed_odometry.cpython-310.pyc
byte-compiling /home/mjmck34/Local_Github_Repo/turtle_ws/install/lab4/lib/python3.10/site-packages/lab4/go_to_goal.py to go_to_goal.cpython-310.pyc
byte-compiling /home/mjmck34/Local_Github_Repo/turtle_ws/install/lab4/lib/python3.10/site-packages/lab4/go_to_goal copy.py to go_to_goal copy.cpython-310.pyc
byte-compiling /home/mjmck34/Local_Github_Repo/turtle_ws/install/lab4/lib/python3.10/site-packages/lab4/get_object_range.py to get_object_range.cpython-310.pyc
running install_data
running install_egg_info
removing '/home/mjmck34/Local_Github_Repo/turtle_ws/install/lab4/lib/python3.10/site-packages/lab4-0.0.0-py3.10.egg-info' (and everything under it)
Copying ../../build/lab4/lab4.egg-info to /home/mjmck34/Local_Github_Repo/turtle_ws/install/lab4/lib/python3.10/site-packages/lab4-0.0.0-py3.10.egg-info
running install_scripts
Installing get_object_range script to /home/mjmck34/Local_Github_Repo/turtle_ws/install/lab4/lib/lab4
Installing print_fixed_odometry script to /home/mjmck34/Local_Github_Repo/turtle_ws/install/lab4/lib/lab4
Installing rotation_script script to /home/mjmck34/Local_Github_Repo/turtle_ws/install/lab4/lib/lab4
writing list of installed files to '/home/mjmck34/Local_Github_Repo/turtle_ws/build/lab4/install.log'
