[1.587s] Invoking command in '/home/mjmck34/Local_Github_Repo/turtle_ws/src/lab3': PYTHONPATH=/home/mjmck34/Local_Github_Repo/turtle_ws/build/lab3/prefix_override:/home/mjmck34/Local_Github_Repo/turtle_ws/install/lab3/lib/python3.10/site-packages:${PYTHONPATH} /usr/bin/python3 setup.py egg_info --egg-base ../../build/lab3 build --build-base /home/mjmck34/Local_Github_Repo/turtle_ws/build/lab3/build install --record /home/mjmck34/Local_Github_Repo/turtle_ws/build/lab3/install.log --single-version-externally-managed
[1.890s] running egg_info
[1.890s] writing ../../build/lab3/lab3.egg-info/PKG-INFO
[1.892s] writing dependency_links to ../../build/lab3/lab3.egg-info/dependency_links.txt
[1.892s] writing entry points to ../../build/lab3/lab3.egg-info/entry_points.txt
[1.893s] writing requirements to ../../build/lab3/lab3.egg-info/requires.txt
[1.893s] writing top-level names to ../../build/lab3/lab3.egg-info/top_level.txt
[1.904s] reading manifest file '../../build/lab3/lab3.egg-info/SOURCES.txt'
[1.904s] writing manifest file '../../build/lab3/lab3.egg-info/SOURCES.txt'
[1.906s] /usr/lib/python3/dist-packages/setuptools/command/install.py:34: SetuptoolsDeprecationWarning: setup.py install is deprecated. Use build and pip and other standards-based tools.
[1.907s]   warnings.warn(
[1.907s] running build
[1.907s] running build_py
[1.907s] running install
[1.907s] running install_lib
[1.911s] running install_data
[1.911s] running install_egg_info
[1.914s] removing '/home/mjmck34/Local_Github_Repo/turtle_ws/install/lab3/lib/python3.10/site-packages/lab3-0.0.0-py3.10.egg-info' (and everything under it)
[1.914s] Copying ../../build/lab3/lab3.egg-info to /home/mjmck34/Local_Github_Repo/turtle_ws/install/lab3/lib/python3.10/site-packages/lab3-0.0.0-py3.10.egg-info
[1.915s] running install_scripts
[1.947s] Installing camera_debugger script to /home/mjmck34/Local_Github_Repo/turtle_ws/install/lab3/lib/lab3
[1.947s] Installing find_object script to /home/mjmck34/Local_Github_Repo/turtle_ws/install/lab3/lib/lab3
[1.953s] Installing get_object_range script to /home/mjmck34/Local_Github_Repo/turtle_ws/install/lab3/lib/lab3
[1.953s] Installing rotate_robot script to /home/mjmck34/Local_Github_Repo/turtle_ws/install/lab3/lib/lab3
[1.953s] writing list of installed files to '/home/mjmck34/Local_Github_Repo/turtle_ws/build/lab3/install.log'
[2.026s] Invoked command in '/home/mjmck34/Local_Github_Repo/turtle_ws/src/lab3' returned '0': PYTHONPATH=/home/mjmck34/Local_Github_Repo/turtle_ws/build/lab3/prefix_override:/home/mjmck34/Local_Github_Repo/turtle_ws/install/lab3/lib/python3.10/site-packages:${PYTHONPATH} /usr/bin/python3 setup.py egg_info --egg-base ../../build/lab3 build --build-base /home/mjmck34/Local_Github_Repo/turtle_ws/build/lab3/build install --record /home/mjmck34/Local_Github_Repo/turtle_ws/build/lab3/install.log --single-version-externally-managed
