[1.185s] Invoking command in '/home/mjmck34/Local_Github_Repo/turtle_ws/src/lab2': PYTHONPATH=/home/mjmck34/Local_Github_Repo/turtle_ws/build/lab2/prefix_override:/home/mjmck34/Local_Github_Repo/turtle_ws/install/lab2/lib/python3.10/site-packages:${PYTHONPATH} /usr/bin/python3 setup.py egg_info --egg-base ../../build/lab2 build --build-base /home/mjmck34/Local_Github_Repo/turtle_ws/build/lab2/build install --record /home/mjmck34/Local_Github_Repo/turtle_ws/build/lab2/install.log --single-version-externally-managed
[1.488s] running egg_info
[1.489s] writing ../../build/lab2/lab2.egg-info/PKG-INFO
[1.489s] writing dependency_links to ../../build/lab2/lab2.egg-info/dependency_links.txt
[1.490s] writing entry points to ../../build/lab2/lab2.egg-info/entry_points.txt
[1.491s] writing requirements to ../../build/lab2/lab2.egg-info/requires.txt
[1.492s] writing top-level names to ../../build/lab2/lab2.egg-info/top_level.txt
[1.494s] reading manifest file '../../build/lab2/lab2.egg-info/SOURCES.txt'
[1.495s] writing manifest file '../../build/lab2/lab2.egg-info/SOURCES.txt'
[1.495s] running build
[1.496s] running build_py
[1.496s] copying lab2/find_object.py -> /home/mjmck34/Local_Github_Repo/turtle_ws/build/lab2/build/lib/lab2
[1.496s] copying lab2/rotate_robot.py -> /home/mjmck34/Local_Github_Repo/turtle_ws/build/lab2/build/lib/lab2
[1.497s] running install
[1.497s] /usr/lib/python3/dist-packages/setuptools/command/install.py:34: SetuptoolsDeprecationWarning: setup.py install is deprecated. Use build and pip and other standards-based tools.
[1.497s]   warnings.warn(
[1.497s] running install_lib
[1.499s] copying /home/mjmck34/Local_Github_Repo/turtle_ws/build/lab2/build/lib/lab2/find_object.py -> /home/mjmck34/Local_Github_Repo/turtle_ws/install/lab2/lib/python3.10/site-packages/lab2
[1.499s] copying /home/mjmck34/Local_Github_Repo/turtle_ws/build/lab2/build/lib/lab2/rotate_robot.py -> /home/mjmck34/Local_Github_Repo/turtle_ws/install/lab2/lib/python3.10/site-packages/lab2
[1.500s] byte-compiling /home/mjmck34/Local_Github_Repo/turtle_ws/install/lab2/lib/python3.10/site-packages/lab2/find_object.py to find_object.cpython-310.pyc
[1.502s] byte-compiling /home/mjmck34/Local_Github_Repo/turtle_ws/install/lab2/lib/python3.10/site-packages/lab2/rotate_robot.py to rotate_robot.cpython-310.pyc
[1.502s] running install_data
[1.503s] running install_egg_info
[1.505s] removing '/home/mjmck34/Local_Github_Repo/turtle_ws/install/lab2/lib/python3.10/site-packages/lab2-0.0.0-py3.10.egg-info' (and everything under it)
[1.511s] Copying ../../build/lab2/lab2.egg-info to /home/mjmck34/Local_Github_Repo/turtle_ws/install/lab2/lib/python3.10/site-packages/lab2-0.0.0-py3.10.egg-info
[1.512s] running install_scripts
[1.534s] Installing camera_debugger script to /home/mjmck34/Local_Github_Repo/turtle_ws/install/lab2/lib/lab2
[1.534s] Installing find_object script to /home/mjmck34/Local_Github_Repo/turtle_ws/install/lab2/lib/lab2
[1.534s] Installing rotate_robot script to /home/mjmck34/Local_Github_Repo/turtle_ws/install/lab2/lib/lab2
[1.535s] writing list of installed files to '/home/mjmck34/Local_Github_Repo/turtle_ws/build/lab2/install.log'
[1.569s] Invoked command in '/home/mjmck34/Local_Github_Repo/turtle_ws/src/lab2' returned '0': PYTHONPATH=/home/mjmck34/Local_Github_Repo/turtle_ws/build/lab2/prefix_override:/home/mjmck34/Local_Github_Repo/turtle_ws/install/lab2/lib/python3.10/site-packages:${PYTHONPATH} /usr/bin/python3 setup.py egg_info --egg-base ../../build/lab2 build --build-base /home/mjmck34/Local_Github_Repo/turtle_ws/build/lab2/build install --record /home/mjmck34/Local_Github_Repo/turtle_ws/build/lab2/install.log --single-version-externally-managed
