[2.463s] Invoking command in '/home/mjmck34/Local_Github_Repo/turtle_ws/src/lab3': PYTHONPATH=/home/mjmck34/Local_Github_Repo/turtle_ws/build/lab3/prefix_override:/home/mjmck34/Local_Github_Repo/turtle_ws/install/lab3/lib/python3.10/site-packages:${PYTHONPATH} /usr/bin/python3 setup.py egg_info --egg-base ../../build/lab3 build --build-base /home/mjmck34/Local_Github_Repo/turtle_ws/build/lab3/build install --record /home/mjmck34/Local_Github_Repo/turtle_ws/build/lab3/install.log --single-version-externally-managed
[2.783s] running egg_info
[2.792s] writing ../../build/lab3/lab3.egg-info/PKG-INFO
[2.793s] writing dependency_links to ../../build/lab3/lab3.egg-info/dependency_links.txt
[2.793s] writing entry points to ../../build/lab3/lab3.egg-info/entry_points.txt
[2.793s] writing requirements to ../../build/lab3/lab3.egg-info/requires.txt
[2.793s] writing top-level names to ../../build/lab3/lab3.egg-info/top_level.txt
[2.800s] reading manifest file '../../build/lab3/lab3.egg-info/SOURCES.txt'
[2.800s] writing manifest file '../../build/lab3/lab3.egg-info/SOURCES.txt'
[2.800s] running build
[2.800s] running build_py
[2.803s] running install
[2.804s] running install_lib
[2.804s] /usr/lib/python3/dist-packages/setuptools/command/install.py:34: SetuptoolsDeprecationWarning: setup.py install is deprecated. Use build and pip and other standards-based tools.
[2.804s]   warnings.warn(
[2.807s] running install_data
[2.807s] running install_egg_info
[2.811s] removing '/home/mjmck34/Local_Github_Repo/turtle_ws/install/lab3/lib/python3.10/site-packages/lab3-0.0.0-py3.10.egg-info' (and everything under it)
[2.811s] Copying ../../build/lab3/lab3.egg-info to /home/mjmck34/Local_Github_Repo/turtle_ws/install/lab3/lib/python3.10/site-packages/lab3-0.0.0-py3.10.egg-info
[2.812s] running install_scripts
[2.835s] Installing camera_debugger script to /home/mjmck34/Local_Github_Repo/turtle_ws/install/lab3/lib/lab3
[2.835s] Installing chase_object script to /home/mjmck34/Local_Github_Repo/turtle_ws/install/lab3/lib/lab3
[2.835s] Installing find_object script to /home/mjmck34/Local_Github_Repo/turtle_ws/install/lab3/lib/lab3
[2.839s] Installing get_object_range script to /home/mjmck34/Local_Github_Repo/turtle_ws/install/lab3/lib/lab3
[2.840s] writing list of installed files to '/home/mjmck34/Local_Github_Repo/turtle_ws/build/lab3/install.log'
[2.934s] Invoked command in '/home/mjmck34/Local_Github_Repo/turtle_ws/src/lab3' returned '0': PYTHONPATH=/home/mjmck34/Local_Github_Repo/turtle_ws/build/lab3/prefix_override:/home/mjmck34/Local_Github_Repo/turtle_ws/install/lab3/lib/python3.10/site-packages:${PYTHONPATH} /usr/bin/python3 setup.py egg_info --egg-base ../../build/lab3 build --build-base /home/mjmck34/Local_Github_Repo/turtle_ws/build/lab3/build install --record /home/mjmck34/Local_Github_Repo/turtle_ws/build/lab3/install.log --single-version-externally-managed
