[1.897s] DEBUG:colcon:Command line arguments: ['/usr/bin/colcon', 'build']
[1.897s] DEBUG:colcon:Parsed command line arguments: Namespace(log_base=None, log_level=None, verb_name='build', build_base='build', install_base='install', merge_install=False, symlink_install=False, test_result_base=None, continue_on_error=False, executor='parallel', parallel_workers=5, event_handlers=None, ignore_user_meta=False, metas=['./colcon.meta'], base_paths=['.'], packages_ignore=None, packages_ignore_regex=None, paths=None, packages_up_to=None, packages_up_to_regex=None, packages_above=None, packages_above_and_dependencies=None, packages_above_depth=None, packages_select_by_dep=None, packages_skip_by_dep=None, packages_skip_up_to=None, packages_select_build_failed=False, packages_skip_build_finished=False, packages_select_test_failures=False, packages_skip_test_passed=False, packages_select=None, packages_skip=None, packages_select_regex=None, packages_skip_regex=None, packages_start=None, packages_end=None, allow_overriding=[], cmake_args=None, cmake_target=None, cmake_target_skip_unavailable=False, cmake_clean_cache=False, cmake_clean_first=False, cmake_force_configure=False, ament_cmake_args=None, catkin_cmake_args=None, catkin_skip_building_tests=False, verb_parser=<colcon_defaults.argument_parser.defaults.DefaultArgumentsDecorator object at 0x7f97afdb6890>, verb_extension=<colcon_core.verb.build.BuildVerb object at 0x7f97afdb4100>, main=<bound method BuildVerb.main of <colcon_core.verb.build.BuildVerb object at 0x7f97afdb4100>>)
[1.976s] Level 1:colcon.colcon_core.package_discovery:discover_packages(colcon_meta) check parameters
[1.977s] Level 1:colcon.colcon_core.package_discovery:discover_packages(recursive) check parameters
[1.977s] Level 1:colcon.colcon_core.package_discovery:discover_packages(ignore) check parameters
[1.977s] Level 1:colcon.colcon_core.package_discovery:discover_packages(path) check parameters
[1.977s] Level 1:colcon.colcon_core.package_discovery:discover_packages(colcon_meta) discover
[1.977s] Level 1:colcon.colcon_core.package_discovery:discover_packages(recursive) discover
[1.977s] INFO:colcon.colcon_core.package_discovery:Crawling recursively for packages in '/home/mjmck34/Local_Github_Repo/turtle_ws'
[1.977s] Level 1:colcon.colcon_core.package_identification:_identify(.) by extensions ['ignore', 'ignore_ament_install']
[1.977s] Level 1:colcon.colcon_core.package_identification:_identify(.) by extension 'ignore'
[1.977s] Level 1:colcon.colcon_core.package_identification:_identify(.) by extension 'ignore_ament_install'
[1.977s] Level 1:colcon.colcon_core.package_identification:_identify(.) by extensions ['colcon_pkg']
[1.977s] Level 1:colcon.colcon_core.package_identification:_identify(.) by extension 'colcon_pkg'
[1.977s] Level 1:colcon.colcon_core.package_identification:_identify(.) by extensions ['colcon_meta']
[1.977s] Level 1:colcon.colcon_core.package_identification:_identify(.) by extension 'colcon_meta'
[1.977s] Level 1:colcon.colcon_core.package_identification:_identify(.) by extensions ['ros']
[1.978s] Level 1:colcon.colcon_core.package_identification:_identify(.) by extension 'ros'
[2.000s] Level 1:colcon.colcon_core.package_identification:_identify(.) by extensions ['cmake', 'python']
[2.000s] Level 1:colcon.colcon_core.package_identification:_identify(.) by extension 'cmake'
[2.000s] Level 1:colcon.colcon_core.package_identification:_identify(.) by extension 'python'
[2.000s] Level 1:colcon.colcon_core.package_identification:_identify(.) by extensions ['python_setup_py']
[2.000s] Level 1:colcon.colcon_core.package_identification:_identify(.) by extension 'python_setup_py'
[2.000s] Level 1:colcon.colcon_core.package_identification:_identify(build) by extensions ['ignore', 'ignore_ament_install']
[2.000s] Level 1:colcon.colcon_core.package_identification:_identify(build) by extension 'ignore'
[2.000s] Level 1:colcon.colcon_core.package_identification:_identify(build) ignored
[2.001s] Level 1:colcon.colcon_core.package_identification:_identify(install) by extensions ['ignore', 'ignore_ament_install']
[2.001s] Level 1:colcon.colcon_core.package_identification:_identify(install) by extension 'ignore'
[2.001s] Level 1:colcon.colcon_core.package_identification:_identify(install) ignored
[2.001s] Level 1:colcon.colcon_core.package_identification:_identify(log) by extensions ['ignore', 'ignore_ament_install']
[2.001s] Level 1:colcon.colcon_core.package_identification:_identify(log) by extension 'ignore'
[2.001s] Level 1:colcon.colcon_core.package_identification:_identify(log) ignored
[2.001s] Level 1:colcon.colcon_core.package_identification:_identify(src) by extensions ['ignore', 'ignore_ament_install']
[2.001s] Level 1:colcon.colcon_core.package_identification:_identify(src) by extension 'ignore'
[2.001s] Level 1:colcon.colcon_core.package_identification:_identify(src) by extension 'ignore_ament_install'
[2.002s] Level 1:colcon.colcon_core.package_identification:_identify(src) by extensions ['colcon_pkg']
[2.002s] Level 1:colcon.colcon_core.package_identification:_identify(src) by extension 'colcon_pkg'
[2.002s] Level 1:colcon.colcon_core.package_identification:_identify(src) by extensions ['colcon_meta']
[2.002s] Level 1:colcon.colcon_core.package_identification:_identify(src) by extension 'colcon_meta'
[2.002s] Level 1:colcon.colcon_core.package_identification:_identify(src) by extensions ['ros']
[2.002s] Level 1:colcon.colcon_core.package_identification:_identify(src) by extension 'ros'
[2.002s] Level 1:colcon.colcon_core.package_identification:_identify(src) by extensions ['cmake', 'python']
[2.002s] Level 1:colcon.colcon_core.package_identification:_identify(src) by extension 'cmake'
[2.002s] Level 1:colcon.colcon_core.package_identification:_identify(src) by extension 'python'
[2.002s] Level 1:colcon.colcon_core.package_identification:_identify(src) by extensions ['python_setup_py']
[2.002s] Level 1:colcon.colcon_core.package_identification:_identify(src) by extension 'python_setup_py'
[2.002s] Level 1:colcon.colcon_core.package_identification:_identify(src/lab2) by extensions ['ignore', 'ignore_ament_install']
[2.002s] Level 1:colcon.colcon_core.package_identification:_identify(src/lab2) by extension 'ignore'
[2.002s] Level 1:colcon.colcon_core.package_identification:_identify(src/lab2) by extension 'ignore_ament_install'
[2.002s] Level 1:colcon.colcon_core.package_identification:_identify(src/lab2) by extensions ['colcon_pkg']
[2.002s] Level 1:colcon.colcon_core.package_identification:_identify(src/lab2) by extension 'colcon_pkg'
[2.002s] Level 1:colcon.colcon_core.package_identification:_identify(src/lab2) by extensions ['colcon_meta']
[2.002s] Level 1:colcon.colcon_core.package_identification:_identify(src/lab2) by extension 'colcon_meta'
[2.003s] Level 1:colcon.colcon_core.package_identification:_identify(src/lab2) by extensions ['ros']
[2.003s] Level 1:colcon.colcon_core.package_identification:_identify(src/lab2) by extension 'ros'
[2.010s] DEBUG:colcon.colcon_core.package_identification:Package 'src/lab2' with type 'ros.ament_python' and name 'lab2'
[2.010s] Level 1:colcon.colcon_core.package_identification:_identify(src/lab3) by extensions ['ignore', 'ignore_ament_install']
[2.010s] Level 1:colcon.colcon_core.package_identification:_identify(src/lab3) by extension 'ignore'
[2.010s] Level 1:colcon.colcon_core.package_identification:_identify(src/lab3) by extension 'ignore_ament_install'
[2.010s] Level 1:colcon.colcon_core.package_identification:_identify(src/lab3) by extensions ['colcon_pkg']
[2.010s] Level 1:colcon.colcon_core.package_identification:_identify(src/lab3) by extension 'colcon_pkg'
[2.011s] Level 1:colcon.colcon_core.package_identification:_identify(src/lab3) by extensions ['colcon_meta']
[2.011s] Level 1:colcon.colcon_core.package_identification:_identify(src/lab3) by extension 'colcon_meta'
[2.011s] Level 1:colcon.colcon_core.package_identification:_identify(src/lab3) by extensions ['ros']
[2.011s] Level 1:colcon.colcon_core.package_identification:_identify(src/lab3) by extension 'ros'
[2.011s] DEBUG:colcon.colcon_core.package_identification:Package 'src/lab3' with type 'ros.ament_python' and name 'lab3'
[2.011s] Level 1:colcon.colcon_core.package_identification:_identify(src/lab4) by extensions ['ignore', 'ignore_ament_install']
[2.011s] Level 1:colcon.colcon_core.package_identification:_identify(src/lab4) by extension 'ignore'
[2.012s] Level 1:colcon.colcon_core.package_identification:_identify(src/lab4) by extension 'ignore_ament_install'
[2.012s] Level 1:colcon.colcon_core.package_identification:_identify(src/lab4) by extensions ['colcon_pkg']
[2.012s] Level 1:colcon.colcon_core.package_identification:_identify(src/lab4) by extension 'colcon_pkg'
[2.012s] Level 1:colcon.colcon_core.package_identification:_identify(src/lab4) by extensions ['colcon_meta']
[2.012s] Level 1:colcon.colcon_core.package_identification:_identify(src/lab4) by extension 'colcon_meta'
[2.012s] Level 1:colcon.colcon_core.package_identification:_identify(src/lab4) by extensions ['ros']
[2.012s] Level 1:colcon.colcon_core.package_identification:_identify(src/lab4) by extension 'ros'
[2.013s] DEBUG:colcon.colcon_core.package_identification:Package 'src/lab4' with type 'ros.ament_python' and name 'lab4'
[2.013s] Level 1:colcon.colcon_core.package_discovery:discover_packages(recursive) using defaults
[2.013s] Level 1:colcon.colcon_core.package_discovery:discover_packages(ignore) discover
[2.014s] Level 1:colcon.colcon_core.package_discovery:discover_packages(ignore) using defaults
[2.014s] Level 1:colcon.colcon_core.package_discovery:discover_packages(path) discover
[2.014s] Level 1:colcon.colcon_core.package_discovery:discover_packages(path) using defaults
[2.161s] Level 1:colcon.colcon_core.package_discovery:discover_packages(prefix_path) check parameters
[2.161s] Level 1:colcon.colcon_core.package_discovery:discover_packages(prefix_path) discover
[2.248s] DEBUG:colcon.colcon_installed_package_information.package_discovery:Found 3 installed packages in /home/mjmck34/Local_Github_Repo/turtle_ws/install
[2.289s] DEBUG:colcon.colcon_installed_package_information.package_discovery:Found 3 installed packages in /home/mjmck34/ros2_ws_version2/install
[2.313s] DEBUG:colcon.colcon_installed_package_information.package_discovery:Found 29 installed packages in /home/mjmck34/ros2_ws_Lab2/install
[2.342s] DEBUG:colcon.colcon_installed_package_information.package_discovery:Found 6 installed packages in /home/mjmck34/install
[2.367s] DEBUG:colcon.colcon_installed_package_information.package_discovery:Found 15 installed packages in /home/mjmck34/turtlebot3_ws/install
[2.395s] DEBUG:colcon.colcon_installed_package_information.package_discovery:Found 389 installed packages in /opt/ros/humble
[2.401s] Level 1:colcon.colcon_core.package_discovery:discover_packages(prefix_path) using defaults
[2.571s] Level 5:colcon.colcon_core.verb:set package 'lab2' build argument 'cmake_args' from command line to 'None'
[2.571s] Level 5:colcon.colcon_core.verb:set package 'lab2' build argument 'cmake_target' from command line to 'None'
[2.571s] Level 5:colcon.colcon_core.verb:set package 'lab2' build argument 'cmake_target_skip_unavailable' from command line to 'False'
[2.571s] Level 5:colcon.colcon_core.verb:set package 'lab2' build argument 'cmake_clean_cache' from command line to 'False'
[2.571s] Level 5:colcon.colcon_core.verb:set package 'lab2' build argument 'cmake_clean_first' from command line to 'False'
[2.571s] Level 5:colcon.colcon_core.verb:set package 'lab2' build argument 'cmake_force_configure' from command line to 'False'
[2.571s] Level 5:colcon.colcon_core.verb:set package 'lab2' build argument 'ament_cmake_args' from command line to 'None'
[2.571s] Level 5:colcon.colcon_core.verb:set package 'lab2' build argument 'catkin_cmake_args' from command line to 'None'
[2.571s] Level 5:colcon.colcon_core.verb:set package 'lab2' build argument 'catkin_skip_building_tests' from command line to 'False'
[2.571s] DEBUG:colcon.colcon_core.verb:Building package 'lab2' with the following arguments: {'ament_cmake_args': None, 'build_base': '/home/mjmck34/Local_Github_Repo/turtle_ws/build/lab2', 'catkin_cmake_args': None, 'catkin_skip_building_tests': False, 'cmake_args': None, 'cmake_clean_cache': False, 'cmake_clean_first': False, 'cmake_force_configure': False, 'cmake_target': None, 'cmake_target_skip_unavailable': False, 'install_base': '/home/mjmck34/Local_Github_Repo/turtle_ws/install/lab2', 'merge_install': False, 'path': '/home/mjmck34/Local_Github_Repo/turtle_ws/src/lab2', 'symlink_install': False, 'test_result_base': None}
[2.592s] Level 5:colcon.colcon_core.verb:set package 'lab3' build argument 'cmake_args' from command line to 'None'
[2.592s] Level 5:colcon.colcon_core.verb:set package 'lab3' build argument 'cmake_target' from command line to 'None'
[2.592s] Level 5:colcon.colcon_core.verb:set package 'lab3' build argument 'cmake_target_skip_unavailable' from command line to 'False'
[2.592s] Level 5:colcon.colcon_core.verb:set package 'lab3' build argument 'cmake_clean_cache' from command line to 'False'
[2.592s] Level 5:colcon.colcon_core.verb:set package 'lab3' build argument 'cmake_clean_first' from command line to 'False'
[2.592s] Level 5:colcon.colcon_core.verb:set package 'lab3' build argument 'cmake_force_configure' from command line to 'False'
[2.592s] Level 5:colcon.colcon_core.verb:set package 'lab3' build argument 'ament_cmake_args' from command line to 'None'
[2.592s] Level 5:colcon.colcon_core.verb:set package 'lab3' build argument 'catkin_cmake_args' from command line to 'None'
[2.592s] Level 5:colcon.colcon_core.verb:set package 'lab3' build argument 'catkin_skip_building_tests' from command line to 'False'
[2.592s] DEBUG:colcon.colcon_core.verb:Building package 'lab3' with the following arguments: {'ament_cmake_args': None, 'build_base': '/home/mjmck34/Local_Github_Repo/turtle_ws/build/lab3', 'catkin_cmake_args': None, 'catkin_skip_building_tests': False, 'cmake_args': None, 'cmake_clean_cache': False, 'cmake_clean_first': False, 'cmake_force_configure': False, 'cmake_target': None, 'cmake_target_skip_unavailable': False, 'install_base': '/home/mjmck34/Local_Github_Repo/turtle_ws/install/lab3', 'merge_install': False, 'path': '/home/mjmck34/Local_Github_Repo/turtle_ws/src/lab3', 'symlink_install': False, 'test_result_base': None}
[2.621s] Level 5:colcon.colcon_core.verb:set package 'lab4' build argument 'cmake_args' from command line to 'None'
[2.622s] Level 5:colcon.colcon_core.verb:set package 'lab4' build argument 'cmake_target' from command line to 'None'
[2.622s] Level 5:colcon.colcon_core.verb:set package 'lab4' build argument 'cmake_target_skip_unavailable' from command line to 'False'
[2.622s] Level 5:colcon.colcon_core.verb:set package 'lab4' build argument 'cmake_clean_cache' from command line to 'False'
[2.622s] Level 5:colcon.colcon_core.verb:set package 'lab4' build argument 'cmake_clean_first' from command line to 'False'
[2.622s] Level 5:colcon.colcon_core.verb:set package 'lab4' build argument 'cmake_force_configure' from command line to 'False'
[2.622s] Level 5:colcon.colcon_core.verb:set package 'lab4' build argument 'ament_cmake_args' from command line to 'None'
[2.622s] Level 5:colcon.colcon_core.verb:set package 'lab4' build argument 'catkin_cmake_args' from command line to 'None'
[2.622s] Level 5:colcon.colcon_core.verb:set package 'lab4' build argument 'catkin_skip_building_tests' from command line to 'False'
[2.622s] DEBUG:colcon.colcon_core.verb:Building package 'lab4' with the following arguments: {'ament_cmake_args': None, 'build_base': '/home/mjmck34/Local_Github_Repo/turtle_ws/build/lab4', 'catkin_cmake_args': None, 'catkin_skip_building_tests': False, 'cmake_args': None, 'cmake_clean_cache': False, 'cmake_clean_first': False, 'cmake_force_configure': False, 'cmake_target': None, 'cmake_target_skip_unavailable': False, 'install_base': '/home/mjmck34/Local_Github_Repo/turtle_ws/install/lab4', 'merge_install': False, 'path': '/home/mjmck34/Local_Github_Repo/turtle_ws/src/lab4', 'symlink_install': False, 'test_result_base': None}
[2.644s] INFO:colcon.colcon_core.executor:Executing jobs using 'parallel' executor
[2.670s] DEBUG:colcon.colcon_parallel_executor.executor.parallel:run_until_complete
[2.671s] INFO:colcon.colcon_ros.task.ament_python.build:Building ROS package in '/home/mjmck34/Local_Github_Repo/turtle_ws/src/lab2' with build type 'ament_python'
[2.673s] Level 1:colcon.colcon_core.shell:create_environment_hook('lab2', 'ament_prefix_path')
[2.713s] INFO:colcon.colcon_core.plugin_system:Skipping extension 'colcon_core.shell.bat': Not used on non-Windows systems
[2.713s] INFO:colcon.colcon_core.shell:Creating environment hook '/home/mjmck34/Local_Github_Repo/turtle_ws/install/lab2/share/lab2/hook/ament_prefix_path.ps1'
[2.714s] INFO:colcon.colcon_core.shell:Creating environment descriptor '/home/mjmck34/Local_Github_Repo/turtle_ws/install/lab2/share/lab2/hook/ament_prefix_path.dsv'
[2.716s] INFO:colcon.colcon_core.shell:Creating environment hook '/home/mjmck34/Local_Github_Repo/turtle_ws/install/lab2/share/lab2/hook/ament_prefix_path.sh'
[2.755s] INFO:colcon.colcon_core.shell:Skip shell extension 'powershell' for command environment: Not usable outside of PowerShell
[2.755s] DEBUG:colcon.colcon_core.shell:Skip shell extension 'dsv' for command environment
[2.953s] INFO:colcon.colcon_ros.task.ament_python.build:Building ROS package in '/home/mjmck34/Local_Github_Repo/turtle_ws/src/lab3' with build type 'ament_python'
[2.953s] Level 1:colcon.colcon_core.shell:create_environment_hook('lab3', 'ament_prefix_path')
[3.007s] INFO:colcon.colcon_core.shell:Creating environment hook '/home/mjmck34/Local_Github_Repo/turtle_ws/install/lab3/share/lab3/hook/ament_prefix_path.ps1'
[3.008s] INFO:colcon.colcon_core.shell:Creating environment descriptor '/home/mjmck34/Local_Github_Repo/turtle_ws/install/lab3/share/lab3/hook/ament_prefix_path.dsv'
[3.009s] INFO:colcon.colcon_core.shell:Creating environment hook '/home/mjmck34/Local_Github_Repo/turtle_ws/install/lab3/share/lab3/hook/ament_prefix_path.sh'
[3.037s] INFO:colcon.colcon_core.shell:Skip shell extension 'powershell' for command environment: Not usable outside of PowerShell
[3.037s] DEBUG:colcon.colcon_core.shell:Skip shell extension 'dsv' for command environment
[3.236s] INFO:colcon.colcon_ros.task.ament_python.build:Building ROS package in '/home/mjmck34/Local_Github_Repo/turtle_ws/src/lab4' with build type 'ament_python'
[3.237s] Level 1:colcon.colcon_core.shell:create_environment_hook('lab4', 'ament_prefix_path')
[3.303s] INFO:colcon.colcon_core.shell:Creating environment hook '/home/mjmck34/Local_Github_Repo/turtle_ws/install/lab4/share/lab4/hook/ament_prefix_path.ps1'
[3.304s] INFO:colcon.colcon_core.shell:Creating environment descriptor '/home/mjmck34/Local_Github_Repo/turtle_ws/install/lab4/share/lab4/hook/ament_prefix_path.dsv'
[3.304s] INFO:colcon.colcon_core.shell:Creating environment hook '/home/mjmck34/Local_Github_Repo/turtle_ws/install/lab4/share/lab4/hook/ament_prefix_path.sh'
[3.359s] INFO:colcon.colcon_core.shell:Skip shell extension 'powershell' for command environment: Not usable outside of PowerShell
[3.359s] DEBUG:colcon.colcon_core.shell:Skip shell extension 'dsv' for command environment
[4.008s] INFO:colcon.colcon_core.task.python.build:Building Python package in '/home/mjmck34/Local_Github_Repo/turtle_ws/src/lab2'
[4.031s] INFO:colcon.colcon_core.shell:Skip shell extension 'powershell' for command environment: Not usable outside of PowerShell
[4.032s] DEBUG:colcon.colcon_core.shell:Skip shell extension 'dsv' for command environment
[4.650s] INFO:colcon.colcon_core.task.python.build:Building Python package in '/home/mjmck34/Local_Github_Repo/turtle_ws/src/lab3'
[4.671s] INFO:colcon.colcon_core.shell:Skip shell extension 'powershell' for command environment: Not usable outside of PowerShell
[4.671s] DEBUG:colcon.colcon_core.shell:Skip shell extension 'dsv' for command environment
[5.408s] INFO:colcon.colcon_core.task.python.build:Building Python package in '/home/mjmck34/Local_Github_Repo/turtle_ws/src/lab4'
[5.429s] INFO:colcon.colcon_core.shell:Skip shell extension 'powershell' for command environment: Not usable outside of PowerShell
[5.429s] DEBUG:colcon.colcon_core.shell:Skip shell extension 'dsv' for command environment
[6.279s] DEBUG:colcon.colcon_core.event_handler.log_command:Invoking command in '/home/mjmck34/Local_Github_Repo/turtle_ws/src/lab2': PYTHONPATH=/home/mjmck34/Local_Github_Repo/turtle_ws/build/lab2/prefix_override:/home/mjmck34/Local_Github_Repo/turtle_ws/install/lab2/lib/python3.10/site-packages:${PYTHONPATH} /usr/bin/python3 setup.py egg_info --egg-base ../../build/lab2 build --build-base /home/mjmck34/Local_Github_Repo/turtle_ws/build/lab2/build install --record /home/mjmck34/Local_Github_Repo/turtle_ws/build/lab2/install.log --single-version-externally-managed
[6.529s] DEBUG:colcon.colcon_core.event_handler.log_command:Invoking command in '/home/mjmck34/Local_Github_Repo/turtle_ws/src/lab3': PYTHONPATH=/home/mjmck34/Local_Github_Repo/turtle_ws/build/lab3/prefix_override:/home/mjmck34/Local_Github_Repo/turtle_ws/install/lab3/lib/python3.10/site-packages:${PYTHONPATH} /usr/bin/python3 setup.py egg_info --egg-base ../../build/lab3 build --build-base /home/mjmck34/Local_Github_Repo/turtle_ws/build/lab3/build install --record /home/mjmck34/Local_Github_Repo/turtle_ws/build/lab3/install.log --single-version-externally-managed
[6.704s] DEBUG:colcon.colcon_core.event_handler.log_command:Invoking command in '/home/mjmck34/Local_Github_Repo/turtle_ws/src/lab4': PYTHONPATH=/home/mjmck34/Local_Github_Repo/turtle_ws/build/lab4/prefix_override:/home/mjmck34/Local_Github_Repo/turtle_ws/install/lab4/lib/python3.10/site-packages:${PYTHONPATH} /usr/bin/python3 setup.py egg_info --egg-base ../../build/lab4 build --build-base /home/mjmck34/Local_Github_Repo/turtle_ws/build/lab4/build install --record /home/mjmck34/Local_Github_Repo/turtle_ws/build/lab4/install.log --single-version-externally-managed
[7.011s] DEBUG:colcon.colcon_core.event_handler.log_command:Invoked command in '/home/mjmck34/Local_Github_Repo/turtle_ws/src/lab2' returned '0': PYTHONPATH=/home/mjmck34/Local_Github_Repo/turtle_ws/build/lab2/prefix_override:/home/mjmck34/Local_Github_Repo/turtle_ws/install/lab2/lib/python3.10/site-packages:${PYTHONPATH} /usr/bin/python3 setup.py egg_info --egg-base ../../build/lab2 build --build-base /home/mjmck34/Local_Github_Repo/turtle_ws/build/lab2/build install --record /home/mjmck34/Local_Github_Repo/turtle_ws/build/lab2/install.log --single-version-externally-managed
[7.080s] Level 1:colcon.colcon_core.environment:checking '/home/mjmck34/Local_Github_Repo/turtle_ws/install/lab2' for CMake module files
[7.081s] Level 1:colcon.colcon_core.environment:checking '/home/mjmck34/Local_Github_Repo/turtle_ws/install/lab2' for CMake config files
[7.081s] Level 1:colcon.colcon_core.environment:checking '/home/mjmck34/Local_Github_Repo/turtle_ws/install/lab2/lib'
[7.081s] Level 1:colcon.colcon_core.environment:checking '/home/mjmck34/Local_Github_Repo/turtle_ws/install/lab2/bin'
[7.081s] Level 1:colcon.colcon_core.environment:checking '/home/mjmck34/Local_Github_Repo/turtle_ws/install/lab2/lib/pkgconfig/lab2.pc'
[7.082s] Level 1:colcon.colcon_core.environment:checking '/home/mjmck34/Local_Github_Repo/turtle_ws/install/lab2/lib/python3.10/site-packages'
[7.082s] Level 1:colcon.colcon_core.shell:create_environment_hook('lab2', 'pythonpath')
[7.223s] INFO:colcon.colcon_core.shell:Creating environment hook '/home/mjmck34/Local_Github_Repo/turtle_ws/install/lab2/share/lab2/hook/pythonpath.ps1'
[7.224s] INFO:colcon.colcon_core.shell:Creating environment descriptor '/home/mjmck34/Local_Github_Repo/turtle_ws/install/lab2/share/lab2/hook/pythonpath.dsv'
[7.227s] INFO:colcon.colcon_core.shell:Creating environment hook '/home/mjmck34/Local_Github_Repo/turtle_ws/install/lab2/share/lab2/hook/pythonpath.sh'
[7.228s] Level 1:colcon.colcon_core.environment:checking '/home/mjmck34/Local_Github_Repo/turtle_ws/install/lab2/bin'
[7.229s] Level 1:colcon.colcon_core.environment:create_environment_scripts_only(lab2)
[7.287s] INFO:colcon.colcon_core.shell:Creating package script '/home/mjmck34/Local_Github_Repo/turtle_ws/install/lab2/share/lab2/package.ps1'
[7.289s] INFO:colcon.colcon_core.shell:Creating package descriptor '/home/mjmck34/Local_Github_Repo/turtle_ws/install/lab2/share/lab2/package.dsv'
[7.290s] INFO:colcon.colcon_core.shell:Creating package script '/home/mjmck34/Local_Github_Repo/turtle_ws/install/lab2/share/lab2/package.sh'
[7.292s] INFO:colcon.colcon_core.shell:Creating package script '/home/mjmck34/Local_Github_Repo/turtle_ws/install/lab2/share/lab2/package.bash'
[7.293s] INFO:colcon.colcon_core.shell:Creating package script '/home/mjmck34/Local_Github_Repo/turtle_ws/install/lab2/share/lab2/package.zsh'
[7.294s] Level 1:colcon.colcon_core.environment:create_file_with_runtime_dependencies(/home/mjmck34/Local_Github_Repo/turtle_ws/install/lab2/share/colcon-core/packages/lab2)
[7.311s] DEBUG:colcon.colcon_core.event_handler.log_command:Invoked command in '/home/mjmck34/Local_Github_Repo/turtle_ws/src/lab4' returned '0': PYTHONPATH=/home/mjmck34/Local_Github_Repo/turtle_ws/build/lab4/prefix_override:/home/mjmck34/Local_Github_Repo/turtle_ws/install/lab4/lib/python3.10/site-packages:${PYTHONPATH} /usr/bin/python3 setup.py egg_info --egg-base ../../build/lab4 build --build-base /home/mjmck34/Local_Github_Repo/turtle_ws/build/lab4/build install --record /home/mjmck34/Local_Github_Repo/turtle_ws/build/lab4/install.log --single-version-externally-managed
[7.358s] Level 1:colcon.colcon_core.environment:checking '/home/mjmck34/Local_Github_Repo/turtle_ws/install/lab4' for CMake module files
[7.376s] Level 1:colcon.colcon_core.environment:checking '/home/mjmck34/Local_Github_Repo/turtle_ws/install/lab4' for CMake config files
[7.377s] Level 1:colcon.colcon_core.environment:checking '/home/mjmck34/Local_Github_Repo/turtle_ws/install/lab4/lib'
[7.377s] Level 1:colcon.colcon_core.environment:checking '/home/mjmck34/Local_Github_Repo/turtle_ws/install/lab4/bin'
[7.377s] Level 1:colcon.colcon_core.environment:checking '/home/mjmck34/Local_Github_Repo/turtle_ws/install/lab4/lib/pkgconfig/lab4.pc'
[7.377s] Level 1:colcon.colcon_core.environment:checking '/home/mjmck34/Local_Github_Repo/turtle_ws/install/lab4/lib/python3.10/site-packages'
[7.377s] Level 1:colcon.colcon_core.shell:create_environment_hook('lab4', 'pythonpath')
[7.412s] INFO:colcon.colcon_core.shell:Creating environment hook '/home/mjmck34/Local_Github_Repo/turtle_ws/install/lab4/share/lab4/hook/pythonpath.ps1'
[7.417s] INFO:colcon.colcon_core.shell:Creating environment descriptor '/home/mjmck34/Local_Github_Repo/turtle_ws/install/lab4/share/lab4/hook/pythonpath.dsv'
[7.418s] INFO:colcon.colcon_core.shell:Creating environment hook '/home/mjmck34/Local_Github_Repo/turtle_ws/install/lab4/share/lab4/hook/pythonpath.sh'
[7.421s] Level 1:colcon.colcon_core.environment:checking '/home/mjmck34/Local_Github_Repo/turtle_ws/install/lab4/bin'
[7.421s] Level 1:colcon.colcon_core.environment:create_environment_scripts_only(lab4)
[7.472s] INFO:colcon.colcon_core.shell:Creating package script '/home/mjmck34/Local_Github_Repo/turtle_ws/install/lab4/share/lab4/package.ps1'
[7.475s] INFO:colcon.colcon_core.shell:Creating package descriptor '/home/mjmck34/Local_Github_Repo/turtle_ws/install/lab4/share/lab4/package.dsv'
[7.476s] INFO:colcon.colcon_core.shell:Creating package script '/home/mjmck34/Local_Github_Repo/turtle_ws/install/lab4/share/lab4/package.sh'
[7.478s] INFO:colcon.colcon_core.shell:Creating package script '/home/mjmck34/Local_Github_Repo/turtle_ws/install/lab4/share/lab4/package.bash'
[7.488s] INFO:colcon.colcon_core.shell:Creating package script '/home/mjmck34/Local_Github_Repo/turtle_ws/install/lab4/share/lab4/package.zsh'
[7.492s] Level 1:colcon.colcon_core.environment:create_file_with_runtime_dependencies(/home/mjmck34/Local_Github_Repo/turtle_ws/install/lab4/share/colcon-core/packages/lab4)
[7.511s] DEBUG:colcon.colcon_core.event_handler.log_command:Invoked command in '/home/mjmck34/Local_Github_Repo/turtle_ws/src/lab3' returned '0': PYTHONPATH=/home/mjmck34/Local_Github_Repo/turtle_ws/build/lab3/prefix_override:/home/mjmck34/Local_Github_Repo/turtle_ws/install/lab3/lib/python3.10/site-packages:${PYTHONPATH} /usr/bin/python3 setup.py egg_info --egg-base ../../build/lab3 build --build-base /home/mjmck34/Local_Github_Repo/turtle_ws/build/lab3/build install --record /home/mjmck34/Local_Github_Repo/turtle_ws/build/lab3/install.log --single-version-externally-managed
[7.557s] Level 1:colcon.colcon_core.environment:checking '/home/mjmck34/Local_Github_Repo/turtle_ws/install/lab3' for CMake module files
[7.557s] Level 1:colcon.colcon_core.environment:checking '/home/mjmck34/Local_Github_Repo/turtle_ws/install/lab3' for CMake config files
[7.558s] Level 1:colcon.colcon_core.environment:checking '/home/mjmck34/Local_Github_Repo/turtle_ws/install/lab3/lib'
[7.558s] Level 1:colcon.colcon_core.environment:checking '/home/mjmck34/Local_Github_Repo/turtle_ws/install/lab3/bin'
[7.558s] Level 1:colcon.colcon_core.environment:checking '/home/mjmck34/Local_Github_Repo/turtle_ws/install/lab3/lib/pkgconfig/lab3.pc'
[7.558s] Level 1:colcon.colcon_core.environment:checking '/home/mjmck34/Local_Github_Repo/turtle_ws/install/lab3/lib/python3.10/site-packages'
[7.558s] Level 1:colcon.colcon_core.shell:create_environment_hook('lab3', 'pythonpath')
[7.580s] INFO:colcon.colcon_core.shell:Creating environment hook '/home/mjmck34/Local_Github_Repo/turtle_ws/install/lab3/share/lab3/hook/pythonpath.ps1'
[7.592s] INFO:colcon.colcon_core.shell:Creating environment descriptor '/home/mjmck34/Local_Github_Repo/turtle_ws/install/lab3/share/lab3/hook/pythonpath.dsv'
[7.593s] INFO:colcon.colcon_core.shell:Creating environment hook '/home/mjmck34/Local_Github_Repo/turtle_ws/install/lab3/share/lab3/hook/pythonpath.sh'
[7.595s] Level 1:colcon.colcon_core.environment:checking '/home/mjmck34/Local_Github_Repo/turtle_ws/install/lab3/bin'
[7.595s] Level 1:colcon.colcon_core.environment:create_environment_scripts_only(lab3)
[7.621s] INFO:colcon.colcon_core.shell:Creating package script '/home/mjmck34/Local_Github_Repo/turtle_ws/install/lab3/share/lab3/package.ps1'
[7.624s] INFO:colcon.colcon_core.shell:Creating package descriptor '/home/mjmck34/Local_Github_Repo/turtle_ws/install/lab3/share/lab3/package.dsv'
[7.625s] INFO:colcon.colcon_core.shell:Creating package script '/home/mjmck34/Local_Github_Repo/turtle_ws/install/lab3/share/lab3/package.sh'
[7.626s] INFO:colcon.colcon_core.shell:Creating package script '/home/mjmck34/Local_Github_Repo/turtle_ws/install/lab3/share/lab3/package.bash'
[7.656s] INFO:colcon.colcon_core.shell:Creating package script '/home/mjmck34/Local_Github_Repo/turtle_ws/install/lab3/share/lab3/package.zsh'
[7.658s] Level 1:colcon.colcon_core.environment:create_file_with_runtime_dependencies(/home/mjmck34/Local_Github_Repo/turtle_ws/install/lab3/share/colcon-core/packages/lab3)
[7.662s] DEBUG:colcon.colcon_parallel_executor.executor.parallel:closing loop
[7.663s] DEBUG:colcon.colcon_parallel_executor.executor.parallel:loop closed
[7.663s] DEBUG:colcon.colcon_parallel_executor.executor.parallel:run_until_complete finished with '0'
[7.663s] DEBUG:colcon.colcon_core.event_reactor:joining thread
[7.759s] INFO:colcon.colcon_core.plugin_system:Skipping extension 'colcon_notification.desktop_notification.terminal_notifier': Not used on non-Darwin systems
[7.759s] INFO:colcon.colcon_core.plugin_system:Skipping extension 'colcon_notification.desktop_notification.win32': Not used on non-Windows systems
[7.760s] INFO:colcon.colcon_notification.desktop_notification:Sending desktop notification using 'notify2'
[7.846s] DEBUG:colcon.colcon_core.event_reactor:joined thread
[7.881s] INFO:colcon.colcon_core.shell:Creating prefix script '/home/mjmck34/Local_Github_Repo/turtle_ws/install/local_setup.ps1'
[7.924s] INFO:colcon.colcon_core.shell:Creating prefix util module '/home/mjmck34/Local_Github_Repo/turtle_ws/install/_local_setup_util_ps1.py'
[7.926s] INFO:colcon.colcon_core.shell:Creating prefix chain script '/home/mjmck34/Local_Github_Repo/turtle_ws/install/setup.ps1'
[7.953s] INFO:colcon.colcon_core.shell:Creating prefix script '/home/mjmck34/Local_Github_Repo/turtle_ws/install/local_setup.sh'
[7.956s] INFO:colcon.colcon_core.shell:Creating prefix util module '/home/mjmck34/Local_Github_Repo/turtle_ws/install/_local_setup_util_sh.py'
[7.959s] INFO:colcon.colcon_core.shell:Creating prefix chain script '/home/mjmck34/Local_Github_Repo/turtle_ws/install/setup.sh'
[8.057s] INFO:colcon.colcon_core.shell:Creating prefix script '/home/mjmck34/Local_Github_Repo/turtle_ws/install/local_setup.bash'
[8.112s] INFO:colcon.colcon_core.shell:Creating prefix chain script '/home/mjmck34/Local_Github_Repo/turtle_ws/install/setup.bash'
[8.145s] INFO:colcon.colcon_core.shell:Creating prefix script '/home/mjmck34/Local_Github_Repo/turtle_ws/install/local_setup.zsh'
[8.148s] INFO:colcon.colcon_core.shell:Creating prefix chain script '/home/mjmck34/Local_Github_Repo/turtle_ws/install/setup.zsh'
