[0.675s] Invoking command in '/home/jwcho/Desktop/Turtlebot_Labs/turtle_ws/src/lab2': PYTHONPATH=/home/jwcho/Desktop/Turtlebot_Labs/turtle_ws/build/lab2/prefix_override:/home/jwcho/Desktop/Turtlebot_Labs/turtle_ws/install/lab2/lib/python3.10/site-packages:${PYTHONPATH} /usr/bin/python3 setup.py egg_info --egg-base ../../build/lab2 build --build-base /home/jwcho/Desktop/Turtlebot_Labs/turtle_ws/build/lab2/build install --record /home/jwcho/Desktop/Turtlebot_Labs/turtle_ws/build/lab2/install.log --single-version-externally-managed
[0.857s] running egg_info
[0.857s] creating ../../build/lab2/lab2.egg-info
[0.857s] writing ../../build/lab2/lab2.egg-info/PKG-INFO
[0.858s] writing dependency_links to ../../build/lab2/lab2.egg-info/dependency_links.txt
[0.858s] writing entry points to ../../build/lab2/lab2.egg-info/entry_points.txt
[0.858s] writing requirements to ../../build/lab2/lab2.egg-info/requires.txt
[0.858s] writing top-level names to ../../build/lab2/lab2.egg-info/top_level.txt
[0.858s] writing manifest file '../../build/lab2/lab2.egg-info/SOURCES.txt'
[0.860s] reading manifest file '../../build/lab2/lab2.egg-info/SOURCES.txt'
[0.860s] writing manifest file '../../build/lab2/lab2.egg-info/SOURCES.txt'
[0.860s] running build
[0.860s] running build_py
[0.860s] creating /home/jwcho/Desktop/Turtlebot_Labs/turtle_ws/build/lab2/build
[0.861s] creating /home/jwcho/Desktop/Turtlebot_Labs/turtle_ws/build/lab2/build/lib
[0.861s] creating /home/jwcho/Desktop/Turtlebot_Labs/turtle_ws/build/lab2/build/lib/lab2
[0.861s] copying lab2/__init__.py -> /home/jwcho/Desktop/Turtlebot_Labs/turtle_ws/build/lab2/build/lib/lab2
[0.861s] copying lab2/camera_debugger.py -> /home/jwcho/Desktop/Turtlebot_Labs/turtle_ws/build/lab2/build/lib/lab2
[0.861s] running install
[0.866s] /usr/lib/python3/dist-packages/setuptools/command/install.py:34: SetuptoolsDeprecationWarning: setup.py install is deprecated. Use build and pip and other standards-based tools.
[0.866s]   warnings.warn(
[0.866s] running install_lib
[0.867s] creating /home/jwcho/Desktop/Turtlebot_Labs/turtle_ws/install/lab2/lib/python3.10/site-packages/lab2
[0.867s] copying /home/jwcho/Desktop/Turtlebot_Labs/turtle_ws/build/lab2/build/lib/lab2/__init__.py -> /home/jwcho/Desktop/Turtlebot_Labs/turtle_ws/install/lab2/lib/python3.10/site-packages/lab2
[0.867s] copying /home/jwcho/Desktop/Turtlebot_Labs/turtle_ws/build/lab2/build/lib/lab2/camera_debugger.py -> /home/jwcho/Desktop/Turtlebot_Labs/turtle_ws/install/lab2/lib/python3.10/site-packages/lab2
[0.867s] byte-compiling /home/jwcho/Desktop/Turtlebot_Labs/turtle_ws/install/lab2/lib/python3.10/site-packages/lab2/__init__.py to __init__.cpython-310.pyc
[0.867s] byte-compiling /home/jwcho/Desktop/Turtlebot_Labs/turtle_ws/install/lab2/lib/python3.10/site-packages/lab2/camera_debugger.py to camera_debugger.cpython-310.pyc
[0.868s] running install_data
[0.868s] creating /home/jwcho/Desktop/Turtlebot_Labs/turtle_ws/install/lab2/share/ament_index
[0.869s] creating /home/jwcho/Desktop/Turtlebot_Labs/turtle_ws/install/lab2/share/ament_index/resource_index
[0.869s] creating /home/jwcho/Desktop/Turtlebot_Labs/turtle_ws/install/lab2/share/ament_index/resource_index/packages
[0.869s] copying resource/lab2 -> /home/jwcho/Desktop/Turtlebot_Labs/turtle_ws/install/lab2/share/ament_index/resource_index/packages
[0.869s] copying package.xml -> /home/jwcho/Desktop/Turtlebot_Labs/turtle_ws/install/lab2/share/lab2
[0.869s] running install_egg_info
[0.870s] Copying ../../build/lab2/lab2.egg-info to /home/jwcho/Desktop/Turtlebot_Labs/turtle_ws/install/lab2/lib/python3.10/site-packages/lab2-0.0.0-py3.10.egg-info
[0.870s] running install_scripts
[0.886s] Installing camera_debugger script to /home/jwcho/Desktop/Turtlebot_Labs/turtle_ws/install/lab2/lib/lab2
[0.887s] writing list of installed files to '/home/jwcho/Desktop/Turtlebot_Labs/turtle_ws/build/lab2/install.log'
[0.906s] Invoked command in '/home/jwcho/Desktop/Turtlebot_Labs/turtle_ws/src/lab2' returned '0': PYTHONPATH=/home/jwcho/Desktop/Turtlebot_Labs/turtle_ws/build/lab2/prefix_override:/home/jwcho/Desktop/Turtlebot_Labs/turtle_ws/install/lab2/lib/python3.10/site-packages:${PYTHONPATH} /usr/bin/python3 setup.py egg_info --egg-base ../../build/lab2 build --build-base /home/jwcho/Desktop/Turtlebot_Labs/turtle_ws/build/lab2/build install --record /home/jwcho/Desktop/Turtlebot_Labs/turtle_ws/build/lab2/install.log --single-version-externally-managed
