[0.760s] DEBUG:colcon:Command line arguments: ['/usr/bin/colcon', 'build']
[0.760s] DEBUG:colcon:Parsed command line arguments: Namespace(log_base=None, log_level=None, verb_name='build', build_base='build', install_base='install', merge_install=False, symlink_install=False, test_result_base=None, continue_on_error=False, executor='parallel', parallel_workers=8, event_handlers=None, ignore_user_meta=False, metas=['./colcon.meta'], base_paths=['.'], packages_ignore=None, packages_ignore_regex=None, paths=None, packages_up_to=None, packages_up_to_regex=None, packages_above=None, packages_above_and_dependencies=None, packages_above_depth=None, packages_select_by_dep=None, packages_skip_by_dep=None, packages_skip_up_to=None, packages_select_build_failed=False, packages_skip_build_finished=False, packages_select_test_failures=False, packages_skip_test_passed=False, packages_select=None, packages_skip=None, packages_select_regex=None, packages_skip_regex=None, packages_start=None, packages_end=None, allow_overriding=[], cmake_args=None, cmake_target=None, cmake_target_skip_unavailable=False, cmake_clean_cache=False, cmake_clean_first=False, cmake_force_configure=False, ament_cmake_args=None, catkin_cmake_args=None, catkin_skip_building_tests=False, verb_parser=<colcon_defaults.argument_parser.defaults.DefaultArgumentsDecorator object at 0x7f1b6f77f130>, verb_extension=<colcon_core.verb.build.BuildVerb object at 0x7f1b6f77f430>, main=<bound method BuildVerb.main of <colcon_core.verb.build.BuildVerb object at 0x7f1b6f77f430>>)
[0.796s] Level 1:colcon.colcon_core.package_discovery:discover_packages(colcon_meta) check parameters
[0.796s] Level 1:colcon.colcon_core.package_discovery:discover_packages(recursive) check parameters
[0.796s] Level 1:colcon.colcon_core.package_discovery:discover_packages(ignore) check parameters
[0.796s] Level 1:colcon.colcon_core.package_discovery:discover_packages(path) check parameters
[0.796s] Level 1:colcon.colcon_core.package_discovery:discover_packages(colcon_meta) discover
[0.796s] Level 1:colcon.colcon_core.package_discovery:discover_packages(recursive) discover
[0.796s] INFO:colcon.colcon_core.package_discovery:Crawling recursively for packages in '/home/jwcho/Desktop/Turtlebot_Labs/turtle_ws'
[0.796s] Level 1:colcon.colcon_core.package_identification:_identify(.) by extensions ['ignore', 'ignore_ament_install']
[0.796s] Level 1:colcon.colcon_core.package_identification:_identify(.) by extension 'ignore'
[0.796s] Level 1:colcon.colcon_core.package_identification:_identify(.) by extension 'ignore_ament_install'
[0.796s] Level 1:colcon.colcon_core.package_identification:_identify(.) by extensions ['colcon_pkg']
[0.796s] Level 1:colcon.colcon_core.package_identification:_identify(.) by extension 'colcon_pkg'
[0.796s] Level 1:colcon.colcon_core.package_identification:_identify(.) by extensions ['colcon_meta']
[0.796s] Level 1:colcon.colcon_core.package_identification:_identify(.) by extension 'colcon_meta'
[0.796s] Level 1:colcon.colcon_core.package_identification:_identify(.) by extensions ['ros']
[0.796s] Level 1:colcon.colcon_core.package_identification:_identify(.) by extension 'ros'
[0.804s] Level 1:colcon.colcon_core.package_identification:_identify(.) by extensions ['cmake', 'python']
[0.804s] Level 1:colcon.colcon_core.package_identification:_identify(.) by extension 'cmake'
[0.804s] Level 1:colcon.colcon_core.package_identification:_identify(.) by extension 'python'
[0.804s] Level 1:colcon.colcon_core.package_identification:_identify(.) by extensions ['python_setup_py']
[0.804s] Level 1:colcon.colcon_core.package_identification:_identify(.) by extension 'python_setup_py'
[0.804s] Level 1:colcon.colcon_core.package_identification:_identify(build) by extensions ['ignore', 'ignore_ament_install']
[0.805s] Level 1:colcon.colcon_core.package_identification:_identify(build) by extension 'ignore'
[0.805s] Level 1:colcon.colcon_core.package_identification:_identify(build) ignored
[0.805s] Level 1:colcon.colcon_core.package_identification:_identify(install) by extensions ['ignore', 'ignore_ament_install']
[0.805s] Level 1:colcon.colcon_core.package_identification:_identify(install) by extension 'ignore'
[0.805s] Level 1:colcon.colcon_core.package_identification:_identify(install) ignored
[0.805s] Level 1:colcon.colcon_core.package_identification:_identify(log) by extensions ['ignore', 'ignore_ament_install']
[0.805s] Level 1:colcon.colcon_core.package_identification:_identify(log) by extension 'ignore'
[0.805s] Level 1:colcon.colcon_core.package_identification:_identify(log) ignored
[0.805s] Level 1:colcon.colcon_core.package_identification:_identify(src) by extensions ['ignore', 'ignore_ament_install']
[0.805s] Level 1:colcon.colcon_core.package_identification:_identify(src) by extension 'ignore'
[0.805s] Level 1:colcon.colcon_core.package_identification:_identify(src) by extension 'ignore_ament_install'
[0.805s] Level 1:colcon.colcon_core.package_identification:_identify(src) by extensions ['colcon_pkg']
[0.805s] Level 1:colcon.colcon_core.package_identification:_identify(src) by extension 'colcon_pkg'
[0.805s] Level 1:colcon.colcon_core.package_identification:_identify(src) by extensions ['colcon_meta']
[0.805s] Level 1:colcon.colcon_core.package_identification:_identify(src) by extension 'colcon_meta'
[0.805s] Level 1:colcon.colcon_core.package_identification:_identify(src) by extensions ['ros']
[0.805s] Level 1:colcon.colcon_core.package_identification:_identify(src) by extension 'ros'
[0.805s] Level 1:colcon.colcon_core.package_identification:_identify(src) by extensions ['cmake', 'python']
[0.805s] Level 1:colcon.colcon_core.package_identification:_identify(src) by extension 'cmake'
[0.805s] Level 1:colcon.colcon_core.package_identification:_identify(src) by extension 'python'
[0.805s] Level 1:colcon.colcon_core.package_identification:_identify(src) by extensions ['python_setup_py']
[0.805s] Level 1:colcon.colcon_core.package_identification:_identify(src) by extension 'python_setup_py'
[0.806s] Level 1:colcon.colcon_core.package_identification:_identify(src/lab2) by extensions ['ignore', 'ignore_ament_install']
[0.806s] Level 1:colcon.colcon_core.package_identification:_identify(src/lab2) by extension 'ignore'
[0.806s] Level 1:colcon.colcon_core.package_identification:_identify(src/lab2) by extension 'ignore_ament_install'
[0.806s] Level 1:colcon.colcon_core.package_identification:_identify(src/lab2) by extensions ['colcon_pkg']
[0.806s] Level 1:colcon.colcon_core.package_identification:_identify(src/lab2) by extension 'colcon_pkg'
[0.806s] Level 1:colcon.colcon_core.package_identification:_identify(src/lab2) by extensions ['colcon_meta']
[0.806s] Level 1:colcon.colcon_core.package_identification:_identify(src/lab2) by extension 'colcon_meta'
[0.806s] Level 1:colcon.colcon_core.package_identification:_identify(src/lab2) by extensions ['ros']
[0.806s] Level 1:colcon.colcon_core.package_identification:_identify(src/lab2) by extension 'ros'
[0.808s] DEBUG:colcon.colcon_core.package_identification:Package 'src/lab2' with type 'ros.ament_python' and name 'lab2'
[0.808s] Level 1:colcon.colcon_core.package_identification:_identify(src/lab3) by extensions ['ignore', 'ignore_ament_install']
[0.808s] Level 1:colcon.colcon_core.package_identification:_identify(src/lab3) by extension 'ignore'
[0.808s] Level 1:colcon.colcon_core.package_identification:_identify(src/lab3) by extension 'ignore_ament_install'
[0.808s] Level 1:colcon.colcon_core.package_identification:_identify(src/lab3) by extensions ['colcon_pkg']
[0.808s] Level 1:colcon.colcon_core.package_identification:_identify(src/lab3) by extension 'colcon_pkg'
[0.808s] Level 1:colcon.colcon_core.package_identification:_identify(src/lab3) by extensions ['colcon_meta']
[0.808s] Level 1:colcon.colcon_core.package_identification:_identify(src/lab3) by extension 'colcon_meta'
[0.808s] Level 1:colcon.colcon_core.package_identification:_identify(src/lab3) by extensions ['ros']
[0.808s] Level 1:colcon.colcon_core.package_identification:_identify(src/lab3) by extension 'ros'
[0.809s] DEBUG:colcon.colcon_core.package_identification:Package 'src/lab3' with type 'ros.ament_python' and name 'lab3'
[0.809s] Level 1:colcon.colcon_core.package_discovery:discover_packages(recursive) using defaults
[0.809s] Level 1:colcon.colcon_core.package_discovery:discover_packages(ignore) discover
[0.809s] Level 1:colcon.colcon_core.package_discovery:discover_packages(ignore) using defaults
[0.809s] Level 1:colcon.colcon_core.package_discovery:discover_packages(path) discover
[0.809s] Level 1:colcon.colcon_core.package_discovery:discover_packages(path) using defaults
[0.879s] Level 1:colcon.colcon_core.package_discovery:discover_packages(prefix_path) check parameters
[0.879s] Level 1:colcon.colcon_core.package_discovery:discover_packages(prefix_path) discover
[0.902s] DEBUG:colcon.colcon_installed_package_information.package_discovery:Found 2 installed packages in /home/jwcho/Desktop/Turtlebot_Labs/turtle_ws/install
[0.914s] DEBUG:colcon.colcon_installed_package_information.package_discovery:Found 381 installed packages in /opt/ros/humble
[0.915s] Level 1:colcon.colcon_core.package_discovery:discover_packages(prefix_path) using defaults
[1.000s] Level 5:colcon.colcon_core.verb:set package 'lab2' build argument 'cmake_args' from command line to 'None'
[1.000s] Level 5:colcon.colcon_core.verb:set package 'lab2' build argument 'cmake_target' from command line to 'None'
[1.000s] Level 5:colcon.colcon_core.verb:set package 'lab2' build argument 'cmake_target_skip_unavailable' from command line to 'False'
[1.000s] Level 5:colcon.colcon_core.verb:set package 'lab2' build argument 'cmake_clean_cache' from command line to 'False'
[1.000s] Level 5:colcon.colcon_core.verb:set package 'lab2' build argument 'cmake_clean_first' from command line to 'False'
[1.000s] Level 5:colcon.colcon_core.verb:set package 'lab2' build argument 'cmake_force_configure' from command line to 'False'
[1.000s] Level 5:colcon.colcon_core.verb:set package 'lab2' build argument 'ament_cmake_args' from command line to 'None'
[1.000s] Level 5:colcon.colcon_core.verb:set package 'lab2' build argument 'catkin_cmake_args' from command line to 'None'
[1.000s] Level 5:colcon.colcon_core.verb:set package 'lab2' build argument 'catkin_skip_building_tests' from command line to 'False'
[1.000s] DEBUG:colcon.colcon_core.verb:Building package 'lab2' with the following arguments: {'ament_cmake_args': None, 'build_base': '/home/jwcho/Desktop/Turtlebot_Labs/turtle_ws/build/lab2', 'catkin_cmake_args': None, 'catkin_skip_building_tests': False, 'cmake_args': None, 'cmake_clean_cache': False, 'cmake_clean_first': False, 'cmake_force_configure': False, 'cmake_target': None, 'cmake_target_skip_unavailable': False, 'install_base': '/home/jwcho/Desktop/Turtlebot_Labs/turtle_ws/install/lab2', 'merge_install': False, 'path': '/home/jwcho/Desktop/Turtlebot_Labs/turtle_ws/src/lab2', 'symlink_install': False, 'test_result_base': None}
[1.012s] Level 5:colcon.colcon_core.verb:set package 'lab3' build argument 'cmake_args' from command line to 'None'
[1.012s] Level 5:colcon.colcon_core.verb:set package 'lab3' build argument 'cmake_target' from command line to 'None'
[1.012s] Level 5:colcon.colcon_core.verb:set package 'lab3' build argument 'cmake_target_skip_unavailable' from command line to 'False'
[1.012s] Level 5:colcon.colcon_core.verb:set package 'lab3' build argument 'cmake_clean_cache' from command line to 'False'
[1.012s] Level 5:colcon.colcon_core.verb:set package 'lab3' build argument 'cmake_clean_first' from command line to 'False'
[1.012s] Level 5:colcon.colcon_core.verb:set package 'lab3' build argument 'cmake_force_configure' from command line to 'False'
[1.012s] Level 5:colcon.colcon_core.verb:set package 'lab3' build argument 'ament_cmake_args' from command line to 'None'
[1.012s] Level 5:colcon.colcon_core.verb:set package 'lab3' build argument 'catkin_cmake_args' from command line to 'None'
[1.012s] Level 5:colcon.colcon_core.verb:set package 'lab3' build argument 'catkin_skip_building_tests' from command line to 'False'
[1.012s] DEBUG:colcon.colcon_core.verb:Building package 'lab3' with the following arguments: {'ament_cmake_args': None, 'build_base': '/home/jwcho/Desktop/Turtlebot_Labs/turtle_ws/build/lab3', 'catkin_cmake_args': None, 'catkin_skip_building_tests': False, 'cmake_args': None, 'cmake_clean_cache': False, 'cmake_clean_first': False, 'cmake_force_configure': False, 'cmake_target': None, 'cmake_target_skip_unavailable': False, 'install_base': '/home/jwcho/Desktop/Turtlebot_Labs/turtle_ws/install/lab3', 'merge_install': False, 'path': '/home/jwcho/Desktop/Turtlebot_Labs/turtle_ws/src/lab3', 'symlink_install': False, 'test_result_base': None}
[1.023s] INFO:colcon.colcon_core.executor:Executing jobs using 'parallel' executor
[1.034s] DEBUG:colcon.colcon_parallel_executor.executor.parallel:run_until_complete
[1.034s] INFO:colcon.colcon_ros.task.ament_python.build:Building ROS package in '/home/jwcho/Desktop/Turtlebot_Labs/turtle_ws/src/lab2' with build type 'ament_python'
[1.034s] Level 1:colcon.colcon_core.shell:create_environment_hook('lab2', 'ament_prefix_path')
[1.048s] INFO:colcon.colcon_core.plugin_system:Skipping extension 'colcon_core.shell.bat': Not used on non-Windows systems
[1.048s] INFO:colcon.colcon_core.shell:Creating environment hook '/home/jwcho/Desktop/Turtlebot_Labs/turtle_ws/install/lab2/share/lab2/hook/ament_prefix_path.ps1'
[1.048s] INFO:colcon.colcon_core.shell:Creating environment descriptor '/home/jwcho/Desktop/Turtlebot_Labs/turtle_ws/install/lab2/share/lab2/hook/ament_prefix_path.dsv'
[1.049s] INFO:colcon.colcon_core.shell:Creating environment hook '/home/jwcho/Desktop/Turtlebot_Labs/turtle_ws/install/lab2/share/lab2/hook/ament_prefix_path.sh'
[1.062s] INFO:colcon.colcon_core.shell:Skip shell extension 'powershell' for command environment: Not usable outside of PowerShell
[1.062s] DEBUG:colcon.colcon_core.shell:Skip shell extension 'dsv' for command environment
[1.098s] INFO:colcon.colcon_ros.task.ament_python.build:Building ROS package in '/home/jwcho/Desktop/Turtlebot_Labs/turtle_ws/src/lab3' with build type 'ament_python'
[1.098s] Level 1:colcon.colcon_core.shell:create_environment_hook('lab3', 'ament_prefix_path')
[1.111s] INFO:colcon.colcon_core.shell:Creating environment hook '/home/jwcho/Desktop/Turtlebot_Labs/turtle_ws/install/lab3/share/lab3/hook/ament_prefix_path.ps1'
[1.111s] INFO:colcon.colcon_core.shell:Creating environment descriptor '/home/jwcho/Desktop/Turtlebot_Labs/turtle_ws/install/lab3/share/lab3/hook/ament_prefix_path.dsv'
[1.111s] INFO:colcon.colcon_core.shell:Creating environment hook '/home/jwcho/Desktop/Turtlebot_Labs/turtle_ws/install/lab3/share/lab3/hook/ament_prefix_path.sh'
[1.123s] INFO:colcon.colcon_core.shell:Skip shell extension 'powershell' for command environment: Not usable outside of PowerShell
[1.124s] DEBUG:colcon.colcon_core.shell:Skip shell extension 'dsv' for command environment
[1.363s] INFO:colcon.colcon_core.task.python.build:Building Python package in '/home/jwcho/Desktop/Turtlebot_Labs/turtle_ws/src/lab2'
[1.377s] INFO:colcon.colcon_core.shell:Skip shell extension 'powershell' for command environment: Not usable outside of PowerShell
[1.377s] DEBUG:colcon.colcon_core.shell:Skip shell extension 'dsv' for command environment
[1.606s] INFO:colcon.colcon_core.task.python.build:Building Python package in '/home/jwcho/Desktop/Turtlebot_Labs/turtle_ws/src/lab3'
[1.618s] INFO:colcon.colcon_core.shell:Skip shell extension 'powershell' for command environment: Not usable outside of PowerShell
[1.618s] DEBUG:colcon.colcon_core.shell:Skip shell extension 'dsv' for command environment
[2.038s] DEBUG:colcon.colcon_core.event_handler.log_command:Invoking command in '/home/jwcho/Desktop/Turtlebot_Labs/turtle_ws/src/lab2': PYTHONPATH=/home/jwcho/Desktop/Turtlebot_Labs/turtle_ws/build/lab2/prefix_override:/home/jwcho/Desktop/Turtlebot_Labs/turtle_ws/install/lab2/lib/python3.10/site-packages:${PYTHONPATH} /usr/bin/python3 setup.py egg_info --egg-base ../../build/lab2 build --build-base /home/jwcho/Desktop/Turtlebot_Labs/turtle_ws/build/lab2/build install --record /home/jwcho/Desktop/Turtlebot_Labs/turtle_ws/build/lab2/install.log --single-version-externally-managed
[2.040s] DEBUG:colcon.colcon_core.event_handler.log_command:Invoking command in '/home/jwcho/Desktop/Turtlebot_Labs/turtle_ws/src/lab3': PYTHONPATH=/home/jwcho/Desktop/Turtlebot_Labs/turtle_ws/build/lab3/prefix_override:/home/jwcho/Desktop/Turtlebot_Labs/turtle_ws/install/lab3/lib/python3.10/site-packages:${PYTHONPATH} /usr/bin/python3 setup.py egg_info --egg-base ../../build/lab3 build --build-base /home/jwcho/Desktop/Turtlebot_Labs/turtle_ws/build/lab3/build install --record /home/jwcho/Desktop/Turtlebot_Labs/turtle_ws/build/lab3/install.log --single-version-externally-managed
[2.333s] DEBUG:colcon.colcon_core.event_handler.log_command:Invoked command in '/home/jwcho/Desktop/Turtlebot_Labs/turtle_ws/src/lab2' returned '0': PYTHONPATH=/home/jwcho/Desktop/Turtlebot_Labs/turtle_ws/build/lab2/prefix_override:/home/jwcho/Desktop/Turtlebot_Labs/turtle_ws/install/lab2/lib/python3.10/site-packages:${PYTHONPATH} /usr/bin/python3 setup.py egg_info --egg-base ../../build/lab2 build --build-base /home/jwcho/Desktop/Turtlebot_Labs/turtle_ws/build/lab2/build install --record /home/jwcho/Desktop/Turtlebot_Labs/turtle_ws/build/lab2/install.log --single-version-externally-managed
[2.357s] Level 1:colcon.colcon_core.environment:checking '/home/jwcho/Desktop/Turtlebot_Labs/turtle_ws/install/lab2' for CMake module files
[2.358s] Level 1:colcon.colcon_core.environment:checking '/home/jwcho/Desktop/Turtlebot_Labs/turtle_ws/install/lab2' for CMake config files
[2.359s] Level 1:colcon.colcon_core.environment:checking '/home/jwcho/Desktop/Turtlebot_Labs/turtle_ws/install/lab2/lib'
[2.359s] Level 1:colcon.colcon_core.environment:checking '/home/jwcho/Desktop/Turtlebot_Labs/turtle_ws/install/lab2/bin'
[2.359s] Level 1:colcon.colcon_core.environment:checking '/home/jwcho/Desktop/Turtlebot_Labs/turtle_ws/install/lab2/lib/pkgconfig/lab2.pc'
[2.359s] Level 1:colcon.colcon_core.environment:checking '/home/jwcho/Desktop/Turtlebot_Labs/turtle_ws/install/lab2/lib/python3.10/site-packages'
[2.360s] Level 1:colcon.colcon_core.shell:create_environment_hook('lab2', 'pythonpath')
[2.378s] INFO:colcon.colcon_core.shell:Creating environment hook '/home/jwcho/Desktop/Turtlebot_Labs/turtle_ws/install/lab2/share/lab2/hook/pythonpath.ps1'
[2.379s] INFO:colcon.colcon_core.shell:Creating environment descriptor '/home/jwcho/Desktop/Turtlebot_Labs/turtle_ws/install/lab2/share/lab2/hook/pythonpath.dsv'
[2.379s] INFO:colcon.colcon_core.shell:Creating environment hook '/home/jwcho/Desktop/Turtlebot_Labs/turtle_ws/install/lab2/share/lab2/hook/pythonpath.sh'
[2.380s] Level 1:colcon.colcon_core.environment:checking '/home/jwcho/Desktop/Turtlebot_Labs/turtle_ws/install/lab2/bin'
[2.380s] Level 1:colcon.colcon_core.environment:create_environment_scripts_only(lab2)
[2.399s] INFO:colcon.colcon_core.shell:Creating package script '/home/jwcho/Desktop/Turtlebot_Labs/turtle_ws/install/lab2/share/lab2/package.ps1'
[2.401s] INFO:colcon.colcon_core.shell:Creating package descriptor '/home/jwcho/Desktop/Turtlebot_Labs/turtle_ws/install/lab2/share/lab2/package.dsv'
[2.401s] INFO:colcon.colcon_core.shell:Creating package script '/home/jwcho/Desktop/Turtlebot_Labs/turtle_ws/install/lab2/share/lab2/package.sh'
[2.402s] INFO:colcon.colcon_core.shell:Creating package script '/home/jwcho/Desktop/Turtlebot_Labs/turtle_ws/install/lab2/share/lab2/package.bash'
[2.403s] INFO:colcon.colcon_core.shell:Creating package script '/home/jwcho/Desktop/Turtlebot_Labs/turtle_ws/install/lab2/share/lab2/package.zsh'
[2.403s] Level 1:colcon.colcon_core.environment:create_file_with_runtime_dependencies(/home/jwcho/Desktop/Turtlebot_Labs/turtle_ws/install/lab2/share/colcon-core/packages/lab2)
[2.405s] DEBUG:colcon.colcon_core.event_handler.log_command:Invoked command in '/home/jwcho/Desktop/Turtlebot_Labs/turtle_ws/src/lab3' returned '0': PYTHONPATH=/home/jwcho/Desktop/Turtlebot_Labs/turtle_ws/build/lab3/prefix_override:/home/jwcho/Desktop/Turtlebot_Labs/turtle_ws/install/lab3/lib/python3.10/site-packages:${PYTHONPATH} /usr/bin/python3 setup.py egg_info --egg-base ../../build/lab3 build --build-base /home/jwcho/Desktop/Turtlebot_Labs/turtle_ws/build/lab3/build install --record /home/jwcho/Desktop/Turtlebot_Labs/turtle_ws/build/lab3/install.log --single-version-externally-managed
[2.420s] Level 1:colcon.colcon_core.environment:checking '/home/jwcho/Desktop/Turtlebot_Labs/turtle_ws/install/lab3' for CMake module files
[2.420s] Level 1:colcon.colcon_core.environment:checking '/home/jwcho/Desktop/Turtlebot_Labs/turtle_ws/install/lab3' for CMake config files
[2.421s] Level 1:colcon.colcon_core.environment:checking '/home/jwcho/Desktop/Turtlebot_Labs/turtle_ws/install/lab3/lib'
[2.421s] Level 1:colcon.colcon_core.environment:checking '/home/jwcho/Desktop/Turtlebot_Labs/turtle_ws/install/lab3/bin'
[2.421s] Level 1:colcon.colcon_core.environment:checking '/home/jwcho/Desktop/Turtlebot_Labs/turtle_ws/install/lab3/lib/pkgconfig/lab3.pc'
[2.421s] Level 1:colcon.colcon_core.environment:checking '/home/jwcho/Desktop/Turtlebot_Labs/turtle_ws/install/lab3/lib/python3.10/site-packages'
[2.421s] Level 1:colcon.colcon_core.shell:create_environment_hook('lab3', 'pythonpath')
[2.437s] INFO:colcon.colcon_core.shell:Creating environment hook '/home/jwcho/Desktop/Turtlebot_Labs/turtle_ws/install/lab3/share/lab3/hook/pythonpath.ps1'
[2.437s] INFO:colcon.colcon_core.shell:Creating environment descriptor '/home/jwcho/Desktop/Turtlebot_Labs/turtle_ws/install/lab3/share/lab3/hook/pythonpath.dsv'
[2.437s] INFO:colcon.colcon_core.shell:Creating environment hook '/home/jwcho/Desktop/Turtlebot_Labs/turtle_ws/install/lab3/share/lab3/hook/pythonpath.sh'
[2.438s] Level 1:colcon.colcon_core.environment:checking '/home/jwcho/Desktop/Turtlebot_Labs/turtle_ws/install/lab3/bin'
[2.438s] Level 1:colcon.colcon_core.environment:create_environment_scripts_only(lab3)
[2.452s] INFO:colcon.colcon_core.shell:Creating package script '/home/jwcho/Desktop/Turtlebot_Labs/turtle_ws/install/lab3/share/lab3/package.ps1'
[2.453s] INFO:colcon.colcon_core.shell:Creating package descriptor '/home/jwcho/Desktop/Turtlebot_Labs/turtle_ws/install/lab3/share/lab3/package.dsv'
[2.453s] INFO:colcon.colcon_core.shell:Creating package script '/home/jwcho/Desktop/Turtlebot_Labs/turtle_ws/install/lab3/share/lab3/package.sh'
[2.453s] INFO:colcon.colcon_core.shell:Creating package script '/home/jwcho/Desktop/Turtlebot_Labs/turtle_ws/install/lab3/share/lab3/package.bash'
[2.454s] INFO:colcon.colcon_core.shell:Creating package script '/home/jwcho/Desktop/Turtlebot_Labs/turtle_ws/install/lab3/share/lab3/package.zsh'
[2.454s] Level 1:colcon.colcon_core.environment:create_file_with_runtime_dependencies(/home/jwcho/Desktop/Turtlebot_Labs/turtle_ws/install/lab3/share/colcon-core/packages/lab3)
[2.454s] DEBUG:colcon.colcon_parallel_executor.executor.parallel:closing loop
[2.454s] DEBUG:colcon.colcon_parallel_executor.executor.parallel:loop closed
[2.454s] DEBUG:colcon.colcon_parallel_executor.executor.parallel:run_until_complete finished with '0'
[2.454s] DEBUG:colcon.colcon_core.event_reactor:joining thread
[2.475s] INFO:colcon.colcon_core.plugin_system:Skipping extension 'colcon_notification.desktop_notification.terminal_notifier': Not used on non-Darwin systems
[2.475s] INFO:colcon.colcon_core.plugin_system:Skipping extension 'colcon_notification.desktop_notification.win32': Not used on non-Windows systems
[2.475s] INFO:colcon.colcon_notification.desktop_notification:Sending desktop notification using 'notify2'
[2.485s] DEBUG:colcon.colcon_core.event_reactor:joined thread
[2.500s] INFO:colcon.colcon_core.shell:Creating prefix script '/home/jwcho/Desktop/Turtlebot_Labs/turtle_ws/install/local_setup.ps1'
[2.501s] INFO:colcon.colcon_core.shell:Creating prefix util module '/home/jwcho/Desktop/Turtlebot_Labs/turtle_ws/install/_local_setup_util_ps1.py'
[2.503s] INFO:colcon.colcon_core.shell:Creating prefix chain script '/home/jwcho/Desktop/Turtlebot_Labs/turtle_ws/install/setup.ps1'
[2.518s] INFO:colcon.colcon_core.shell:Creating prefix script '/home/jwcho/Desktop/Turtlebot_Labs/turtle_ws/install/local_setup.sh'
[2.519s] INFO:colcon.colcon_core.shell:Creating prefix util module '/home/jwcho/Desktop/Turtlebot_Labs/turtle_ws/install/_local_setup_util_sh.py'
[2.520s] INFO:colcon.colcon_core.shell:Creating prefix chain script '/home/jwcho/Desktop/Turtlebot_Labs/turtle_ws/install/setup.sh'
[2.536s] INFO:colcon.colcon_core.shell:Creating prefix script '/home/jwcho/Desktop/Turtlebot_Labs/turtle_ws/install/local_setup.bash'
[2.537s] INFO:colcon.colcon_core.shell:Creating prefix chain script '/home/jwcho/Desktop/Turtlebot_Labs/turtle_ws/install/setup.bash'
[2.552s] INFO:colcon.colcon_core.shell:Creating prefix script '/home/jwcho/Desktop/Turtlebot_Labs/turtle_ws/install/local_setup.zsh'
[2.553s] INFO:colcon.colcon_core.shell:Creating prefix chain script '/home/jwcho/Desktop/Turtlebot_Labs/turtle_ws/install/setup.zsh'
