[0.942s] Invoking command in '/home/jwcho/Desktop/Turtlebot_Labs/turtle_ws/src/lab3': PYTHONPATH=/home/jwcho/Desktop/Turtlebot_Labs/turtle_ws/build/lab3/prefix_override:/home/jwcho/Desktop/Turtlebot_Labs/turtle_ws/install/lab3/lib/python3.10/site-packages:${PYTHONPATH} /usr/bin/python3 setup.py egg_info --egg-base ../../build/lab3 build --build-base /home/jwcho/Desktop/Turtlebot_Labs/turtle_ws/build/lab3/build install --record /home/jwcho/Desktop/Turtlebot_Labs/turtle_ws/build/lab3/install.log --single-version-externally-managed
[1.164s] running egg_info
[1.165s] writing ../../build/lab3/lab3.egg-info/PKG-INFO
[1.166s] writing dependency_links to ../../build/lab3/lab3.egg-info/dependency_links.txt
[1.166s] writing entry points to ../../build/lab3/lab3.egg-info/entry_points.txt
[1.166s] writing requirements to ../../build/lab3/lab3.egg-info/requires.txt
[1.167s] writing top-level names to ../../build/lab3/lab3.egg-info/top_level.txt
[1.170s] reading manifest file '../../build/lab3/lab3.egg-info/SOURCES.txt'
[1.172s] writing manifest file '../../build/lab3/lab3.egg-info/SOURCES.txt'
[1.172s] running build
[1.172s] running build_py
[1.172s] copying lab3/camera_debugger.py -> /home/jwcho/Desktop/Turtlebot_Labs/turtle_ws/build/lab3/build/lib/lab3
[1.173s] running install
[1.173s] /usr/lib/python3/dist-packages/setuptools/command/install.py:34: SetuptoolsDeprecationWarning: setup.py install is deprecated. Use build and pip and other standards-based tools.
[1.173s]   warnings.warn(
[1.173s] running install_lib
[1.175s] copying /home/jwcho/Desktop/Turtlebot_Labs/turtle_ws/build/lab3/build/lib/lab3/camera_debugger.py -> /home/jwcho/Desktop/Turtlebot_Labs/turtle_ws/install/lab3/lib/python3.10/site-packages/lab3
[1.176s] byte-compiling /home/jwcho/Desktop/Turtlebot_Labs/turtle_ws/install/lab3/lib/python3.10/site-packages/lab3/camera_debugger.py to camera_debugger.cpython-310.pyc
[1.177s] running install_data
[1.178s] running install_egg_info
[1.181s] removing '/home/jwcho/Desktop/Turtlebot_Labs/turtle_ws/install/lab3/lib/python3.10/site-packages/lab3-0.0.0-py3.10.egg-info' (and everything under it)
[1.181s] Copying ../../build/lab3/lab3.egg-info to /home/jwcho/Desktop/Turtlebot_Labs/turtle_ws/install/lab3/lib/python3.10/site-packages/lab3-0.0.0-py3.10.egg-info
[1.182s] running install_scripts
[1.211s] Installing camera_debugger script to /home/jwcho/Desktop/Turtlebot_Labs/turtle_ws/install/lab3/lib/lab3
[1.211s] Installing chase_object script to /home/jwcho/Desktop/Turtlebot_Labs/turtle_ws/install/lab3/lib/lab3
[1.211s] Installing find_object script to /home/jwcho/Desktop/Turtlebot_Labs/turtle_ws/install/lab3/lib/lab3
[1.212s] Installing get_object_range script to /home/jwcho/Desktop/Turtlebot_Labs/turtle_ws/install/lab3/lib/lab3
[1.212s] writing list of installed files to '/home/jwcho/Desktop/Turtlebot_Labs/turtle_ws/build/lab3/install.log'
[1.307s] Invoked command in '/home/jwcho/Desktop/Turtlebot_Labs/turtle_ws/src/lab3' returned '0': PYTHONPATH=/home/jwcho/Desktop/Turtlebot_Labs/turtle_ws/build/lab3/prefix_override:/home/jwcho/Desktop/Turtlebot_Labs/turtle_ws/install/lab3/lib/python3.10/site-packages:${PYTHONPATH} /usr/bin/python3 setup.py egg_info --egg-base ../../build/lab3 build --build-base /home/jwcho/Desktop/Turtlebot_Labs/turtle_ws/build/lab3/build install --record /home/jwcho/Desktop/Turtlebot_Labs/turtle_ws/build/lab3/install.log --single-version-externally-managed
