/home/jwcho/Desktop/Turtlebot_Labs/turtle_ws/install/lab2/lib/python3.10/site-packages/lab2/rotate_robot.py
/home/jwcho/Desktop/Turtlebot_Labs/turtle_ws/install/lab2/lib/python3.10/site-packages/lab2/get_object_range.py
/home/jwcho/Desktop/Turtlebot_Labs/turtle_ws/install/lab2/lib/python3.10/site-packages/lab2/__init__.py
/home/jwcho/Desktop/Turtlebot_Labs/turtle_ws/install/lab2/lib/python3.10/site-packages/lab2/camera_debugger.py
/home/jwcho/Desktop/Turtlebot_Labs/turtle_ws/install/lab2/lib/python3.10/site-packages/lab2/find_object.py
/home/jwcho/Desktop/Turtlebot_Labs/turtle_ws/install/lab2/lib/python3.10/site-packages/lab2/__pycache__/rotate_robot.cpython-310.pyc
/home/jwcho/Desktop/Turtlebot_Labs/turtle_ws/install/lab2/lib/python3.10/site-packages/lab2/__pycache__/get_object_range.cpython-310.pyc
/home/jwcho/Desktop/Turtlebot_Labs/turtle_ws/install/lab2/lib/python3.10/site-packages/lab2/__pycache__/__init__.cpython-310.pyc
/home/jwcho/Desktop/Turtlebot_Labs/turtle_ws/install/lab2/lib/python3.10/site-packages/lab2/__pycache__/camera_debugger.cpython-310.pyc
/home/jwcho/Desktop/Turtlebot_Labs/turtle_ws/install/lab2/lib/python3.10/site-packages/lab2/__pycache__/find_object.cpython-310.pyc
/home/jwcho/Desktop/Turtlebot_Labs/turtle_ws/install/lab2/share/ament_index/resource_index/packages/lab2
/home/jwcho/Desktop/Turtlebot_Labs/turtle_ws/install/lab2/share/lab2/package.xml
/home/jwcho/Desktop/Turtlebot_Labs/turtle_ws/install/lab2/lib/python3.10/site-packages/lab2-0.0.0-py3.10.egg-info/SOURCES.txt
/home/jwcho/Desktop/Turtlebot_Labs/turtle_ws/install/lab2/lib/python3.10/site-packages/lab2-0.0.0-py3.10.egg-info/zip-safe
/home/jwcho/Desktop/Turtlebot_Labs/turtle_ws/install/lab2/lib/python3.10/site-packages/lab2-0.0.0-py3.10.egg-info/dependency_links.txt
/home/jwcho/Desktop/Turtlebot_Labs/turtle_ws/install/lab2/lib/python3.10/site-packages/lab2-0.0.0-py3.10.egg-info/PKG-INFO
/home/jwcho/Desktop/Turtlebot_Labs/turtle_ws/install/lab2/lib/python3.10/site-packages/lab2-0.0.0-py3.10.egg-info/top_level.txt
/home/jwcho/Desktop/Turtlebot_Labs/turtle_ws/install/lab2/lib/python3.10/site-packages/lab2-0.0.0-py3.10.egg-info/entry_points.txt
/home/jwcho/Desktop/Turtlebot_Labs/turtle_ws/install/lab2/lib/python3.10/site-packages/lab2-0.0.0-py3.10.egg-info/requires.txt
/home/jwcho/Desktop/Turtlebot_Labs/turtle_ws/install/lab2/lib/lab2/camera_debugger
/home/jwcho/Desktop/Turtlebot_Labs/turtle_ws/install/lab2/lib/lab2/find_object
/home/jwcho/Desktop/Turtlebot_Labs/turtle_ws/install/lab2/lib/lab2/get_object_range
/home/jwcho/Desktop/Turtlebot_Labs/turtle_ws/install/lab2/lib/lab2/rotate_robot
