[3.467s] Invoking command in '/home/mjmck34/Local_Github_Repo/turtle_ws/src/lab4': PYTHONPATH=/home/mjmck34/Local_Github_Repo/turtle_ws/build/lab4/prefix_override:/home/mjmck34/Local_Github_Repo/turtle_ws/install/lab4/lib/python3.10/site-packages:${PYTHONPATH} /usr/bin/python3 setup.py egg_info --egg-base ../../build/lab4 build --build-base /home/mjmck34/Local_Github_Repo/turtle_ws/build/lab4/build install --record /home/mjmck34/Local_Github_Repo/turtle_ws/build/lab4/install.log --single-version-externally-managed
[3.956s] running egg_info
[3.956s] writing ../../build/lab4/lab4.egg-info/PKG-INFO
[3.956s] writing dependency_links to ../../build/lab4/lab4.egg-info/dependency_links.txt
[3.957s] writing entry points to ../../build/lab4/lab4.egg-info/entry_points.txt
[3.957s] writing requirements to ../../build/lab4/lab4.egg-info/requires.txt
[3.957s] writing top-level names to ../../build/lab4/lab4.egg-info/top_level.txt
[3.957s] reading manifest file '../../build/lab4/lab4.egg-info/SOURCES.txt'
[3.957s] writing manifest file '../../build/lab4/lab4.egg-info/SOURCES.txt'
[3.957s] running build
[3.957s] running build_py
[3.957s] running install
[3.957s] running install_lib
[3.957s] running install_data
[3.957s] running install_egg_info
[3.958s] /usr/lib/python3/dist-packages/setuptools/command/install.py:34: SetuptoolsDeprecationWarning: setup.py install is deprecated. Use build and pip and other standards-based tools.
[3.958s]   warnings.warn(
[3.958s] removing '/home/mjmck34/Local_Github_Repo/turtle_ws/install/lab4/lib/python3.10/site-packages/lab4-0.0.0-py3.10.egg-info' (and everything under it)
[3.958s] Copying ../../build/lab4/lab4.egg-info to /home/mjmck34/Local_Github_Repo/turtle_ws/install/lab4/lib/python3.10/site-packages/lab4-0.0.0-py3.10.egg-info
[3.980s] running install_scripts
[4.035s] Installing get_object_range script to /home/mjmck34/Local_Github_Repo/turtle_ws/install/lab4/lib/lab4
[4.063s] Installing print_fixed_odometry script to /home/mjmck34/Local_Github_Repo/turtle_ws/install/lab4/lib/lab4
[4.064s] Installing rotation_script script to /home/mjmck34/Local_Github_Repo/turtle_ws/install/lab4/lib/lab4
[4.064s] writing list of installed files to '/home/mjmck34/Local_Github_Repo/turtle_ws/build/lab4/install.log'
[4.075s] Invoked command in '/home/mjmck34/Local_Github_Repo/turtle_ws/src/lab4' returned '0': PYTHONPATH=/home/mjmck34/Local_Github_Repo/turtle_ws/build/lab4/prefix_override:/home/mjmck34/Local_Github_Repo/turtle_ws/install/lab4/lib/python3.10/site-packages:${PYTHONPATH} /usr/bin/python3 setup.py egg_info --egg-base ../../build/lab4 build --build-base /home/mjmck34/Local_Github_Repo/turtle_ws/build/lab4/build install --record /home/mjmck34/Local_Github_Repo/turtle_ws/build/lab4/install.log --single-version-externally-managed
