[3.238s] Invoking command in '/home/mjmck34/Local_Github_Repo/turtle_ws/src/lab3': PYTHONPATH=/home/mjmck34/Local_Github_Repo/turtle_ws/build/lab3/prefix_override:/home/mjmck34/Local_Github_Repo/turtle_ws/install/lab3/lib/python3.10/site-packages:${PYTHONPATH} /usr/bin/python3 setup.py egg_info --egg-base ../../build/lab3 build --build-base /home/mjmck34/Local_Github_Repo/turtle_ws/build/lab3/build install --record /home/mjmck34/Local_Github_Repo/turtle_ws/build/lab3/install.log --single-version-externally-managed
[3.540s] running egg_info
[3.540s] writing ../../build/lab3/lab3.egg-info/PKG-INFO
[3.540s] writing dependency_links to ../../build/lab3/lab3.egg-info/dependency_links.txt
[3.542s] writing entry points to ../../build/lab3/lab3.egg-info/entry_points.txt
[3.543s] writing requirements to ../../build/lab3/lab3.egg-info/requires.txt
[3.547s] writing top-level names to ../../build/lab3/lab3.egg-info/top_level.txt
[3.552s] reading manifest file '../../build/lab3/lab3.egg-info/SOURCES.txt'
[3.556s] writing manifest file '../../build/lab3/lab3.egg-info/SOURCES.txt'
[3.556s] running build
[3.556s] running build_py
[3.556s] copying lab3/find_object.py -> /home/mjmck34/Local_Github_Repo/turtle_ws/build/lab3/build/lib/lab3
[3.558s] copying lab3/get_object_range.py -> /home/mjmck34/Local_Github_Repo/turtle_ws/build/lab3/build/lib/lab3
[3.559s] copying lab3/chase_object.py -> /home/mjmck34/Local_Github_Repo/turtle_ws/build/lab3/build/lib/lab3
[3.561s] running install
[3.561s] /usr/lib/python3/dist-packages/setuptools/command/install.py:34: SetuptoolsDeprecationWarning: setup.py install is deprecated. Use build and pip and other standards-based tools.
[3.561s]   warnings.warn(
[3.563s] running install_lib
[3.565s] copying /home/mjmck34/Local_Github_Repo/turtle_ws/build/lab3/build/lib/lab3/find_object.py -> /home/mjmck34/Local_Github_Repo/turtle_ws/install/lab3/lib/python3.10/site-packages/lab3
[3.565s] copying /home/mjmck34/Local_Github_Repo/turtle_ws/build/lab3/build/lib/lab3/get_object_range.py -> /home/mjmck34/Local_Github_Repo/turtle_ws/install/lab3/lib/python3.10/site-packages/lab3
[3.566s] copying /home/mjmck34/Local_Github_Repo/turtle_ws/build/lab3/build/lib/lab3/chase_object.py -> /home/mjmck34/Local_Github_Repo/turtle_ws/install/lab3/lib/python3.10/site-packages/lab3
[3.569s] byte-compiling /home/mjmck34/Local_Github_Repo/turtle_ws/install/lab3/lib/python3.10/site-packages/lab3/find_object.py to find_object.cpython-310.pyc
[3.570s] byte-compiling /home/mjmck34/Local_Github_Repo/turtle_ws/install/lab3/lib/python3.10/site-packages/lab3/get_object_range.py to get_object_range.cpython-310.pyc
[3.572s] byte-compiling /home/mjmck34/Local_Github_Repo/turtle_ws/install/lab3/lib/python3.10/site-packages/lab3/chase_object.py to chase_object.cpython-310.pyc
[3.573s] running install_data
[3.574s] running install_egg_info
[3.577s] removing '/home/mjmck34/Local_Github_Repo/turtle_ws/install/lab3/lib/python3.10/site-packages/lab3-0.0.0-py3.10.egg-info' (and everything under it)
[3.578s] Copying ../../build/lab3/lab3.egg-info to /home/mjmck34/Local_Github_Repo/turtle_ws/install/lab3/lib/python3.10/site-packages/lab3-0.0.0-py3.10.egg-info
[3.580s] running install_scripts
[3.617s] Installing camera_debugger script to /home/mjmck34/Local_Github_Repo/turtle_ws/install/lab3/lib/lab3
[3.618s] Installing chase_object script to /home/mjmck34/Local_Github_Repo/turtle_ws/install/lab3/lib/lab3
[3.625s] Installing find_object script to /home/mjmck34/Local_Github_Repo/turtle_ws/install/lab3/lib/lab3
[3.625s] Installing get_object_range script to /home/mjmck34/Local_Github_Repo/turtle_ws/install/lab3/lib/lab3
[3.626s] writing list of installed files to '/home/mjmck34/Local_Github_Repo/turtle_ws/build/lab3/install.log'
[3.799s] Invoked command in '/home/mjmck34/Local_Github_Repo/turtle_ws/src/lab3' returned '0': PYTHONPATH=/home/mjmck34/Local_Github_Repo/turtle_ws/build/lab3/prefix_override:/home/mjmck34/Local_Github_Repo/turtle_ws/install/lab3/lib/python3.10/site-packages:${PYTHONPATH} /usr/bin/python3 setup.py egg_info --egg-base ../../build/lab3 build --build-base /home/mjmck34/Local_Github_Repo/turtle_ws/build/lab3/build install --record /home/mjmck34/Local_Github_Repo/turtle_ws/build/lab3/install.log --single-version-externally-managed
