[0.946s] Invoking command in '/home/jwcho/Desktop/Turtlebot_Labs/turtle_ws/src/lab3': PYTHONPATH=/home/jwcho/Desktop/Turtlebot_Labs/turtle_ws/build/lab3/prefix_override:/home/jwcho/Desktop/Turtlebot_Labs/turtle_ws/install/lab3/lib/python3.10/site-packages:${PYTHONPATH} /usr/bin/python3 setup.py egg_info --egg-base ../../build/lab3 build --build-base /home/jwcho/Desktop/Turtlebot_Labs/turtle_ws/build/lab3/build install --record /home/jwcho/Desktop/Turtlebot_Labs/turtle_ws/build/lab3/install.log --single-version-externally-managed
[1.141s] running egg_info
[1.142s] writing ../../build/lab3/lab3.egg-info/PKG-INFO
[1.142s] writing dependency_links to ../../build/lab3/lab3.egg-info/dependency_links.txt
[1.142s] writing entry points to ../../build/lab3/lab3.egg-info/entry_points.txt
[1.142s] writing requirements to ../../build/lab3/lab3.egg-info/requires.txt
[1.143s] writing top-level names to ../../build/lab3/lab3.egg-info/top_level.txt
[1.145s] reading manifest file '../../build/lab3/lab3.egg-info/SOURCES.txt'
[1.146s] writing manifest file '../../build/lab3/lab3.egg-info/SOURCES.txt'
[1.146s] running build
[1.147s] running build_py
[1.147s] copying lab3/chase_object.py -> /home/jwcho/Desktop/Turtlebot_Labs/turtle_ws/build/lab3/build/lib/lab3
[1.147s] running install
[1.147s] /usr/lib/python3/dist-packages/setuptools/command/install.py:34: SetuptoolsDeprecationWarning: setup.py install is deprecated. Use build and pip and other standards-based tools.
[1.147s]   warnings.warn(
[1.148s] running install_lib
[1.149s] copying /home/jwcho/Desktop/Turtlebot_Labs/turtle_ws/build/lab3/build/lib/lab3/chase_object.py -> /home/jwcho/Desktop/Turtlebot_Labs/turtle_ws/install/lab3/lib/python3.10/site-packages/lab3
[1.150s] byte-compiling /home/jwcho/Desktop/Turtlebot_Labs/turtle_ws/install/lab3/lib/python3.10/site-packages/lab3/chase_object.py to chase_object.cpython-310.pyc
[1.150s] running install_data
[1.151s] running install_egg_info
[1.153s] removing '/home/jwcho/Desktop/Turtlebot_Labs/turtle_ws/install/lab3/lib/python3.10/site-packages/lab3-0.0.0-py3.10.egg-info' (and everything under it)
[1.153s] Copying ../../build/lab3/lab3.egg-info to /home/jwcho/Desktop/Turtlebot_Labs/turtle_ws/install/lab3/lib/python3.10/site-packages/lab3-0.0.0-py3.10.egg-info
[1.154s] running install_scripts
[1.178s] Installing camera_debugger script to /home/jwcho/Desktop/Turtlebot_Labs/turtle_ws/install/lab3/lib/lab3
[1.178s] Installing chase_object script to /home/jwcho/Desktop/Turtlebot_Labs/turtle_ws/install/lab3/lib/lab3
[1.178s] Installing find_object script to /home/jwcho/Desktop/Turtlebot_Labs/turtle_ws/install/lab3/lib/lab3
[1.178s] Installing get_object_range script to /home/jwcho/Desktop/Turtlebot_Labs/turtle_ws/install/lab3/lib/lab3
[1.179s] writing list of installed files to '/home/jwcho/Desktop/Turtlebot_Labs/turtle_ws/build/lab3/install.log'
[1.241s] Invoked command in '/home/jwcho/Desktop/Turtlebot_Labs/turtle_ws/src/lab3' returned '0': PYTHONPATH=/home/jwcho/Desktop/Turtlebot_Labs/turtle_ws/build/lab3/prefix_override:/home/jwcho/Desktop/Turtlebot_Labs/turtle_ws/install/lab3/lib/python3.10/site-packages:${PYTHONPATH} /usr/bin/python3 setup.py egg_info --egg-base ../../build/lab3 build --build-base /home/jwcho/Desktop/Turtlebot_Labs/turtle_ws/build/lab3/build install --record /home/jwcho/Desktop/Turtlebot_Labs/turtle_ws/build/lab3/install.log --single-version-externally-managed
