running egg_info
writing ../../build/lab3/lab3.egg-info/PKG-INFO
writing dependency_links to ../../build/lab3/lab3.egg-info/dependency_links.txt
writing entry points to ../../build/lab3/lab3.egg-info/entry_points.txt
writing requirements to ../../build/lab3/lab3.egg-info/requires.txt
writing top-level names to ../../build/lab3/lab3.egg-info/top_level.txt
reading manifest file '../../build/lab3/lab3.egg-info/SOURCES.txt'
writing manifest file '../../build/lab3/lab3.egg-info/SOURCES.txt'
running build
running build_py
copying lab3/find_object.py -> /home/mjmck34/Local_Github_Repo/turtle_ws/build/lab3/build/lib/lab3
copying lab3/get_object_range.py -> /home/mjmck34/Local_Github_Repo/turtle_ws/build/lab3/build/lib/lab3
copying lab3/rotate_robot.py -> /home/mjmck34/Local_Github_Repo/turtle_ws/build/lab3/build/lib/lab3
copying lab3/camera_debugger.py -> /home/mjmck34/Local_Github_Repo/turtle_ws/build/lab3/build/lib/lab3
running install
/usr/lib/python3/dist-packages/setuptools/command/install.py:34: SetuptoolsDeprecationWarning: setup.py install is deprecated. Use build and pip and other standards-based tools.
  warnings.warn(
running install_lib
copying /home/mjmck34/Local_Github_Repo/turtle_ws/build/lab3/build/lib/lab3/find_object.py -> /home/mjmck34/Local_Github_Repo/turtle_ws/install/lab3/lib/python3.10/site-packages/lab3
copying /home/mjmck34/Local_Github_Repo/turtle_ws/build/lab3/build/lib/lab3/get_object_range.py -> /home/mjmck34/Local_Github_Repo/turtle_ws/install/lab3/lib/python3.10/site-packages/lab3
copying /home/mjmck34/Local_Github_Repo/turtle_ws/build/lab3/build/lib/lab3/rotate_robot.py -> /home/mjmck34/Local_Github_Repo/turtle_ws/install/lab3/lib/python3.10/site-packages/lab3
copying /home/mjmck34/Local_Github_Repo/turtle_ws/build/lab3/build/lib/lab3/camera_debugger.py -> /home/mjmck34/Local_Github_Repo/turtle_ws/install/lab3/lib/python3.10/site-packages/lab3
byte-compiling /home/mjmck34/Local_Github_Repo/turtle_ws/install/lab3/lib/python3.10/site-packages/lab3/find_object.py to find_object.cpython-310.pyc
byte-compiling /home/mjmck34/Local_Github_Repo/turtle_ws/install/lab3/lib/python3.10/site-packages/lab3/get_object_range.py to get_object_range.cpython-310.pyc
byte-compiling /home/mjmck34/Local_Github_Repo/turtle_ws/install/lab3/lib/python3.10/site-packages/lab3/rotate_robot.py to rotate_robot.cpython-310.pyc
byte-compiling /home/mjmck34/Local_Github_Repo/turtle_ws/install/lab3/lib/python3.10/site-packages/lab3/camera_debugger.py to camera_debugger.cpython-310.pyc
running install_data
copying package.xml -> /home/mjmck34/Local_Github_Repo/turtle_ws/install/lab3/share/lab3
running install_egg_info
removing '/home/mjmck34/Local_Github_Repo/turtle_ws/install/lab3/lib/python3.10/site-packages/lab3-0.0.0-py3.10.egg-info' (and everything under it)
Copying ../../build/lab3/lab3.egg-info to /home/mjmck34/Local_Github_Repo/turtle_ws/install/lab3/lib/python3.10/site-packages/lab3-0.0.0-py3.10.egg-info
running install_scripts
Installing camera_debugger script to /home/mjmck34/Local_Github_Repo/turtle_ws/install/lab3/lib/lab3
Installing find_object script to /home/mjmck34/Local_Github_Repo/turtle_ws/install/lab3/lib/lab3
Installing get_object_range script to /home/mjmck34/Local_Github_Repo/turtle_ws/install/lab3/lib/lab3
Installing rotate_robot script to /home/mjmck34/Local_Github_Repo/turtle_ws/install/lab3/lib/lab3
writing list of installed files to '/home/mjmck34/Local_Github_Repo/turtle_ws/build/lab3/install.log'
