[1.655s] Invoking command in '/home/mjmck34/Local_Github_Repo/turtle_ws/src/lab3': PYTHONPATH=/home/mjmck34/Local_Github_Repo/turtle_ws/build/lab3/prefix_override:/home/mjmck34/Local_Github_Repo/turtle_ws/install/lab3/lib/python3.10/site-packages:${PYTHONPATH} /usr/bin/python3 setup.py egg_info --egg-base ../../build/lab3 build --build-base /home/mjmck34/Local_Github_Repo/turtle_ws/build/lab3/build install --record /home/mjmck34/Local_Github_Repo/turtle_ws/build/lab3/install.log --single-version-externally-managed
[1.972s] running egg_info
[1.979s] writing ../../build/lab3/lab3.egg-info/PKG-INFO
[1.980s] writing dependency_links to ../../build/lab3/lab3.egg-info/dependency_links.txt
[1.980s] writing entry points to ../../build/lab3/lab3.egg-info/entry_points.txt
[1.981s] writing requirements to ../../build/lab3/lab3.egg-info/requires.txt
[1.983s] writing top-level names to ../../build/lab3/lab3.egg-info/top_level.txt
[1.987s] reading manifest file '../../build/lab3/lab3.egg-info/SOURCES.txt'
[1.987s] writing manifest file '../../build/lab3/lab3.egg-info/SOURCES.txt'
[1.987s] running build
[1.987s] running build_py
[1.988s] copying lab3/find_object.py -> /home/mjmck34/Local_Github_Repo/turtle_ws/build/lab3/build/lib/lab3
[1.989s] copying lab3/get_object_range.py -> /home/mjmck34/Local_Github_Repo/turtle_ws/build/lab3/build/lib/lab3
[1.989s] copying lab3/rotate_robot.py -> /home/mjmck34/Local_Github_Repo/turtle_ws/build/lab3/build/lib/lab3
[1.989s] copying lab3/camera_debugger.py -> /home/mjmck34/Local_Github_Repo/turtle_ws/build/lab3/build/lib/lab3
[1.989s] running install
[1.989s] /usr/lib/python3/dist-packages/setuptools/command/install.py:34: SetuptoolsDeprecationWarning: setup.py install is deprecated. Use build and pip and other standards-based tools.
[1.989s]   warnings.warn(
[1.991s] running install_lib
[1.992s] copying /home/mjmck34/Local_Github_Repo/turtle_ws/build/lab3/build/lib/lab3/find_object.py -> /home/mjmck34/Local_Github_Repo/turtle_ws/install/lab3/lib/python3.10/site-packages/lab3
[1.992s] copying /home/mjmck34/Local_Github_Repo/turtle_ws/build/lab3/build/lib/lab3/get_object_range.py -> /home/mjmck34/Local_Github_Repo/turtle_ws/install/lab3/lib/python3.10/site-packages/lab3
[1.992s] copying /home/mjmck34/Local_Github_Repo/turtle_ws/build/lab3/build/lib/lab3/rotate_robot.py -> /home/mjmck34/Local_Github_Repo/turtle_ws/install/lab3/lib/python3.10/site-packages/lab3
[1.992s] copying /home/mjmck34/Local_Github_Repo/turtle_ws/build/lab3/build/lib/lab3/camera_debugger.py -> /home/mjmck34/Local_Github_Repo/turtle_ws/install/lab3/lib/python3.10/site-packages/lab3
[1.994s] byte-compiling /home/mjmck34/Local_Github_Repo/turtle_ws/install/lab3/lib/python3.10/site-packages/lab3/find_object.py to find_object.cpython-310.pyc
[1.994s] byte-compiling /home/mjmck34/Local_Github_Repo/turtle_ws/install/lab3/lib/python3.10/site-packages/lab3/get_object_range.py to get_object_range.cpython-310.pyc
[1.994s] byte-compiling /home/mjmck34/Local_Github_Repo/turtle_ws/install/lab3/lib/python3.10/site-packages/lab3/rotate_robot.py to rotate_robot.cpython-310.pyc
[1.995s] byte-compiling /home/mjmck34/Local_Github_Repo/turtle_ws/install/lab3/lib/python3.10/site-packages/lab3/camera_debugger.py to camera_debugger.cpython-310.pyc
[2.000s] running install_data
[2.001s] copying package.xml -> /home/mjmck34/Local_Github_Repo/turtle_ws/install/lab3/share/lab3
[2.001s] running install_egg_info
[2.001s] removing '/home/mjmck34/Local_Github_Repo/turtle_ws/install/lab3/lib/python3.10/site-packages/lab3-0.0.0-py3.10.egg-info' (and everything under it)
[2.002s] Copying ../../build/lab3/lab3.egg-info to /home/mjmck34/Local_Github_Repo/turtle_ws/install/lab3/lib/python3.10/site-packages/lab3-0.0.0-py3.10.egg-info
[2.002s] running install_scripts
[2.022s] Installing camera_debugger script to /home/mjmck34/Local_Github_Repo/turtle_ws/install/lab3/lib/lab3
[2.049s] Installing find_object script to /home/mjmck34/Local_Github_Repo/turtle_ws/install/lab3/lib/lab3
[2.049s] Installing get_object_range script to /home/mjmck34/Local_Github_Repo/turtle_ws/install/lab3/lib/lab3
[2.049s] Installing rotate_robot script to /home/mjmck34/Local_Github_Repo/turtle_ws/install/lab3/lib/lab3
[2.049s] writing list of installed files to '/home/mjmck34/Local_Github_Repo/turtle_ws/build/lab3/install.log'
[2.098s] Invoked command in '/home/mjmck34/Local_Github_Repo/turtle_ws/src/lab3' returned '0': PYTHONPATH=/home/mjmck34/Local_Github_Repo/turtle_ws/build/lab3/prefix_override:/home/mjmck34/Local_Github_Repo/turtle_ws/install/lab3/lib/python3.10/site-packages:${PYTHONPATH} /usr/bin/python3 setup.py egg_info --egg-base ../../build/lab3 build --build-base /home/mjmck34/Local_Github_Repo/turtle_ws/build/lab3/build install --record /home/mjmck34/Local_Github_Repo/turtle_ws/build/lab3/install.log --single-version-externally-managed
