[1.003s] Invoking command in '/home/jwcho/Desktop/Turtlebot_Labs/turtle_ws/src/lab2': PYTHONPATH=/home/jwcho/Desktop/Turtlebot_Labs/turtle_ws/build/lab2/prefix_override:/home/jwcho/Desktop/Turtlebot_Labs/turtle_ws/install/lab2/lib/python3.10/site-packages:${PYTHONPATH} /usr/bin/python3 setup.py egg_info --egg-base ../../build/lab2 build --build-base /home/jwcho/Desktop/Turtlebot_Labs/turtle_ws/build/lab2/build install --record /home/jwcho/Desktop/Turtlebot_Labs/turtle_ws/build/lab2/install.log --single-version-externally-managed
[1.224s] running egg_info
[1.225s] writing ../../build/lab2/lab2.egg-info/PKG-INFO
[1.225s] writing dependency_links to ../../build/lab2/lab2.egg-info/dependency_links.txt
[1.226s] writing entry points to ../../build/lab2/lab2.egg-info/entry_points.txt
[1.226s] writing requirements to ../../build/lab2/lab2.egg-info/requires.txt
[1.226s] writing top-level names to ../../build/lab2/lab2.egg-info/top_level.txt
[1.228s] reading manifest file '../../build/lab2/lab2.egg-info/SOURCES.txt'
[1.229s] writing manifest file '../../build/lab2/lab2.egg-info/SOURCES.txt'
[1.230s] running build
[1.230s] running build_py
[1.231s] running install
[1.231s] /usr/lib/python3/dist-packages/setuptools/command/install.py:34: SetuptoolsDeprecationWarning: setup.py install is deprecated. Use build and pip and other standards-based tools.
[1.231s]   warnings.warn(
[1.232s] running install_lib
[1.234s] running install_data
[1.234s] running install_egg_info
[1.236s] removing '/home/jwcho/Desktop/Turtlebot_Labs/turtle_ws/install/lab2/lib/python3.10/site-packages/lab2-0.0.0-py3.10.egg-info' (and everything under it)
[1.236s] Copying ../../build/lab2/lab2.egg-info to /home/jwcho/Desktop/Turtlebot_Labs/turtle_ws/install/lab2/lib/python3.10/site-packages/lab2-0.0.0-py3.10.egg-info
[1.237s] running install_scripts
[1.265s] Installing camera_debugger script to /home/jwcho/Desktop/Turtlebot_Labs/turtle_ws/install/lab2/lib/lab2
[1.265s] Installing find_object script to /home/jwcho/Desktop/Turtlebot_Labs/turtle_ws/install/lab2/lib/lab2
[1.265s] Installing get_object_range script to /home/jwcho/Desktop/Turtlebot_Labs/turtle_ws/install/lab2/lib/lab2
[1.265s] Installing rotate_robot script to /home/jwcho/Desktop/Turtlebot_Labs/turtle_ws/install/lab2/lib/lab2
[1.266s] writing list of installed files to '/home/jwcho/Desktop/Turtlebot_Labs/turtle_ws/build/lab2/install.log'
[1.298s] Invoked command in '/home/jwcho/Desktop/Turtlebot_Labs/turtle_ws/src/lab2' returned '0': PYTHONPATH=/home/jwcho/Desktop/Turtlebot_Labs/turtle_ws/build/lab2/prefix_override:/home/jwcho/Desktop/Turtlebot_Labs/turtle_ws/install/lab2/lib/python3.10/site-packages:${PYTHONPATH} /usr/bin/python3 setup.py egg_info --egg-base ../../build/lab2 build --build-base /home/jwcho/Desktop/Turtlebot_Labs/turtle_ws/build/lab2/build install --record /home/jwcho/Desktop/Turtlebot_Labs/turtle_ws/build/lab2/install.log --single-version-externally-managed
