/usr/lib/python3/dist-packages/setuptools/command/install.py:34: SetuptoolsDeprecationWarning: setup.py install is deprecated. Use build and pip and other standards-based tools.
  warnings.warn(
running egg_info
writing ../../build/lab3/lab3.egg-info/PKG-INFO
writing dependency_links to ../../build/lab3/lab3.egg-info/dependency_links.txt
writing entry points to ../../build/lab3/lab3.egg-info/entry_points.txt
writing requirements to ../../build/lab3/lab3.egg-info/requires.txt
writing top-level names to ../../build/lab3/lab3.egg-info/top_level.txt
reading manifest file '../../build/lab3/lab3.egg-info/SOURCES.txt'
writing manifest file '../../build/lab3/lab3.egg-info/SOURCES.txt'
running build
running build_py
running install
running install_lib
running install_data
running install_egg_info
removing '/home/mjmck34/Local_Github_Repo/turtle_ws/install/lab3/lib/python3.10/site-packages/lab3-0.0.0-py3.10.egg-info' (and everything under it)
Copying ../../build/lab3/lab3.egg-info to /home/mjmck34/Local_Github_Repo/turtle_ws/install/lab3/lib/python3.10/site-packages/lab3-0.0.0-py3.10.egg-info
running install_scripts
Installing camera_debugger script to /home/mjmck34/Local_Github_Repo/turtle_ws/install/lab3/lib/lab3
Installing chase_object script to /home/mjmck34/Local_Github_Repo/turtle_ws/install/lab3/lib/lab3
Installing find_object script to /home/mjmck34/Local_Github_Repo/turtle_ws/install/lab3/lib/lab3
Installing get_object_range script to /home/mjmck34/Local_Github_Repo/turtle_ws/install/lab3/lib/lab3
writing list of installed files to '/home/mjmck34/Local_Github_Repo/turtle_ws/build/lab3/install.log'
