[1.258s] DEBUG:colcon:Command line arguments: ['/usr/bin/colcon', 'build']
[1.258s] DEBUG:colcon:Parsed command line arguments: Namespace(log_base=None, log_level=None, verb_name='build', build_base='build', install_base='install', merge_install=False, symlink_install=False, test_result_base=None, continue_on_error=False, executor='parallel', parallel_workers=5, event_handlers=None, ignore_user_meta=False, metas=['./colcon.meta'], base_paths=['.'], packages_ignore=None, packages_ignore_regex=None, paths=None, packages_up_to=None, packages_up_to_regex=None, packages_above=None, packages_above_and_dependencies=None, packages_above_depth=None, packages_select_by_dep=None, packages_skip_by_dep=None, packages_skip_up_to=None, packages_select_build_failed=False, packages_skip_build_finished=False, packages_select_test_failures=False, packages_skip_test_passed=False, packages_select=None, packages_skip=None, packages_select_regex=None, packages_skip_regex=None, packages_start=None, packages_end=None, allow_overriding=[], cmake_args=None, cmake_target=None, cmake_target_skip_unavailable=False, cmake_clean_cache=False, cmake_clean_first=False, cmake_force_configure=False, ament_cmake_args=None, catkin_cmake_args=None, catkin_skip_building_tests=False, verb_parser=<colcon_defaults.argument_parser.defaults.DefaultArgumentsDecorator object at 0x7f41f61f5030>, verb_extension=<colcon_core.verb.build.BuildVerb object at 0x7f41f61f5b10>, main=<bound method BuildVerb.main of <colcon_core.verb.build.BuildVerb object at 0x7f41f61f5b10>>)
[1.315s] Level 1:colcon.colcon_core.package_discovery:discover_packages(colcon_meta) check parameters
[1.315s] Level 1:colcon.colcon_core.package_discovery:discover_packages(recursive) check parameters
[1.316s] Level 1:colcon.colcon_core.package_discovery:discover_packages(ignore) check parameters
[1.316s] Level 1:colcon.colcon_core.package_discovery:discover_packages(path) check parameters
[1.316s] Level 1:colcon.colcon_core.package_discovery:discover_packages(colcon_meta) discover
[1.316s] Level 1:colcon.colcon_core.package_discovery:discover_packages(recursive) discover
[1.317s] INFO:colcon.colcon_core.package_discovery:Crawling recursively for packages in '/home/mjmck34/Local_Github_Repo/turtle_ws'
[1.317s] Level 1:colcon.colcon_core.package_identification:_identify(.) by extensions ['ignore', 'ignore_ament_install']
[1.317s] Level 1:colcon.colcon_core.package_identification:_identify(.) by extension 'ignore'
[1.317s] Level 1:colcon.colcon_core.package_identification:_identify(.) by extension 'ignore_ament_install'
[1.317s] Level 1:colcon.colcon_core.package_identification:_identify(.) by extensions ['colcon_pkg']
[1.318s] Level 1:colcon.colcon_core.package_identification:_identify(.) by extension 'colcon_pkg'
[1.318s] Level 1:colcon.colcon_core.package_identification:_identify(.) by extensions ['colcon_meta']
[1.318s] Level 1:colcon.colcon_core.package_identification:_identify(.) by extension 'colcon_meta'
[1.318s] Level 1:colcon.colcon_core.package_identification:_identify(.) by extensions ['ros']
[1.318s] Level 1:colcon.colcon_core.package_identification:_identify(.) by extension 'ros'
[1.330s] Level 1:colcon.colcon_core.package_identification:_identify(.) by extensions ['cmake', 'python']
[1.330s] Level 1:colcon.colcon_core.package_identification:_identify(.) by extension 'cmake'
[1.330s] Level 1:colcon.colcon_core.package_identification:_identify(.) by extension 'python'
[1.331s] Level 1:colcon.colcon_core.package_identification:_identify(.) by extensions ['python_setup_py']
[1.331s] Level 1:colcon.colcon_core.package_identification:_identify(.) by extension 'python_setup_py'
[1.331s] Level 1:colcon.colcon_core.package_identification:_identify(build) by extensions ['ignore', 'ignore_ament_install']
[1.332s] Level 1:colcon.colcon_core.package_identification:_identify(build) by extension 'ignore'
[1.332s] Level 1:colcon.colcon_core.package_identification:_identify(build) ignored
[1.332s] Level 1:colcon.colcon_core.package_identification:_identify(install) by extensions ['ignore', 'ignore_ament_install']
[1.332s] Level 1:colcon.colcon_core.package_identification:_identify(install) by extension 'ignore'
[1.333s] Level 1:colcon.colcon_core.package_identification:_identify(install) ignored
[1.333s] Level 1:colcon.colcon_core.package_identification:_identify(log) by extensions ['ignore', 'ignore_ament_install']
[1.333s] Level 1:colcon.colcon_core.package_identification:_identify(log) by extension 'ignore'
[1.333s] Level 1:colcon.colcon_core.package_identification:_identify(log) ignored
[1.333s] Level 1:colcon.colcon_core.package_identification:_identify(src) by extensions ['ignore', 'ignore_ament_install']
[1.334s] Level 1:colcon.colcon_core.package_identification:_identify(src) by extension 'ignore'
[1.334s] Level 1:colcon.colcon_core.package_identification:_identify(src) by extension 'ignore_ament_install'
[1.334s] Level 1:colcon.colcon_core.package_identification:_identify(src) by extensions ['colcon_pkg']
[1.334s] Level 1:colcon.colcon_core.package_identification:_identify(src) by extension 'colcon_pkg'
[1.334s] Level 1:colcon.colcon_core.package_identification:_identify(src) by extensions ['colcon_meta']
[1.334s] Level 1:colcon.colcon_core.package_identification:_identify(src) by extension 'colcon_meta'
[1.335s] Level 1:colcon.colcon_core.package_identification:_identify(src) by extensions ['ros']
[1.335s] Level 1:colcon.colcon_core.package_identification:_identify(src) by extension 'ros'
[1.335s] Level 1:colcon.colcon_core.package_identification:_identify(src) by extensions ['cmake', 'python']
[1.335s] Level 1:colcon.colcon_core.package_identification:_identify(src) by extension 'cmake'
[1.336s] Level 1:colcon.colcon_core.package_identification:_identify(src) by extension 'python'
[1.336s] Level 1:colcon.colcon_core.package_identification:_identify(src) by extensions ['python_setup_py']
[1.336s] Level 1:colcon.colcon_core.package_identification:_identify(src) by extension 'python_setup_py'
[1.336s] Level 1:colcon.colcon_core.package_identification:_identify(src/lab2) by extensions ['ignore', 'ignore_ament_install']
[1.336s] Level 1:colcon.colcon_core.package_identification:_identify(src/lab2) by extension 'ignore'
[1.336s] Level 1:colcon.colcon_core.package_identification:_identify(src/lab2) by extension 'ignore_ament_install'
[1.336s] Level 1:colcon.colcon_core.package_identification:_identify(src/lab2) by extensions ['colcon_pkg']
[1.336s] Level 1:colcon.colcon_core.package_identification:_identify(src/lab2) by extension 'colcon_pkg'
[1.336s] Level 1:colcon.colcon_core.package_identification:_identify(src/lab2) by extensions ['colcon_meta']
[1.336s] Level 1:colcon.colcon_core.package_identification:_identify(src/lab2) by extension 'colcon_meta'
[1.336s] Level 1:colcon.colcon_core.package_identification:_identify(src/lab2) by extensions ['ros']
[1.336s] Level 1:colcon.colcon_core.package_identification:_identify(src/lab2) by extension 'ros'
[1.339s] DEBUG:colcon.colcon_core.package_identification:Package 'src/lab2' with type 'ros.ament_python' and name 'lab2'
[1.339s] Level 1:colcon.colcon_core.package_discovery:discover_packages(recursive) using defaults
[1.339s] Level 1:colcon.colcon_core.package_discovery:discover_packages(ignore) discover
[1.339s] Level 1:colcon.colcon_core.package_discovery:discover_packages(ignore) using defaults
[1.339s] Level 1:colcon.colcon_core.package_discovery:discover_packages(path) discover
[1.339s] Level 1:colcon.colcon_core.package_discovery:discover_packages(path) using defaults
[1.455s] Level 1:colcon.colcon_core.package_discovery:discover_packages(prefix_path) check parameters
[1.455s] Level 1:colcon.colcon_core.package_discovery:discover_packages(prefix_path) discover
[1.495s] DEBUG:colcon.colcon_installed_package_information.package_discovery:Found 1 installed packages in /home/mjmck34/Local_Github_Repo/turtle_ws/install
[1.514s] DEBUG:colcon.colcon_installed_package_information.package_discovery:Found 3 installed packages in /home/mjmck34/ros2_ws_version2/install
[1.540s] DEBUG:colcon.colcon_installed_package_information.package_discovery:Found 29 installed packages in /home/mjmck34/ros2_ws_Lab2/install
[1.560s] DEBUG:colcon.colcon_installed_package_information.package_discovery:Found 6 installed packages in /home/mjmck34/install
[1.578s] DEBUG:colcon.colcon_installed_package_information.package_discovery:Found 15 installed packages in /home/mjmck34/turtlebot3_ws/install
[1.598s] DEBUG:colcon.colcon_installed_package_information.package_discovery:Found 389 installed packages in /opt/ros/humble
[1.601s] Level 1:colcon.colcon_core.package_discovery:discover_packages(prefix_path) using defaults
[1.722s] Level 5:colcon.colcon_core.verb:set package 'lab2' build argument 'cmake_args' from command line to 'None'
[1.722s] Level 5:colcon.colcon_core.verb:set package 'lab2' build argument 'cmake_target' from command line to 'None'
[1.722s] Level 5:colcon.colcon_core.verb:set package 'lab2' build argument 'cmake_target_skip_unavailable' from command line to 'False'
[1.722s] Level 5:colcon.colcon_core.verb:set package 'lab2' build argument 'cmake_clean_cache' from command line to 'False'
[1.722s] Level 5:colcon.colcon_core.verb:set package 'lab2' build argument 'cmake_clean_first' from command line to 'False'
[1.722s] Level 5:colcon.colcon_core.verb:set package 'lab2' build argument 'cmake_force_configure' from command line to 'False'
[1.722s] Level 5:colcon.colcon_core.verb:set package 'lab2' build argument 'ament_cmake_args' from command line to 'None'
[1.722s] Level 5:colcon.colcon_core.verb:set package 'lab2' build argument 'catkin_cmake_args' from command line to 'None'
[1.722s] Level 5:colcon.colcon_core.verb:set package 'lab2' build argument 'catkin_skip_building_tests' from command line to 'False'
[1.722s] DEBUG:colcon.colcon_core.verb:Building package 'lab2' with the following arguments: {'ament_cmake_args': None, 'build_base': '/home/mjmck34/Local_Github_Repo/turtle_ws/build/lab2', 'catkin_cmake_args': None, 'catkin_skip_building_tests': False, 'cmake_args': None, 'cmake_clean_cache': False, 'cmake_clean_first': False, 'cmake_force_configure': False, 'cmake_target': None, 'cmake_target_skip_unavailable': False, 'install_base': '/home/mjmck34/Local_Github_Repo/turtle_ws/install/lab2', 'merge_install': False, 'path': '/home/mjmck34/Local_Github_Repo/turtle_ws/src/lab2', 'symlink_install': False, 'test_result_base': None}
[1.744s] INFO:colcon.colcon_core.executor:Executing jobs using 'parallel' executor
[1.764s] DEBUG:colcon.colcon_parallel_executor.executor.parallel:run_until_complete
[1.764s] INFO:colcon.colcon_ros.task.ament_python.build:Building ROS package in '/home/mjmck34/Local_Github_Repo/turtle_ws/src/lab2' with build type 'ament_python'
[1.764s] Level 1:colcon.colcon_core.shell:create_environment_hook('lab2', 'ament_prefix_path')
[1.810s] INFO:colcon.colcon_core.plugin_system:Skipping extension 'colcon_core.shell.bat': Not used on non-Windows systems
[1.810s] INFO:colcon.colcon_core.shell:Creating environment hook '/home/mjmck34/Local_Github_Repo/turtle_ws/install/lab2/share/lab2/hook/ament_prefix_path.ps1'
[1.813s] INFO:colcon.colcon_core.shell:Creating environment descriptor '/home/mjmck34/Local_Github_Repo/turtle_ws/install/lab2/share/lab2/hook/ament_prefix_path.dsv'
[1.814s] INFO:colcon.colcon_core.shell:Creating environment hook '/home/mjmck34/Local_Github_Repo/turtle_ws/install/lab2/share/lab2/hook/ament_prefix_path.sh'
[1.834s] INFO:colcon.colcon_core.shell:Skip shell extension 'powershell' for command environment: Not usable outside of PowerShell
[1.834s] DEBUG:colcon.colcon_core.shell:Skip shell extension 'dsv' for command environment
[2.391s] INFO:colcon.colcon_core.task.python.build:Building Python package in '/home/mjmck34/Local_Github_Repo/turtle_ws/src/lab2'
[2.416s] INFO:colcon.colcon_core.shell:Skip shell extension 'powershell' for command environment: Not usable outside of PowerShell
[2.416s] DEBUG:colcon.colcon_core.shell:Skip shell extension 'dsv' for command environment
[3.731s] DEBUG:colcon.colcon_core.event_handler.log_command:Invoking command in '/home/mjmck34/Local_Github_Repo/turtle_ws/src/lab2': PYTHONPATH=/home/mjmck34/Local_Github_Repo/turtle_ws/build/lab2/prefix_override:/home/mjmck34/Local_Github_Repo/turtle_ws/install/lab2/lib/python3.10/site-packages:${PYTHONPATH} /usr/bin/python3 setup.py egg_info --egg-base ../../build/lab2 build --build-base /home/mjmck34/Local_Github_Repo/turtle_ws/build/lab2/build install --record /home/mjmck34/Local_Github_Repo/turtle_ws/build/lab2/install.log --single-version-externally-managed
[4.108s] DEBUG:colcon.colcon_core.event_handler.log_command:Invoked command in '/home/mjmck34/Local_Github_Repo/turtle_ws/src/lab2' returned '0': PYTHONPATH=/home/mjmck34/Local_Github_Repo/turtle_ws/build/lab2/prefix_override:/home/mjmck34/Local_Github_Repo/turtle_ws/install/lab2/lib/python3.10/site-packages:${PYTHONPATH} /usr/bin/python3 setup.py egg_info --egg-base ../../build/lab2 build --build-base /home/mjmck34/Local_Github_Repo/turtle_ws/build/lab2/build install --record /home/mjmck34/Local_Github_Repo/turtle_ws/build/lab2/install.log --single-version-externally-managed
[4.152s] Level 1:colcon.colcon_core.environment:checking '/home/mjmck34/Local_Github_Repo/turtle_ws/install/lab2' for CMake module files
[4.153s] Level 1:colcon.colcon_core.environment:checking '/home/mjmck34/Local_Github_Repo/turtle_ws/install/lab2' for CMake config files
[4.153s] Level 1:colcon.colcon_core.environment:checking '/home/mjmck34/Local_Github_Repo/turtle_ws/install/lab2/lib'
[4.154s] Level 1:colcon.colcon_core.environment:checking '/home/mjmck34/Local_Github_Repo/turtle_ws/install/lab2/bin'
[4.154s] Level 1:colcon.colcon_core.environment:checking '/home/mjmck34/Local_Github_Repo/turtle_ws/install/lab2/lib/pkgconfig/lab2.pc'
[4.154s] Level 1:colcon.colcon_core.environment:checking '/home/mjmck34/Local_Github_Repo/turtle_ws/install/lab2/lib/python3.10/site-packages'
[4.154s] Level 1:colcon.colcon_core.shell:create_environment_hook('lab2', 'pythonpath')
[4.174s] INFO:colcon.colcon_core.shell:Creating environment hook '/home/mjmck34/Local_Github_Repo/turtle_ws/install/lab2/share/lab2/hook/pythonpath.ps1'
[4.174s] INFO:colcon.colcon_core.shell:Creating environment descriptor '/home/mjmck34/Local_Github_Repo/turtle_ws/install/lab2/share/lab2/hook/pythonpath.dsv'
[4.179s] INFO:colcon.colcon_core.shell:Creating environment hook '/home/mjmck34/Local_Github_Repo/turtle_ws/install/lab2/share/lab2/hook/pythonpath.sh'
[4.180s] Level 1:colcon.colcon_core.environment:checking '/home/mjmck34/Local_Github_Repo/turtle_ws/install/lab2/bin'
[4.180s] Level 1:colcon.colcon_core.environment:create_environment_scripts_only(lab2)
[4.198s] INFO:colcon.colcon_core.shell:Creating package script '/home/mjmck34/Local_Github_Repo/turtle_ws/install/lab2/share/lab2/package.ps1'
[4.200s] INFO:colcon.colcon_core.shell:Creating package descriptor '/home/mjmck34/Local_Github_Repo/turtle_ws/install/lab2/share/lab2/package.dsv'
[4.202s] INFO:colcon.colcon_core.shell:Creating package script '/home/mjmck34/Local_Github_Repo/turtle_ws/install/lab2/share/lab2/package.sh'
[4.206s] INFO:colcon.colcon_core.shell:Creating package script '/home/mjmck34/Local_Github_Repo/turtle_ws/install/lab2/share/lab2/package.bash'
[4.209s] INFO:colcon.colcon_core.shell:Creating package script '/home/mjmck34/Local_Github_Repo/turtle_ws/install/lab2/share/lab2/package.zsh'
[4.211s] Level 1:colcon.colcon_core.environment:create_file_with_runtime_dependencies(/home/mjmck34/Local_Github_Repo/turtle_ws/install/lab2/share/colcon-core/packages/lab2)
[4.214s] DEBUG:colcon.colcon_parallel_executor.executor.parallel:closing loop
[4.215s] DEBUG:colcon.colcon_parallel_executor.executor.parallel:loop closed
[4.215s] DEBUG:colcon.colcon_parallel_executor.executor.parallel:run_until_complete finished with '0'
[4.215s] DEBUG:colcon.colcon_core.event_reactor:joining thread
[4.256s] INFO:colcon.colcon_core.plugin_system:Skipping extension 'colcon_notification.desktop_notification.terminal_notifier': Not used on non-Darwin systems
[4.256s] INFO:colcon.colcon_core.plugin_system:Skipping extension 'colcon_notification.desktop_notification.win32': Not used on non-Windows systems
[4.256s] INFO:colcon.colcon_notification.desktop_notification:Sending desktop notification using 'notify2'
[4.292s] DEBUG:colcon.colcon_core.event_reactor:joined thread
[4.311s] INFO:colcon.colcon_core.shell:Creating prefix script '/home/mjmck34/Local_Github_Repo/turtle_ws/install/local_setup.ps1'
[4.313s] INFO:colcon.colcon_core.shell:Creating prefix util module '/home/mjmck34/Local_Github_Repo/turtle_ws/install/_local_setup_util_ps1.py'
[4.324s] INFO:colcon.colcon_core.shell:Creating prefix chain script '/home/mjmck34/Local_Github_Repo/turtle_ws/install/setup.ps1'
[4.347s] INFO:colcon.colcon_core.shell:Creating prefix script '/home/mjmck34/Local_Github_Repo/turtle_ws/install/local_setup.sh'
[4.356s] INFO:colcon.colcon_core.shell:Creating prefix util module '/home/mjmck34/Local_Github_Repo/turtle_ws/install/_local_setup_util_sh.py'
[4.357s] INFO:colcon.colcon_core.shell:Creating prefix chain script '/home/mjmck34/Local_Github_Repo/turtle_ws/install/setup.sh'
[4.388s] INFO:colcon.colcon_core.shell:Creating prefix script '/home/mjmck34/Local_Github_Repo/turtle_ws/install/local_setup.bash'
[4.390s] INFO:colcon.colcon_core.shell:Creating prefix chain script '/home/mjmck34/Local_Github_Repo/turtle_ws/install/setup.bash'
[4.412s] INFO:colcon.colcon_core.shell:Creating prefix script '/home/mjmck34/Local_Github_Repo/turtle_ws/install/local_setup.zsh'
[4.414s] INFO:colcon.colcon_core.shell:Creating prefix chain script '/home/mjmck34/Local_Github_Repo/turtle_ws/install/setup.zsh'
