running egg_info
writing ../../build/lab2/lab2.egg-info/PKG-INFO
writing dependency_links to ../../build/lab2/lab2.egg-info/dependency_links.txt
writing entry points to ../../build/lab2/lab2.egg-info/entry_points.txt
writing requirements to ../../build/lab2/lab2.egg-info/requires.txt
writing top-level names to ../../build/lab2/lab2.egg-info/top_level.txt
reading manifest file '../../build/lab2/lab2.egg-info/SOURCES.txt'
writing manifest file '../../build/lab2/lab2.egg-info/SOURCES.txt'
running build
running build_py
copying lab2/camera_debugger.py -> /home/jwcho/Desktop/Turtlebot_Labs/turtle_ws/build/lab2/build/lib/lab2
running install
running install_lib
copying /home/jwcho/Desktop/Turtlebot_Labs/turtle_ws/build/lab2/build/lib/lab2/camera_debugger.py -> /home/jwcho/Desktop/Turtlebot_Labs/turtle_ws/install/lab2/lib/python3.10/site-packages/lab2
byte-compiling /home/jwcho/Desktop/Turtlebot_Labs/turtle_ws/install/lab2/lib/python3.10/site-packages/lab2/camera_debugger.py to camera_debugger.cpython-310.pyc
running install_data
running install_egg_info
removing '/home/jwcho/Desktop/Turtlebot_Labs/turtle_ws/install/lab2/lib/python3.10/site-packages/lab2-0.0.0-py3.10.egg-info' (and everything under it)
Copying ../../build/lab2/lab2.egg-info to /home/jwcho/Desktop/Turtlebot_Labs/turtle_ws/install/lab2/lib/python3.10/site-packages/lab2-0.0.0-py3.10.egg-info
running install_scripts
Installing camera_debugger script to /home/jwcho/Desktop/Turtlebot_Labs/turtle_ws/install/lab2/lib/lab2
Installing find_object script to /home/jwcho/Desktop/Turtlebot_Labs/turtle_ws/install/lab2/lib/lab2
Installing get_object_range script to /home/jwcho/Desktop/Turtlebot_Labs/turtle_ws/install/lab2/lib/lab2
Installing rotate_robot script to /home/jwcho/Desktop/Turtlebot_Labs/turtle_ws/install/lab2/lib/lab2
writing list of installed files to '/home/jwcho/Desktop/Turtlebot_Labs/turtle_ws/build/lab2/install.log'
