[0.995s] Invoking command in '/home/jwcho/Desktop/Turtlebot_Labs/turtle_ws/src/lab2': PYTHONPATH=/home/jwcho/Desktop/Turtlebot_Labs/turtle_ws/build/lab2/prefix_override:/home/jwcho/Desktop/Turtlebot_Labs/turtle_ws/install/lab2/lib/python3.10/site-packages:${PYTHONPATH} /usr/bin/python3 setup.py egg_info --egg-base ../../build/lab2 build --build-base /home/jwcho/Desktop/Turtlebot_Labs/turtle_ws/build/lab2/build install --record /home/jwcho/Desktop/Turtlebot_Labs/turtle_ws/build/lab2/install.log --single-version-externally-managed
[1.189s] running egg_info
[1.190s] writing ../../build/lab2/lab2.egg-info/PKG-INFO
[1.190s] writing dependency_links to ../../build/lab2/lab2.egg-info/dependency_links.txt
[1.190s] writing entry points to ../../build/lab2/lab2.egg-info/entry_points.txt
[1.190s] writing requirements to ../../build/lab2/lab2.egg-info/requires.txt
[1.190s] writing top-level names to ../../build/lab2/lab2.egg-info/top_level.txt
[1.192s] reading manifest file '../../build/lab2/lab2.egg-info/SOURCES.txt'
[1.193s] writing manifest file '../../build/lab2/lab2.egg-info/SOURCES.txt'
[1.193s] running build
[1.193s] running build_py
[1.193s] copying lab2/camera_debugger.py -> /home/jwcho/Desktop/Turtlebot_Labs/turtle_ws/build/lab2/build/lib/lab2
[1.193s] running install
[1.194s] /usr/lib/python3/dist-packages/setuptools/command/install.py:34: SetuptoolsDeprecationWarning: setup.py install is deprecated. Use build and pip and other standards-based tools.
[1.194s]   warnings.warn(
[1.195s] running install_lib
[1.195s] copying /home/jwcho/Desktop/Turtlebot_Labs/turtle_ws/build/lab2/build/lib/lab2/camera_debugger.py -> /home/jwcho/Desktop/Turtlebot_Labs/turtle_ws/install/lab2/lib/python3.10/site-packages/lab2
[1.196s] byte-compiling /home/jwcho/Desktop/Turtlebot_Labs/turtle_ws/install/lab2/lib/python3.10/site-packages/lab2/camera_debugger.py to camera_debugger.cpython-310.pyc
[1.196s] running install_data
[1.197s] running install_egg_info
[1.198s] removing '/home/jwcho/Desktop/Turtlebot_Labs/turtle_ws/install/lab2/lib/python3.10/site-packages/lab2-0.0.0-py3.10.egg-info' (and everything under it)
[1.198s] Copying ../../build/lab2/lab2.egg-info to /home/jwcho/Desktop/Turtlebot_Labs/turtle_ws/install/lab2/lib/python3.10/site-packages/lab2-0.0.0-py3.10.egg-info
[1.199s] running install_scripts
[1.217s] Installing camera_debugger script to /home/jwcho/Desktop/Turtlebot_Labs/turtle_ws/install/lab2/lib/lab2
[1.217s] Installing find_object script to /home/jwcho/Desktop/Turtlebot_Labs/turtle_ws/install/lab2/lib/lab2
[1.217s] Installing get_object_range script to /home/jwcho/Desktop/Turtlebot_Labs/turtle_ws/install/lab2/lib/lab2
[1.218s] Installing rotate_robot script to /home/jwcho/Desktop/Turtlebot_Labs/turtle_ws/install/lab2/lib/lab2
[1.218s] writing list of installed files to '/home/jwcho/Desktop/Turtlebot_Labs/turtle_ws/build/lab2/install.log'
[1.241s] Invoked command in '/home/jwcho/Desktop/Turtlebot_Labs/turtle_ws/src/lab2' returned '0': PYTHONPATH=/home/jwcho/Desktop/Turtlebot_Labs/turtle_ws/build/lab2/prefix_override:/home/jwcho/Desktop/Turtlebot_Labs/turtle_ws/install/lab2/lib/python3.10/site-packages:${PYTHONPATH} /usr/bin/python3 setup.py egg_info --egg-base ../../build/lab2 build --build-base /home/jwcho/Desktop/Turtlebot_Labs/turtle_ws/build/lab2/build install --record /home/jwcho/Desktop/Turtlebot_Labs/turtle_ws/build/lab2/install.log --single-version-externally-managed
