[1.664s] DEBUG:colcon:Command line arguments: ['/usr/bin/colcon', 'list', '-p', '--base-paths', '/home/mjmck34/Local_Github_Repo/turtle_ws']
[1.665s] DEBUG:colcon:Parsed command line arguments: Namespace(log_base=None, log_level=None, verb_name='list', build_base='build', ignore_user_meta=False, metas=['./colcon.meta'], base_paths=['/home/mjmck34/Local_Github_Repo/turtle_ws'], packages_ignore=None, packages_ignore_regex=None, paths=None, packages_up_to=None, packages_up_to_regex=None, packages_above=None, packages_above_and_dependencies=None, packages_above_depth=None, packages_select_by_dep=None, packages_skip_by_dep=None, packages_skip_up_to=None, packages_select_build_failed=False, packages_skip_build_finished=False, packages_select_test_failures=False, packages_skip_test_passed=False, packages_select=None, packages_skip=None, packages_select_regex=None, packages_skip_regex=None, packages_start=None, packages_end=None, allow_overriding=[], topological_order=False, names_only=False, paths_only=True, topological_graph=False, topological_graph_dot=False, topological_graph_density=False, topological_graph_legend=False, topological_graph_dot_cluster=False, topological_graph_dot_include_skipped=False, verb_parser=<colcon_defaults.argument_parser.defaults.DefaultArgumentsDecorator object at 0x7f599563bfa0>, verb_extension=<colcon_package_information.verb.list.ListVerb object at 0x7f59957e2680>, main=<bound method ListVerb.main of <colcon_package_information.verb.list.ListVerb object at 0x7f59957e2680>>)
[1.741s] Level 1:colcon.colcon_core.package_discovery:discover_packages(colcon_meta) check parameters
[1.741s] Level 1:colcon.colcon_core.package_discovery:discover_packages(recursive) check parameters
[1.741s] Level 1:colcon.colcon_core.package_discovery:discover_packages(ignore) check parameters
[1.741s] Level 1:colcon.colcon_core.package_discovery:discover_packages(path) check parameters
[1.741s] Level 1:colcon.colcon_core.package_discovery:discover_packages(recursive) discover
[1.742s] INFO:colcon.colcon_core.package_discovery:Crawling recursively for packages in '/home/mjmck34/Local_Github_Repo/turtle_ws'
[1.742s] Level 1:colcon.colcon_core.package_identification:_identify(/home/mjmck34/Local_Github_Repo/turtle_ws) by extensions ['ignore', 'ignore_ament_install']
[1.742s] Level 1:colcon.colcon_core.package_identification:_identify(/home/mjmck34/Local_Github_Repo/turtle_ws) by extension 'ignore'
[1.742s] Level 1:colcon.colcon_core.package_identification:_identify(/home/mjmck34/Local_Github_Repo/turtle_ws) by extension 'ignore_ament_install'
[1.742s] Level 1:colcon.colcon_core.package_identification:_identify(/home/mjmck34/Local_Github_Repo/turtle_ws) by extensions ['colcon_pkg']
[1.743s] Level 1:colcon.colcon_core.package_identification:_identify(/home/mjmck34/Local_Github_Repo/turtle_ws) by extension 'colcon_pkg'
[1.743s] Level 1:colcon.colcon_core.package_identification:_identify(/home/mjmck34/Local_Github_Repo/turtle_ws) by extensions ['colcon_meta']
[1.743s] Level 1:colcon.colcon_core.package_identification:_identify(/home/mjmck34/Local_Github_Repo/turtle_ws) by extension 'colcon_meta'
[1.743s] Level 1:colcon.colcon_core.package_identification:_identify(/home/mjmck34/Local_Github_Repo/turtle_ws) by extensions ['ros']
[1.743s] Level 1:colcon.colcon_core.package_identification:_identify(/home/mjmck34/Local_Github_Repo/turtle_ws) by extension 'ros'
[1.759s] Level 1:colcon.colcon_core.package_identification:_identify(/home/mjmck34/Local_Github_Repo/turtle_ws) by extensions ['cmake', 'python']
[1.759s] Level 1:colcon.colcon_core.package_identification:_identify(/home/mjmck34/Local_Github_Repo/turtle_ws) by extension 'cmake'
[1.759s] Level 1:colcon.colcon_core.package_identification:_identify(/home/mjmck34/Local_Github_Repo/turtle_ws) by extension 'python'
[1.759s] Level 1:colcon.colcon_core.package_identification:_identify(/home/mjmck34/Local_Github_Repo/turtle_ws) by extensions ['python_setup_py']
[1.760s] Level 1:colcon.colcon_core.package_identification:_identify(/home/mjmck34/Local_Github_Repo/turtle_ws) by extension 'python_setup_py'
[1.760s] Level 1:colcon.colcon_core.package_identification:_identify(/home/mjmck34/Local_Github_Repo/turtle_ws/build) by extensions ['ignore', 'ignore_ament_install']
[1.760s] Level 1:colcon.colcon_core.package_identification:_identify(/home/mjmck34/Local_Github_Repo/turtle_ws/build) by extension 'ignore'
[1.760s] Level 1:colcon.colcon_core.package_identification:_identify(/home/mjmck34/Local_Github_Repo/turtle_ws/build) ignored
[1.760s] Level 1:colcon.colcon_core.package_identification:_identify(/home/mjmck34/Local_Github_Repo/turtle_ws/install) by extensions ['ignore', 'ignore_ament_install']
[1.761s] Level 1:colcon.colcon_core.package_identification:_identify(/home/mjmck34/Local_Github_Repo/turtle_ws/install) by extension 'ignore'
[1.761s] Level 1:colcon.colcon_core.package_identification:_identify(/home/mjmck34/Local_Github_Repo/turtle_ws/install) ignored
[1.761s] Level 1:colcon.colcon_core.package_identification:_identify(/home/mjmck34/Local_Github_Repo/turtle_ws/log) by extensions ['ignore', 'ignore_ament_install']
[1.761s] Level 1:colcon.colcon_core.package_identification:_identify(/home/mjmck34/Local_Github_Repo/turtle_ws/log) by extension 'ignore'
[1.762s] Level 1:colcon.colcon_core.package_identification:_identify(/home/mjmck34/Local_Github_Repo/turtle_ws/log) ignored
[1.762s] Level 1:colcon.colcon_core.package_identification:_identify(/home/mjmck34/Local_Github_Repo/turtle_ws/src) by extensions ['ignore', 'ignore_ament_install']
[1.762s] Level 1:colcon.colcon_core.package_identification:_identify(/home/mjmck34/Local_Github_Repo/turtle_ws/src) by extension 'ignore'
[1.762s] Level 1:colcon.colcon_core.package_identification:_identify(/home/mjmck34/Local_Github_Repo/turtle_ws/src) by extension 'ignore_ament_install'
[1.763s] Level 1:colcon.colcon_core.package_identification:_identify(/home/mjmck34/Local_Github_Repo/turtle_ws/src) by extensions ['colcon_pkg']
[1.763s] Level 1:colcon.colcon_core.package_identification:_identify(/home/mjmck34/Local_Github_Repo/turtle_ws/src) by extension 'colcon_pkg'
[1.763s] Level 1:colcon.colcon_core.package_identification:_identify(/home/mjmck34/Local_Github_Repo/turtle_ws/src) by extensions ['colcon_meta']
[1.763s] Level 1:colcon.colcon_core.package_identification:_identify(/home/mjmck34/Local_Github_Repo/turtle_ws/src) by extension 'colcon_meta'
[1.763s] Level 1:colcon.colcon_core.package_identification:_identify(/home/mjmck34/Local_Github_Repo/turtle_ws/src) by extensions ['ros']
[1.763s] Level 1:colcon.colcon_core.package_identification:_identify(/home/mjmck34/Local_Github_Repo/turtle_ws/src) by extension 'ros'
[1.763s] Level 1:colcon.colcon_core.package_identification:_identify(/home/mjmck34/Local_Github_Repo/turtle_ws/src) by extensions ['cmake', 'python']
[1.763s] Level 1:colcon.colcon_core.package_identification:_identify(/home/mjmck34/Local_Github_Repo/turtle_ws/src) by extension 'cmake'
[1.763s] Level 1:colcon.colcon_core.package_identification:_identify(/home/mjmck34/Local_Github_Repo/turtle_ws/src) by extension 'python'
[1.763s] Level 1:colcon.colcon_core.package_identification:_identify(/home/mjmck34/Local_Github_Repo/turtle_ws/src) by extensions ['python_setup_py']
[1.763s] Level 1:colcon.colcon_core.package_identification:_identify(/home/mjmck34/Local_Github_Repo/turtle_ws/src) by extension 'python_setup_py'
[1.764s] Level 1:colcon.colcon_core.package_identification:_identify(/home/mjmck34/Local_Github_Repo/turtle_ws/src/lab2) by extensions ['ignore', 'ignore_ament_install']
[1.764s] Level 1:colcon.colcon_core.package_identification:_identify(/home/mjmck34/Local_Github_Repo/turtle_ws/src/lab2) by extension 'ignore'
[1.764s] Level 1:colcon.colcon_core.package_identification:_identify(/home/mjmck34/Local_Github_Repo/turtle_ws/src/lab2) by extension 'ignore_ament_install'
[1.765s] Level 1:colcon.colcon_core.package_identification:_identify(/home/mjmck34/Local_Github_Repo/turtle_ws/src/lab2) by extensions ['colcon_pkg']
[1.765s] Level 1:colcon.colcon_core.package_identification:_identify(/home/mjmck34/Local_Github_Repo/turtle_ws/src/lab2) by extension 'colcon_pkg'
[1.765s] Level 1:colcon.colcon_core.package_identification:_identify(/home/mjmck34/Local_Github_Repo/turtle_ws/src/lab2) by extensions ['colcon_meta']
[1.765s] Level 1:colcon.colcon_core.package_identification:_identify(/home/mjmck34/Local_Github_Repo/turtle_ws/src/lab2) by extension 'colcon_meta'
[1.765s] Level 1:colcon.colcon_core.package_identification:_identify(/home/mjmck34/Local_Github_Repo/turtle_ws/src/lab2) by extensions ['ros']
[1.765s] Level 1:colcon.colcon_core.package_identification:_identify(/home/mjmck34/Local_Github_Repo/turtle_ws/src/lab2) by extension 'ros'
[1.768s] DEBUG:colcon.colcon_core.package_identification:Package '/home/mjmck34/Local_Github_Repo/turtle_ws/src/lab2' with type 'ros.ament_python' and name 'lab2'
[1.769s] Level 1:colcon.colcon_core.package_identification:_identify(/home/mjmck34/Local_Github_Repo/turtle_ws/src/lab3) by extensions ['ignore', 'ignore_ament_install']
[1.769s] Level 1:colcon.colcon_core.package_identification:_identify(/home/mjmck34/Local_Github_Repo/turtle_ws/src/lab3) by extension 'ignore'
[1.769s] Level 1:colcon.colcon_core.package_identification:_identify(/home/mjmck34/Local_Github_Repo/turtle_ws/src/lab3) by extension 'ignore_ament_install'
[1.769s] Level 1:colcon.colcon_core.package_identification:_identify(/home/mjmck34/Local_Github_Repo/turtle_ws/src/lab3) by extensions ['colcon_pkg']
[1.769s] Level 1:colcon.colcon_core.package_identification:_identify(/home/mjmck34/Local_Github_Repo/turtle_ws/src/lab3) by extension 'colcon_pkg'
[1.769s] Level 1:colcon.colcon_core.package_identification:_identify(/home/mjmck34/Local_Github_Repo/turtle_ws/src/lab3) by extensions ['colcon_meta']
[1.769s] Level 1:colcon.colcon_core.package_identification:_identify(/home/mjmck34/Local_Github_Repo/turtle_ws/src/lab3) by extension 'colcon_meta'
[1.769s] Level 1:colcon.colcon_core.package_identification:_identify(/home/mjmck34/Local_Github_Repo/turtle_ws/src/lab3) by extensions ['ros']
[1.769s] Level 1:colcon.colcon_core.package_identification:_identify(/home/mjmck34/Local_Github_Repo/turtle_ws/src/lab3) by extension 'ros'
[1.770s] DEBUG:colcon.colcon_core.package_identification:Package '/home/mjmck34/Local_Github_Repo/turtle_ws/src/lab3' with type 'ros.ament_python' and name 'lab3'
[1.770s] Level 1:colcon.colcon_core.package_identification:_identify(/home/mjmck34/Local_Github_Repo/turtle_ws/src/lab4) by extensions ['ignore', 'ignore_ament_install']
[1.770s] Level 1:colcon.colcon_core.package_identification:_identify(/home/mjmck34/Local_Github_Repo/turtle_ws/src/lab4) by extension 'ignore'
[1.770s] Level 1:colcon.colcon_core.package_identification:_identify(/home/mjmck34/Local_Github_Repo/turtle_ws/src/lab4) by extension 'ignore_ament_install'
[1.770s] Level 1:colcon.colcon_core.package_identification:_identify(/home/mjmck34/Local_Github_Repo/turtle_ws/src/lab4) by extensions ['colcon_pkg']
[1.770s] Level 1:colcon.colcon_core.package_identification:_identify(/home/mjmck34/Local_Github_Repo/turtle_ws/src/lab4) by extension 'colcon_pkg'
[1.770s] Level 1:colcon.colcon_core.package_identification:_identify(/home/mjmck34/Local_Github_Repo/turtle_ws/src/lab4) by extensions ['colcon_meta']
[1.770s] Level 1:colcon.colcon_core.package_identification:_identify(/home/mjmck34/Local_Github_Repo/turtle_ws/src/lab4) by extension 'colcon_meta'
[1.770s] Level 1:colcon.colcon_core.package_identification:_identify(/home/mjmck34/Local_Github_Repo/turtle_ws/src/lab4) by extensions ['ros']
[1.770s] Level 1:colcon.colcon_core.package_identification:_identify(/home/mjmck34/Local_Github_Repo/turtle_ws/src/lab4) by extension 'ros'
[1.771s] DEBUG:colcon.colcon_core.package_identification:Package '/home/mjmck34/Local_Github_Repo/turtle_ws/src/lab4' with type 'ros.ament_python' and name 'lab4'
[1.771s] Level 1:colcon.colcon_core.package_identification:_identify(/home/mjmck34/Local_Github_Repo/turtle_ws/src/lab5) by extensions ['ignore', 'ignore_ament_install']
[1.771s] Level 1:colcon.colcon_core.package_identification:_identify(/home/mjmck34/Local_Github_Repo/turtle_ws/src/lab5) by extension 'ignore'
[1.771s] Level 1:colcon.colcon_core.package_identification:_identify(/home/mjmck34/Local_Github_Repo/turtle_ws/src/lab5) by extension 'ignore_ament_install'
[1.771s] Level 1:colcon.colcon_core.package_identification:_identify(/home/mjmck34/Local_Github_Repo/turtle_ws/src/lab5) by extensions ['colcon_pkg']
[1.771s] Level 1:colcon.colcon_core.package_identification:_identify(/home/mjmck34/Local_Github_Repo/turtle_ws/src/lab5) by extension 'colcon_pkg'
[1.771s] Level 1:colcon.colcon_core.package_identification:_identify(/home/mjmck34/Local_Github_Repo/turtle_ws/src/lab5) by extensions ['colcon_meta']
[1.771s] Level 1:colcon.colcon_core.package_identification:_identify(/home/mjmck34/Local_Github_Repo/turtle_ws/src/lab5) by extension 'colcon_meta'
[1.772s] Level 1:colcon.colcon_core.package_identification:_identify(/home/mjmck34/Local_Github_Repo/turtle_ws/src/lab5) by extensions ['ros']
[1.772s] Level 1:colcon.colcon_core.package_identification:_identify(/home/mjmck34/Local_Github_Repo/turtle_ws/src/lab5) by extension 'ros'
[1.772s] DEBUG:colcon.colcon_core.package_identification:Package '/home/mjmck34/Local_Github_Repo/turtle_ws/src/lab5' with type 'ros.ament_python' and name 'lab5'
[1.772s] Level 1:colcon.colcon_core.package_discovery:discover_packages(recursive) using defaults
