running egg_info
writing ../../build/lab4/lab4.egg-info/PKG-INFO
writing dependency_links to ../../build/lab4/lab4.egg-info/dependency_links.txt
writing entry points to ../../build/lab4/lab4.egg-info/entry_points.txt
writing requirements to ../../build/lab4/lab4.egg-info/requires.txt
writing top-level names to ../../build/lab4/lab4.egg-info/top_level.txt
reading manifest file '../../build/lab4/lab4.egg-info/SOURCES.txt'
writing manifest file '../../build/lab4/lab4.egg-info/SOURCES.txt'
running build
running build_py
copying lab4/rotation_script.py -> /home/mjmck34/Local_Github_Repo/turtle_ws/build/lab4/build/lib/lab4
copying lab4/print_fixed_odometry.py -> /home/mjmck34/Local_Github_Repo/turtle_ws/build/lab4/build/lib/lab4
running install
/usr/lib/python3/dist-packages/setuptools/command/install.py:34: SetuptoolsDeprecationWarning: setup.py install is deprecated. Use build and pip and other standards-based tools.
  warnings.warn(
running install_lib
copying /home/mjmck34/Local_Github_Repo/turtle_ws/build/lab4/build/lib/lab4/rotation_script.py -> /home/mjmck34/Local_Github_Repo/turtle_ws/install/lab4/lib/python3.10/site-packages/lab4
copying /home/mjmck34/Local_Github_Repo/turtle_ws/build/lab4/build/lib/lab4/print_fixed_odometry.py -> /home/mjmck34/Local_Github_Repo/turtle_ws/install/lab4/lib/python3.10/site-packages/lab4
byte-compiling /home/mjmck34/Local_Github_Repo/turtle_ws/install/lab4/lib/python3.10/site-packages/lab4/rotation_script.py to rotation_script.cpython-310.pyc
byte-compiling /home/mjmck34/Local_Github_Repo/turtle_ws/install/lab4/lib/python3.10/site-packages/lab4/print_fixed_odometry.py to print_fixed_odometry.cpython-310.pyc
running install_data
running install_egg_info
removing '/home/mjmck34/Local_Github_Repo/turtle_ws/install/lab4/lib/python3.10/site-packages/lab4-0.0.0-py3.10.egg-info' (and everything under it)
Copying ../../build/lab4/lab4.egg-info to /home/mjmck34/Local_Github_Repo/turtle_ws/install/lab4/lib/python3.10/site-packages/lab4-0.0.0-py3.10.egg-info
running install_scripts
Installing print_fixed_odometry script to /home/mjmck34/Local_Github_Repo/turtle_ws/install/lab4/lib/lab4
Installing rotation_script script to /home/mjmck34/Local_Github_Repo/turtle_ws/install/lab4/lib/lab4
writing list of installed files to '/home/mjmck34/Local_Github_Repo/turtle_ws/build/lab4/install.log'
