[2.125s] Invoking command in '/home/mjmck34/Local_Github_Repo/turtle_ws/src/lab4': PYTHONPATH=/home/mjmck34/Local_Github_Repo/turtle_ws/build/lab4/prefix_override:/home/mjmck34/Local_Github_Repo/turtle_ws/install/lab4/lib/python3.10/site-packages:${PYTHONPATH} /usr/bin/python3 setup.py egg_info --egg-base ../../build/lab4 build --build-base /home/mjmck34/Local_Github_Repo/turtle_ws/build/lab4/build install --record /home/mjmck34/Local_Github_Repo/turtle_ws/build/lab4/install.log --single-version-externally-managed
[2.452s] running egg_info
[2.454s] writing ../../build/lab4/lab4.egg-info/PKG-INFO
[2.454s] writing dependency_links to ../../build/lab4/lab4.egg-info/dependency_links.txt
[2.455s] writing entry points to ../../build/lab4/lab4.egg-info/entry_points.txt
[2.456s] writing requirements to ../../build/lab4/lab4.egg-info/requires.txt
[2.456s] writing top-level names to ../../build/lab4/lab4.egg-info/top_level.txt
[2.459s] reading manifest file '../../build/lab4/lab4.egg-info/SOURCES.txt'
[2.460s] writing manifest file '../../build/lab4/lab4.egg-info/SOURCES.txt'
[2.461s] running build
[2.463s] running build_py
[2.463s] copying lab4/rotation_script.py -> /home/mjmck34/Local_Github_Repo/turtle_ws/build/lab4/build/lib/lab4
[2.463s] copying lab4/print_fixed_odometry.py -> /home/mjmck34/Local_Github_Repo/turtle_ws/build/lab4/build/lib/lab4
[2.463s] running install
[2.465s] /usr/lib/python3/dist-packages/setuptools/command/install.py:34: SetuptoolsDeprecationWarning: setup.py install is deprecated. Use build and pip and other standards-based tools.
[2.465s]   warnings.warn(
[2.465s] running install_lib
[2.470s] copying /home/mjmck34/Local_Github_Repo/turtle_ws/build/lab4/build/lib/lab4/rotation_script.py -> /home/mjmck34/Local_Github_Repo/turtle_ws/install/lab4/lib/python3.10/site-packages/lab4
[2.470s] copying /home/mjmck34/Local_Github_Repo/turtle_ws/build/lab4/build/lib/lab4/print_fixed_odometry.py -> /home/mjmck34/Local_Github_Repo/turtle_ws/install/lab4/lib/python3.10/site-packages/lab4
[2.471s] byte-compiling /home/mjmck34/Local_Github_Repo/turtle_ws/install/lab4/lib/python3.10/site-packages/lab4/rotation_script.py to rotation_script.cpython-310.pyc
[2.471s] byte-compiling /home/mjmck34/Local_Github_Repo/turtle_ws/install/lab4/lib/python3.10/site-packages/lab4/print_fixed_odometry.py to print_fixed_odometry.cpython-310.pyc
[2.472s] running install_data
[2.473s] running install_egg_info
[2.475s] removing '/home/mjmck34/Local_Github_Repo/turtle_ws/install/lab4/lib/python3.10/site-packages/lab4-0.0.0-py3.10.egg-info' (and everything under it)
[2.475s] Copying ../../build/lab4/lab4.egg-info to /home/mjmck34/Local_Github_Repo/turtle_ws/install/lab4/lib/python3.10/site-packages/lab4-0.0.0-py3.10.egg-info
[2.476s] running install_scripts
[2.503s] Installing print_fixed_odometry script to /home/mjmck34/Local_Github_Repo/turtle_ws/install/lab4/lib/lab4
[2.503s] Installing rotation_script script to /home/mjmck34/Local_Github_Repo/turtle_ws/install/lab4/lib/lab4
[2.503s] writing list of installed files to '/home/mjmck34/Local_Github_Repo/turtle_ws/build/lab4/install.log'
[2.642s] Invoked command in '/home/mjmck34/Local_Github_Repo/turtle_ws/src/lab4' returned '0': PYTHONPATH=/home/mjmck34/Local_Github_Repo/turtle_ws/build/lab4/prefix_override:/home/mjmck34/Local_Github_Repo/turtle_ws/install/lab4/lib/python3.10/site-packages:${PYTHONPATH} /usr/bin/python3 setup.py egg_info --egg-base ../../build/lab4 build --build-base /home/mjmck34/Local_Github_Repo/turtle_ws/build/lab4/build install --record /home/mjmck34/Local_Github_Repo/turtle_ws/build/lab4/install.log --single-version-externally-managed
