[2.487s] Invoking command in '/home/mjmck34/Local_Github_Repo/turtle_ws/src/lab2': PYTHONPATH=/home/mjmck34/Local_Github_Repo/turtle_ws/build/lab2/prefix_override:/home/mjmck34/Local_Github_Repo/turtle_ws/install/lab2/lib/python3.10/site-packages:${PYTHONPATH} /usr/bin/python3 setup.py egg_info --egg-base ../../build/lab2 build --build-base /home/mjmck34/Local_Github_Repo/turtle_ws/build/lab2/build install --record /home/mjmck34/Local_Github_Repo/turtle_ws/build/lab2/install.log --single-version-externally-managed
[2.779s] running egg_info
[2.781s] writing ../../build/lab2/lab2.egg-info/PKG-INFO
[2.788s] writing dependency_links to ../../build/lab2/lab2.egg-info/dependency_links.txt
[2.789s] writing entry points to ../../build/lab2/lab2.egg-info/entry_points.txt
[2.790s] writing requirements to ../../build/lab2/lab2.egg-info/requires.txt
[2.790s] writing top-level names to ../../build/lab2/lab2.egg-info/top_level.txt
[2.794s] /usr/lib/python3/dist-packages/setuptools/command/install.py:34: SetuptoolsDeprecationWarning: setup.py install is deprecated. Use build and pip and other standards-based tools.
[2.794s]   warnings.warn(
[2.794s] reading manifest file '../../build/lab2/lab2.egg-info/SOURCES.txt'
[2.794s] writing manifest file '../../build/lab2/lab2.egg-info/SOURCES.txt'
[2.794s] running build
[2.795s] running build_py
[2.795s] running install
[2.795s] running install_lib
[2.797s] running install_data
[2.798s] running install_egg_info
[2.801s] removing '/home/mjmck34/Local_Github_Repo/turtle_ws/install/lab2/lib/python3.10/site-packages/lab2-0.0.0-py3.10.egg-info' (and everything under it)
[2.801s] Copying ../../build/lab2/lab2.egg-info to /home/mjmck34/Local_Github_Repo/turtle_ws/install/lab2/lib/python3.10/site-packages/lab2-0.0.0-py3.10.egg-info
[2.801s] running install_scripts
[2.827s] Installing camera_debugger script to /home/mjmck34/Local_Github_Repo/turtle_ws/install/lab2/lib/lab2
[2.827s] Installing find_object script to /home/mjmck34/Local_Github_Repo/turtle_ws/install/lab2/lib/lab2
[2.828s] Installing get_object_range script to /home/mjmck34/Local_Github_Repo/turtle_ws/install/lab2/lib/lab2
[2.828s] Installing rotate_robot script to /home/mjmck34/Local_Github_Repo/turtle_ws/install/lab2/lib/lab2
[2.829s] writing list of installed files to '/home/mjmck34/Local_Github_Repo/turtle_ws/build/lab2/install.log'
[2.858s] Invoked command in '/home/mjmck34/Local_Github_Repo/turtle_ws/src/lab2' returned '0': PYTHONPATH=/home/mjmck34/Local_Github_Repo/turtle_ws/build/lab2/prefix_override:/home/mjmck34/Local_Github_Repo/turtle_ws/install/lab2/lib/python3.10/site-packages:${PYTHONPATH} /usr/bin/python3 setup.py egg_info --egg-base ../../build/lab2 build --build-base /home/mjmck34/Local_Github_Repo/turtle_ws/build/lab2/build install --record /home/mjmck34/Local_Github_Repo/turtle_ws/build/lab2/install.log --single-version-externally-managed
