[1.854s] Invoking command in '/home/mjmck34/Local_Github_Repo/turtle_ws/src/lab5': PYTHONPATH=/home/mjmck34/Local_Github_Repo/turtle_ws/src/lab5/build/lab5/prefix_override:/home/mjmck34/Local_Github_Repo/turtle_ws/src/lab5/install/lab5/lib/python3.10/site-packages:${PYTHONPATH} /usr/bin/python3 setup.py egg_info --egg-base build/lab5 build --build-base /home/mjmck34/Local_Github_Repo/turtle_ws/src/lab5/build/lab5/build install --record /home/mjmck34/Local_Github_Repo/turtle_ws/src/lab5/build/lab5/install.log --single-version-externally-managed
[2.154s] running egg_info
[2.158s] creating build/lab5/lab5.egg-info
[2.161s] writing build/lab5/lab5.egg-info/PKG-INFO
[2.163s] writing dependency_links to build/lab5/lab5.egg-info/dependency_links.txt
[2.173s] writing entry points to build/lab5/lab5.egg-info/entry_points.txt
[2.173s] writing requirements to build/lab5/lab5.egg-info/requires.txt
[2.177s] writing top-level names to build/lab5/lab5.egg-info/top_level.txt
[2.177s] writing manifest file 'build/lab5/lab5.egg-info/SOURCES.txt'
[2.178s] reading manifest file 'build/lab5/lab5.egg-info/SOURCES.txt'
[2.178s] writing manifest file 'build/lab5/lab5.egg-info/SOURCES.txt'
[2.179s] running build
[2.179s] running build_py
[2.179s] creating /home/mjmck34/Local_Github_Repo/turtle_ws/src/lab5/build/lab5/build
[2.179s] creating /home/mjmck34/Local_Github_Repo/turtle_ws/src/lab5/build/lab5/build/lib
[2.179s] creating /home/mjmck34/Local_Github_Repo/turtle_ws/src/lab5/build/lab5/build/lib/lab5
[2.179s] copying lab5/__init__.py -> /home/mjmck34/Local_Github_Repo/turtle_ws/src/lab5/build/lab5/build/lib/lab5
[2.180s] running install
[2.180s] /usr/lib/python3/dist-packages/setuptools/command/install.py:34: SetuptoolsDeprecationWarning: setup.py install is deprecated. Use build and pip and other standards-based tools.
[2.180s]   warnings.warn(
[2.180s] running install_lib
[2.183s] creating /home/mjmck34/Local_Github_Repo/turtle_ws/src/lab5/install/lab5/lib/python3.10/site-packages/lab5
[2.183s] copying /home/mjmck34/Local_Github_Repo/turtle_ws/src/lab5/build/lab5/build/lib/lab5/__init__.py -> /home/mjmck34/Local_Github_Repo/turtle_ws/src/lab5/install/lab5/lib/python3.10/site-packages/lab5
[2.183s] byte-compiling /home/mjmck34/Local_Github_Repo/turtle_ws/src/lab5/install/lab5/lib/python3.10/site-packages/lab5/__init__.py to __init__.cpython-310.pyc
[2.183s] running install_data
[2.195s] creating /home/mjmck34/Local_Github_Repo/turtle_ws/src/lab5/install/lab5/share/ament_index
[2.195s] creating /home/mjmck34/Local_Github_Repo/turtle_ws/src/lab5/install/lab5/share/ament_index/resource_index
[2.195s] creating /home/mjmck34/Local_Github_Repo/turtle_ws/src/lab5/install/lab5/share/ament_index/resource_index/packages
[2.195s] copying resource/lab5 -> /home/mjmck34/Local_Github_Repo/turtle_ws/src/lab5/install/lab5/share/ament_index/resource_index/packages
[2.195s] copying package.xml -> /home/mjmck34/Local_Github_Repo/turtle_ws/src/lab5/install/lab5/share/lab5
[2.195s] running install_egg_info
[2.196s] Copying build/lab5/lab5.egg-info to /home/mjmck34/Local_Github_Repo/turtle_ws/src/lab5/install/lab5/lib/python3.10/site-packages/lab5-0.0.0-py3.10.egg-info
[2.198s] running install_scripts
[2.222s] writing list of installed files to '/home/mjmck34/Local_Github_Repo/turtle_ws/src/lab5/build/lab5/install.log'
[2.243s] Invoked command in '/home/mjmck34/Local_Github_Repo/turtle_ws/src/lab5' returned '0': PYTHONPATH=/home/mjmck34/Local_Github_Repo/turtle_ws/src/lab5/build/lab5/prefix_override:/home/mjmck34/Local_Github_Repo/turtle_ws/src/lab5/install/lab5/lib/python3.10/site-packages:${PYTHONPATH} /usr/bin/python3 setup.py egg_info --egg-base build/lab5 build --build-base /home/mjmck34/Local_Github_Repo/turtle_ws/src/lab5/build/lab5/build install --record /home/mjmck34/Local_Github_Repo/turtle_ws/src/lab5/build/lab5/install.log --single-version-externally-managed
